ERROR - 2021-06-23 01:35:36 --> mysqli_sql_exception: CONSTRAINT `CONSTRAINT_1` failed for `tubes_mbsd`.`urus_ktp` in C:\xampp\htdocs\msbd_tubes\system\Database\MySQLi\Connection.php:314
Stack trace:
#0 C:\xampp\htdocs\msbd_tubes\system\Database\MySQLi\Connection.php(314): mysqli->query('INSERT INTO `ur...')
#1 C:\xampp\htdocs\msbd_tubes\system\Database\BaseConnection.php(713): CodeIgniter\Database\MySQLi\Connection->execute('INSERT INTO `ur...')
#2 C:\xampp\htdocs\msbd_tubes\system\Database\BaseConnection.php(641): CodeIgniter\Database\BaseConnection->simpleQuery('INSERT INTO `ur...')
#3 C:\xampp\htdocs\msbd_tubes\system\Database\BaseBuilder.php(2263): CodeIgniter\Database\BaseConnection->query('INSERT INTO `ur...', Array, false)
#4 C:\xampp\htdocs\msbd_tubes\app\Models\KtpModel.php(27): CodeIgniter\Database\BaseBuilder->insert(Array)
#5 C:\xampp\htdocs\msbd_tubes\app\Controllers\Ktp.php(53): App\Models\KtpModel->insertData(Array)
#6 C:\xampp\htdocs\msbd_tubes\system\CodeIgniter.php(936): App\Controllers\Ktp->urusktp()
#7 C:\xampp\htdocs\msbd_tubes\system\CodeIgniter.php(432): CodeIgniter\CodeIgniter->runController(Object(App\Controllers\Ktp))
#8 C:\xampp\htdocs\msbd_tubes\system\CodeIgniter.php(333): CodeIgniter\CodeIgniter->handleRequest(NULL, Object(Config\Cache), false)
#9 C:\xampp\htdocs\msbd_tubes\public\index.php(44): CodeIgniter\CodeIgniter->run()
#10 C:\xampp\htdocs\msbd_tubes\system\Commands\Server\rewrite.php(45): require_once('C:\\xampp\\htdocs...')
#11 {main}
CRITICAL - 2021-06-23 01:35:36 --> CONSTRAINT `CONSTRAINT_1` failed for `tubes_mbsd`.`urus_ktp`
#0 C:\xampp\htdocs\msbd_tubes\system\Database\MySQLi\Connection.php(314): mysqli->query('INSERT INTO `ur...')
#1 C:\xampp\htdocs\msbd_tubes\system\Database\BaseConnection.php(713): CodeIgniter\Database\MySQLi\Connection->execute('INSERT INTO `ur...')
#2 C:\xampp\htdocs\msbd_tubes\system\Database\BaseConnection.php(641): CodeIgniter\Database\BaseConnection->simpleQuery('INSERT INTO `ur...')
#3 C:\xampp\htdocs\msbd_tubes\system\Database\BaseBuilder.php(2263): CodeIgniter\Database\BaseConnection->query('INSERT INTO `ur...', Array, false)
#4 C:\xampp\htdocs\msbd_tubes\app\Models\KtpModel.php(27): CodeIgniter\Database\BaseBuilder->insert(Array)
#5 C:\xampp\htdocs\msbd_tubes\app\Controllers\Ktp.php(53): App\Models\KtpModel->insertData(Array)
#6 C:\xampp\htdocs\msbd_tubes\system\CodeIgniter.php(936): App\Controllers\Ktp->urusktp()
#7 C:\xampp\htdocs\msbd_tubes\system\CodeIgniter.php(432): CodeIgniter\CodeIgniter->runController(Object(App\Controllers\Ktp))
#8 C:\xampp\htdocs\msbd_tubes\system\CodeIgniter.php(333): CodeIgniter\CodeIgniter->handleRequest(NULL, Object(Config\Cache), false)
#9 C:\xampp\htdocs\msbd_tubes\public\index.php(44): CodeIgniter\CodeIgniter->run()
#10 C:\xampp\htdocs\msbd_tubes\system\Commands\Server\rewrite.php(45): require_once('C:\\xampp\\htdocs...')
#11 {main}
ERROR - 2021-06-23 01:36:26 --> mysqli_sql_exception: Duplicate entry '2147483647' for key 'nik' in C:\xampp\htdocs\msbd_tubes\system\Database\MySQLi\Connection.php:314
Stack trace:
#0 C:\xampp\htdocs\msbd_tubes\system\Database\MySQLi\Connection.php(314): mysqli->query('INSERT INTO `ur...')
#1 C:\xampp\htdocs\msbd_tubes\system\Database\BaseConnection.php(713): CodeIgniter\Database\MySQLi\Connection->execute('INSERT INTO `ur...')
#2 C:\xampp\htdocs\msbd_tubes\system\Database\BaseConnection.php(641): CodeIgniter\Database\BaseConnection->simpleQuery('INSERT INTO `ur...')
#3 C:\xampp\htdocs\msbd_tubes\system\Database\BaseBuilder.php(2263): CodeIgniter\Database\BaseConnection->query('INSERT INTO `ur...', Array, false)
#4 C:\xampp\htdocs\msbd_tubes\app\Models\KtpModel.php(27): CodeIgniter\Database\BaseBuilder->insert(Array)
#5 C:\xampp\htdocs\msbd_tubes\app\Controllers\Ktp.php(53): App\Models\KtpModel->insertData(Array)
#6 C:\xampp\htdocs\msbd_tubes\system\CodeIgniter.php(936): App\Controllers\Ktp->urusktp()
#7 C:\xampp\htdocs\msbd_tubes\system\CodeIgniter.php(432): CodeIgniter\CodeIgniter->runController(Object(App\Controllers\Ktp))
#8 C:\xampp\htdocs\msbd_tubes\system\CodeIgniter.php(333): CodeIgniter\CodeIgniter->handleRequest(NULL, Object(Config\Cache), false)
#9 C:\xampp\htdocs\msbd_tubes\public\index.php(44): CodeIgniter\CodeIgniter->run()
#10 C:\xampp\htdocs\msbd_tubes\system\Commands\Server\rewrite.php(45): require_once('C:\\xampp\\htdocs...')
#11 {main}
CRITICAL - 2021-06-23 01:36:26 --> Duplicate entry '2147483647' for key 'nik'
#0 C:\xampp\htdocs\msbd_tubes\system\Database\MySQLi\Connection.php(314): mysqli->query('INSERT INTO `ur...')
#1 C:\xampp\htdocs\msbd_tubes\system\Database\BaseConnection.php(713): CodeIgniter\Database\MySQLi\Connection->execute('INSERT INTO `ur...')
#2 C:\xampp\htdocs\msbd_tubes\system\Database\BaseConnection.php(641): CodeIgniter\Database\BaseConnection->simpleQuery('INSERT INTO `ur...')
#3 C:\xampp\htdocs\msbd_tubes\system\Database\BaseBuilder.php(2263): CodeIgniter\Database\BaseConnection->query('INSERT INTO `ur...', Array, false)
#4 C:\xampp\htdocs\msbd_tubes\app\Models\KtpModel.php(27): CodeIgniter\Database\BaseBuilder->insert(Array)
#5 C:\xampp\htdocs\msbd_tubes\app\Controllers\Ktp.php(53): App\Models\KtpModel->insertData(Array)
#6 C:\xampp\htdocs\msbd_tubes\system\CodeIgniter.php(936): App\Controllers\Ktp->urusktp()
#7 C:\xampp\htdocs\msbd_tubes\system\CodeIgniter.php(432): CodeIgniter\CodeIgniter->runController(Object(App\Controllers\Ktp))
#8 C:\xampp\htdocs\msbd_tubes\system\CodeIgniter.php(333): CodeIgniter\CodeIgniter->handleRequest(NULL, Object(Config\Cache), false)
#9 C:\xampp\htdocs\msbd_tubes\public\index.php(44): CodeIgniter\CodeIgniter->run()
#10 C:\xampp\htdocs\msbd_tubes\system\Commands\Server\rewrite.php(45): require_once('C:\\xampp\\htdocs...')
#11 {main}
ERROR - 2021-06-23 01:40:44 --> mysqli_sql_exception: Cannot add or update a child row: a foreign key constraint fails (`tubes_mbsd`.`log_berita`, CONSTRAINT `log_berita_ibfk_1` FOREIGN KEY (`id_user`) REFERENCES `users` (`id`)) in C:\xampp\htdocs\msbd_tubes\system\Database\MySQLi\Connection.php:314
Stack trace:
#0 C:\xampp\htdocs\msbd_tubes\system\Database\MySQLi\Connection.php(314): mysqli->query('INSERT INTO `be...')
#1 C:\xampp\htdocs\msbd_tubes\system\Database\BaseConnection.php(713): CodeIgniter\Database\MySQLi\Connection->execute('INSERT INTO `be...')
#2 C:\xampp\htdocs\msbd_tubes\system\Database\BaseConnection.php(641): CodeIgniter\Database\BaseConnection->simpleQuery('INSERT INTO `be...')
#3 C:\xampp\htdocs\msbd_tubes\system\Database\BaseBuilder.php(2263): CodeIgniter\Database\BaseConnection->query('INSERT INTO `be...', Array, false)
#4 C:\xampp\htdocs\msbd_tubes\app\Models\BeritaModel.php(34): CodeIgniter\Database\BaseBuilder->insert(Array)
#5 C:\xampp\htdocs\msbd_tubes\app\Controllers\Berita.php(39): App\Models\BeritaModel->insertData(Array)
#6 C:\xampp\htdocs\msbd_tubes\system\CodeIgniter.php(936): App\Controllers\Berita->add()
#7 C:\xampp\htdocs\msbd_tubes\system\CodeIgniter.php(432): CodeIgniter\CodeIgniter->runController(Object(App\Controllers\Berita))
#8 C:\xampp\htdocs\msbd_tubes\system\CodeIgniter.php(333): CodeIgniter\CodeIgniter->handleRequest(NULL, Object(Config\Cache), false)
#9 C:\xampp\htdocs\msbd_tubes\public\index.php(44): CodeIgniter\CodeIgniter->run()
#10 C:\xampp\htdocs\msbd_tubes\system\Commands\Server\rewrite.php(45): require_once('C:\\xampp\\htdocs...')
#11 {main}
CRITICAL - 2021-06-23 01:40:44 --> Cannot add or update a child row: a foreign key constraint fails (`tubes_mbsd`.`log_berita`, CONSTRAINT `log_berita_ibfk_1` FOREIGN KEY (`id_user`) REFERENCES `users` (`id`))
#0 C:\xampp\htdocs\msbd_tubes\system\Database\MySQLi\Connection.php(314): mysqli->query('INSERT INTO `be...')
#1 C:\xampp\htdocs\msbd_tubes\system\Database\BaseConnection.php(713): CodeIgniter\Database\MySQLi\Connection->execute('INSERT INTO `be...')
#2 C:\xampp\htdocs\msbd_tubes\system\Database\BaseConnection.php(641): CodeIgniter\Database\BaseConnection->simpleQuery('INSERT INTO `be...')
#3 C:\xampp\htdocs\msbd_tubes\system\Database\BaseBuilder.php(2263): CodeIgniter\Database\BaseConnection->query('INSERT INTO `be...', Array, false)
#4 C:\xampp\htdocs\msbd_tubes\app\Models\BeritaModel.php(34): CodeIgniter\Database\BaseBuilder->insert(Array)
#5 C:\xampp\htdocs\msbd_tubes\app\Controllers\Berita.php(39): App\Models\BeritaModel->insertData(Array)
#6 C:\xampp\htdocs\msbd_tubes\system\CodeIgniter.php(936): App\Controllers\Berita->add()
#7 C:\xampp\htdocs\msbd_tubes\system\CodeIgniter.php(432): CodeIgniter\CodeIgniter->runController(Object(App\Controllers\Berita))
#8 C:\xampp\htdocs\msbd_tubes\system\CodeIgniter.php(333): CodeIgniter\CodeIgniter->handleRequest(NULL, Object(Config\Cache), false)
#9 C:\xampp\htdocs\msbd_tubes\public\index.php(44): CodeIgniter\CodeIgniter->run()
#10 C:\xampp\htdocs\msbd_tubes\system\Commands\Server\rewrite.php(45): require_once('C:\\xampp\\htdocs...')
#11 {main}
ERROR - 2021-06-23 01:48:57 --> mysqli_sql_exception: Cannot add or update a child row: a foreign key constraint fails (`tubes_mbsd`.`log_berita`, CONSTRAINT `log_berita_ibfk_1` FOREIGN KEY (`id_user`) REFERENCES `users` (`id`)) in C:\xampp\htdocs\msbd_tubes\system\Database\MySQLi\Connection.php:314
Stack trace:
#0 C:\xampp\htdocs\msbd_tubes\system\Database\MySQLi\Connection.php(314): mysqli->query('INSERT INTO `be...')
#1 C:\xampp\htdocs\msbd_tubes\system\Database\BaseConnection.php(713): CodeIgniter\Database\MySQLi\Connection->execute('INSERT INTO `be...')
#2 C:\xampp\htdocs\msbd_tubes\system\Database\BaseConnection.php(641): CodeIgniter\Database\BaseConnection->simpleQuery('INSERT INTO `be...')
#3 C:\xampp\htdocs\msbd_tubes\system\Database\BaseBuilder.php(2263): CodeIgniter\Database\BaseConnection->query('INSERT INTO `be...', Array, false)
#4 C:\xampp\htdocs\msbd_tubes\app\Models\BeritaModel.php(34): CodeIgniter\Database\BaseBuilder->insert(Array)
#5 C:\xampp\htdocs\msbd_tubes\app\Controllers\Berita.php(39): App\Models\BeritaModel->insertData(Array)
#6 C:\xampp\htdocs\msbd_tubes\system\CodeIgniter.php(936): App\Controllers\Berita->add()
#7 C:\xampp\htdocs\msbd_tubes\system\CodeIgniter.php(432): CodeIgniter\CodeIgniter->runController(Object(App\Controllers\Berita))
#8 C:\xampp\htdocs\msbd_tubes\system\CodeIgniter.php(333): CodeIgniter\CodeIgniter->handleRequest(NULL, Object(Config\Cache), false)
#9 C:\xampp\htdocs\msbd_tubes\public\index.php(44): CodeIgniter\CodeIgniter->run()
#10 C:\xampp\htdocs\msbd_tubes\system\Commands\Server\rewrite.php(45): require_once('C:\\xampp\\htdocs...')
#11 {main}
CRITICAL - 2021-06-23 01:48:57 --> Cannot add or update a child row: a foreign key constraint fails (`tubes_mbsd`.`log_berita`, CONSTRAINT `log_berita_ibfk_1` FOREIGN KEY (`id_user`) REFERENCES `users` (`id`))
#0 C:\xampp\htdocs\msbd_tubes\system\Database\MySQLi\Connection.php(314): mysqli->query('INSERT INTO `be...')
#1 C:\xampp\htdocs\msbd_tubes\system\Database\BaseConnection.php(713): CodeIgniter\Database\MySQLi\Connection->execute('INSERT INTO `be...')
#2 C:\xampp\htdocs\msbd_tubes\system\Database\BaseConnection.php(641): CodeIgniter\Database\BaseConnection->simpleQuery('INSERT INTO `be...')
#3 C:\xampp\htdocs\msbd_tubes\system\Database\BaseBuilder.php(2263): CodeIgniter\Database\BaseConnection->query('INSERT INTO `be...', Array, false)
#4 C:\xampp\htdocs\msbd_tubes\app\Models\BeritaModel.php(34): CodeIgniter\Database\BaseBuilder->insert(Array)
#5 C:\xampp\htdocs\msbd_tubes\app\Controllers\Berita.php(39): App\Models\BeritaModel->insertData(Array)
#6 C:\xampp\htdocs\msbd_tubes\system\CodeIgniter.php(936): App\Controllers\Berita->add()
#7 C:\xampp\htdocs\msbd_tubes\system\CodeIgniter.php(432): CodeIgniter\CodeIgniter->runController(Object(App\Controllers\Berita))
#8 C:\xampp\htdocs\msbd_tubes\system\CodeIgniter.php(333): CodeIgniter\CodeIgniter->handleRequest(NULL, Object(Config\Cache), false)
#9 C:\xampp\htdocs\msbd_tubes\public\index.php(44): CodeIgniter\CodeIgniter->run()
#10 C:\xampp\htdocs\msbd_tubes\system\Commands\Server\rewrite.php(45): require_once('C:\\xampp\\htdocs...')
#11 {main}
ERROR - 2021-06-23 01:52:23 --> mysqli_sql_exception: Cannot add or update a child row: a foreign key constraint fails (`tubes_mbsd`.`log_berita`, CONSTRAINT `log_berita_ibfk_1` FOREIGN KEY (`id_berita`) REFERENCES `berita` (`id_berita`)) in C:\xampp\htdocs\msbd_tubes\system\Database\MySQLi\Connection.php:314
Stack trace:
#0 C:\xampp\htdocs\msbd_tubes\system\Database\MySQLi\Connection.php(314): mysqli->query('INSERT INTO `be...')
#1 C:\xampp\htdocs\msbd_tubes\system\Database\BaseConnection.php(713): CodeIgniter\Database\MySQLi\Connection->execute('INSERT INTO `be...')
#2 C:\xampp\htdocs\msbd_tubes\system\Database\BaseConnection.php(641): CodeIgniter\Database\BaseConnection->simpleQuery('INSERT INTO `be...')
#3 C:\xampp\htdocs\msbd_tubes\system\Database\BaseBuilder.php(2263): CodeIgniter\Database\BaseConnection->query('INSERT INTO `be...', Array, false)
#4 C:\xampp\htdocs\msbd_tubes\app\Models\BeritaModel.php(34): CodeIgniter\Database\BaseBuilder->insert(Array)
#5 C:\xampp\htdocs\msbd_tubes\app\Controllers\Berita.php(39): App\Models\BeritaModel->insertData(Array)
#6 C:\xampp\htdocs\msbd_tubes\system\CodeIgniter.php(936): App\Controllers\Berita->add()
#7 C:\xampp\htdocs\msbd_tubes\system\CodeIgniter.php(432): CodeIgniter\CodeIgniter->runController(Object(App\Controllers\Berita))
#8 C:\xampp\htdocs\msbd_tubes\system\CodeIgniter.php(333): CodeIgniter\CodeIgniter->handleRequest(NULL, Object(Config\Cache), false)
#9 C:\xampp\htdocs\msbd_tubes\public\index.php(44): CodeIgniter\CodeIgniter->run()
#10 C:\xampp\htdocs\msbd_tubes\system\Commands\Server\rewrite.php(45): require_once('C:\\xampp\\htdocs...')
#11 {main}
CRITICAL - 2021-06-23 01:52:23 --> Cannot add or update a child row: a foreign key constraint fails (`tubes_mbsd`.`log_berita`, CONSTRAINT `log_berita_ibfk_1` FOREIGN KEY (`id_berita`) REFERENCES `berita` (`id_berita`))
#0 C:\xampp\htdocs\msbd_tubes\system\Database\MySQLi\Connection.php(314): mysqli->query('INSERT INTO `be...')
#1 C:\xampp\htdocs\msbd_tubes\system\Database\BaseConnection.php(713): CodeIgniter\Database\MySQLi\Connection->execute('INSERT INTO `be...')
#2 C:\xampp\htdocs\msbd_tubes\system\Database\BaseConnection.php(641): CodeIgniter\Database\BaseConnection->simpleQuery('INSERT INTO `be...')
#3 C:\xampp\htdocs\msbd_tubes\system\Database\BaseBuilder.php(2263): CodeIgniter\Database\BaseConnection->query('INSERT INTO `be...', Array, false)
#4 C:\xampp\htdocs\msbd_tubes\app\Models\BeritaModel.php(34): CodeIgniter\Database\BaseBuilder->insert(Array)
#5 C:\xampp\htdocs\msbd_tubes\app\Controllers\Berita.php(39): App\Models\BeritaModel->insertData(Array)
#6 C:\xampp\htdocs\msbd_tubes\system\CodeIgniter.php(936): App\Controllers\Berita->add()
#7 C:\xampp\htdocs\msbd_tubes\system\CodeIgniter.php(432): CodeIgniter\CodeIgniter->runController(Object(App\Controllers\Berita))
#8 C:\xampp\htdocs\msbd_tubes\system\CodeIgniter.php(333): CodeIgniter\CodeIgniter->handleRequest(NULL, Object(Config\Cache), false)
#9 C:\xampp\htdocs\msbd_tubes\public\index.php(44): CodeIgniter\CodeIgniter->run()
#10 C:\xampp\htdocs\msbd_tubes\system\Commands\Server\rewrite.php(45): require_once('C:\\xampp\\htdocs...')
#11 {main}
CRITICAL - 2021-06-23 01:55:36 --> Trying to access array offset on value of type null
#0 C:\xampp\htdocs\msbd_tubes\app\Views\template\bacaBerita.php(9): CodeIgniter\Debug\Exceptions->errorHandler(8, 'Trying to acces...', 'C:\\xampp\\htdocs...', 9, Array)
#1 C:\xampp\htdocs\msbd_tubes\system\View\View.php(220): include('C:\\xampp\\htdocs...')
#2 C:\xampp\htdocs\msbd_tubes\system\View\View.php(222): CodeIgniter\View\View->CodeIgniter\View\{closure}()
#3 C:\xampp\htdocs\msbd_tubes\system\Common.php(1217): CodeIgniter\View\View->render('template/bacaBe...', Array, true)
#4 C:\xampp\htdocs\msbd_tubes\app\Controllers\Berita.php(71): view('template/bacaBe...', Array)
#5 C:\xampp\htdocs\msbd_tubes\system\CodeIgniter.php(936): App\Controllers\Berita->detail('apple-touch-ico...')
#6 C:\xampp\htdocs\msbd_tubes\system\CodeIgniter.php(432): CodeIgniter\CodeIgniter->runController(Object(App\Controllers\Berita))
#7 C:\xampp\htdocs\msbd_tubes\system\CodeIgniter.php(333): CodeIgniter\CodeIgniter->handleRequest(NULL, Object(Config\Cache), false)
#8 C:\xampp\htdocs\msbd_tubes\public\index.php(44): CodeIgniter\CodeIgniter->run()
#9 C:\xampp\htdocs\msbd_tubes\system\Commands\Server\rewrite.php(45): require_once('C:\\xampp\\htdocs...')
#10 {main}
