ERROR - 2021-06-08 00:40:46 --> mysqli_sql_exception: Column 'alamat' cannot be null in C:\xampp\htdocs\msbd_tubes\system\Database\MySQLi\Connection.php:314
Stack trace:
#0 C:\xampp\htdocs\msbd_tubes\system\Database\MySQLi\Connection.php(314): mysqli->query('INSERT INTO `ur...')
#1 C:\xampp\htdocs\msbd_tubes\system\Database\BaseConnection.php(713): CodeIgniter\Database\MySQLi\Connection->execute('INSERT INTO `ur...')
#2 C:\xampp\htdocs\msbd_tubes\system\Database\BaseConnection.php(641): CodeIgniter\Database\BaseConnection->simpleQuery('INSERT INTO `ur...')
#3 C:\xampp\htdocs\msbd_tubes\system\Database\BaseBuilder.php(2263): CodeIgniter\Database\BaseConnection->query('INSERT INTO `ur...', Array, false)
#4 C:\xampp\htdocs\msbd_tubes\app\Models\CeraiModel.php(27): CodeIgniter\Database\BaseBuilder->insert(Array)
#5 C:\xampp\htdocs\msbd_tubes\app\Controllers\Cerai.php(70): App\Models\CeraiModel->insertData(Array)
#6 C:\xampp\htdocs\msbd_tubes\system\CodeIgniter.php(936): App\Controllers\Cerai->uruscerai()
#7 C:\xampp\htdocs\msbd_tubes\system\CodeIgniter.php(432): CodeIgniter\CodeIgniter->runController(Object(App\Controllers\Cerai))
#8 C:\xampp\htdocs\msbd_tubes\system\CodeIgniter.php(333): CodeIgniter\CodeIgniter->handleRequest(NULL, Object(Config\Cache), false)
#9 C:\xampp\htdocs\msbd_tubes\public\index.php(44): CodeIgniter\CodeIgniter->run()
#10 C:\xampp\htdocs\msbd_tubes\system\Commands\Server\rewrite.php(45): require_once('C:\\xampp\\htdocs...')
#11 {main}
CRITICAL - 2021-06-08 00:40:46 --> Column 'alamat' cannot be null
#0 C:\xampp\htdocs\msbd_tubes\system\Database\MySQLi\Connection.php(314): mysqli->query('INSERT INTO `ur...')
#1 C:\xampp\htdocs\msbd_tubes\system\Database\BaseConnection.php(713): CodeIgniter\Database\MySQLi\Connection->execute('INSERT INTO `ur...')
#2 C:\xampp\htdocs\msbd_tubes\system\Database\BaseConnection.php(641): CodeIgniter\Database\BaseConnection->simpleQuery('INSERT INTO `ur...')
#3 C:\xampp\htdocs\msbd_tubes\system\Database\BaseBuilder.php(2263): CodeIgniter\Database\BaseConnection->query('INSERT INTO `ur...', Array, false)
#4 C:\xampp\htdocs\msbd_tubes\app\Models\CeraiModel.php(27): CodeIgniter\Database\BaseBuilder->insert(Array)
#5 C:\xampp\htdocs\msbd_tubes\app\Controllers\Cerai.php(70): App\Models\CeraiModel->insertData(Array)
#6 C:\xampp\htdocs\msbd_tubes\system\CodeIgniter.php(936): App\Controllers\Cerai->uruscerai()
#7 C:\xampp\htdocs\msbd_tubes\system\CodeIgniter.php(432): CodeIgniter\CodeIgniter->runController(Object(App\Controllers\Cerai))
#8 C:\xampp\htdocs\msbd_tubes\system\CodeIgniter.php(333): CodeIgniter\CodeIgniter->handleRequest(NULL, Object(Config\Cache), false)
#9 C:\xampp\htdocs\msbd_tubes\public\index.php(44): CodeIgniter\CodeIgniter->run()
#10 C:\xampp\htdocs\msbd_tubes\system\Commands\Server\rewrite.php(45): require_once('C:\\xampp\\htdocs...')
#11 {main}
ERROR - 2021-06-08 00:41:12 --> mysqli_sql_exception: Column 'alamat' cannot be null in C:\xampp\htdocs\msbd_tubes\system\Database\MySQLi\Connection.php:314
Stack trace:
#0 C:\xampp\htdocs\msbd_tubes\system\Database\MySQLi\Connection.php(314): mysqli->query('INSERT INTO `ur...')
#1 C:\xampp\htdocs\msbd_tubes\system\Database\BaseConnection.php(713): CodeIgniter\Database\MySQLi\Connection->execute('INSERT INTO `ur...')
#2 C:\xampp\htdocs\msbd_tubes\system\Database\BaseConnection.php(641): CodeIgniter\Database\BaseConnection->simpleQuery('INSERT INTO `ur...')
#3 C:\xampp\htdocs\msbd_tubes\system\Database\BaseBuilder.php(2263): CodeIgniter\Database\BaseConnection->query('INSERT INTO `ur...', Array, false)
#4 C:\xampp\htdocs\msbd_tubes\app\Models\CeraiModel.php(27): CodeIgniter\Database\BaseBuilder->insert(Array)
#5 C:\xampp\htdocs\msbd_tubes\app\Controllers\Cerai.php(70): App\Models\CeraiModel->insertData(Array)
#6 C:\xampp\htdocs\msbd_tubes\system\CodeIgniter.php(936): App\Controllers\Cerai->uruscerai()
#7 C:\xampp\htdocs\msbd_tubes\system\CodeIgniter.php(432): CodeIgniter\CodeIgniter->runController(Object(App\Controllers\Cerai))
#8 C:\xampp\htdocs\msbd_tubes\system\CodeIgniter.php(333): CodeIgniter\CodeIgniter->handleRequest(NULL, Object(Config\Cache), false)
#9 C:\xampp\htdocs\msbd_tubes\public\index.php(44): CodeIgniter\CodeIgniter->run()
#10 C:\xampp\htdocs\msbd_tubes\system\Commands\Server\rewrite.php(45): require_once('C:\\xampp\\htdocs...')
#11 {main}
CRITICAL - 2021-06-08 00:41:12 --> Column 'alamat' cannot be null
#0 C:\xampp\htdocs\msbd_tubes\system\Database\MySQLi\Connection.php(314): mysqli->query('INSERT INTO `ur...')
#1 C:\xampp\htdocs\msbd_tubes\system\Database\BaseConnection.php(713): CodeIgniter\Database\MySQLi\Connection->execute('INSERT INTO `ur...')
#2 C:\xampp\htdocs\msbd_tubes\system\Database\BaseConnection.php(641): CodeIgniter\Database\BaseConnection->simpleQuery('INSERT INTO `ur...')
#3 C:\xampp\htdocs\msbd_tubes\system\Database\BaseBuilder.php(2263): CodeIgniter\Database\BaseConnection->query('INSERT INTO `ur...', Array, false)
#4 C:\xampp\htdocs\msbd_tubes\app\Models\CeraiModel.php(27): CodeIgniter\Database\BaseBuilder->insert(Array)
#5 C:\xampp\htdocs\msbd_tubes\app\Controllers\Cerai.php(70): App\Models\CeraiModel->insertData(Array)
#6 C:\xampp\htdocs\msbd_tubes\system\CodeIgniter.php(936): App\Controllers\Cerai->uruscerai()
#7 C:\xampp\htdocs\msbd_tubes\system\CodeIgniter.php(432): CodeIgniter\CodeIgniter->runController(Object(App\Controllers\Cerai))
#8 C:\xampp\htdocs\msbd_tubes\system\CodeIgniter.php(333): CodeIgniter\CodeIgniter->handleRequest(NULL, Object(Config\Cache), false)
#9 C:\xampp\htdocs\msbd_tubes\public\index.php(44): CodeIgniter\CodeIgniter->run()
#10 C:\xampp\htdocs\msbd_tubes\system\Commands\Server\rewrite.php(45): require_once('C:\\xampp\\htdocs...')
#11 {main}
