CRITICAL - 2021-06-03 00:57:45 --> Call to undefined function in_group()
#0 C:\xampp\htdocs\msbd\app\Views\sidebar\warga.php(2): include()
#1 C:\xampp\htdocs\msbd\system\View\View.php(220): include('C:\\xampp\\htdocs...')
#2 C:\xampp\htdocs\msbd\system\View\View.php(222): CodeIgniter\View\View->CodeIgniter\View\{closure}()
#3 C:\xampp\htdocs\msbd\system\Common.php(1217): CodeIgniter\View\View->render('sidebar/warga', Array, true)
#4 C:\xampp\htdocs\msbd\app\Controllers\Warga.php(8): view('sidebar/warga')
#5 C:\xampp\htdocs\msbd\system\CodeIgniter.php(936): App\Controllers\Warga->index()
#6 C:\xampp\htdocs\msbd\system\CodeIgniter.php(432): CodeIgniter\CodeIgniter->runController(Object(App\Controllers\Warga))
#7 C:\xampp\htdocs\msbd\system\CodeIgniter.php(333): CodeIgniter\CodeIgniter->handleRequest(NULL, Object(Config\Cache), false)
#8 C:\xampp\htdocs\msbd\public\index.php(44): CodeIgniter\CodeIgniter->run()
#9 C:\xampp\htdocs\msbd\system\Commands\Server\rewrite.php(45): require_once('C:\\xampp\\htdocs...')
#10 {main}
CRITICAL - 2021-06-03 01:06:38 --> syntax error, unexpected '}', expecting ';'
#0 C:\xampp\htdocs\msbd\system\Router\Router.php(170): CodeIgniter\Router\Router->autoRoute('admin')
#1 C:\xampp\htdocs\msbd\system\CodeIgniter.php(816): CodeIgniter\Router\Router->handle('admin')
#2 C:\xampp\htdocs\msbd\system\CodeIgniter.php(385): CodeIgniter\CodeIgniter->tryToRouteIt(Object(CodeIgniter\Router\RouteCollection))
#3 C:\xampp\htdocs\msbd\system\CodeIgniter.php(333): CodeIgniter\CodeIgniter->handleRequest(NULL, Object(Config\Cache), false)
#4 C:\xampp\htdocs\msbd\public\index.php(44): CodeIgniter\CodeIgniter->run()
#5 C:\xampp\htdocs\msbd\system\Commands\Server\rewrite.php(45): require_once('C:\\xampp\\htdocs...')
#6 {main}
CRITICAL - 2021-06-03 01:07:00 --> include(head.php): failed to open stream: No such file or directory
#0 C:\xampp\htdocs\msbd\app\Views\admin\index.php(2): CodeIgniter\Debug\Exceptions->errorHandler(2, 'include(head.ph...', 'C:\\xampp\\htdocs...', 2, Array)
#1 C:\xampp\htdocs\msbd\app\Views\admin\index.php(2): include()
#2 C:\xampp\htdocs\msbd\system\View\View.php(220): include('C:\\xampp\\htdocs...')
#3 C:\xampp\htdocs\msbd\system\View\View.php(222): CodeIgniter\View\View->CodeIgniter\View\{closure}()
#4 C:\xampp\htdocs\msbd\system\Common.php(1217): CodeIgniter\View\View->render('admin/index', Array, true)
#5 C:\xampp\htdocs\msbd\app\Controllers\Admin.php(9): view('admin/index')
#6 C:\xampp\htdocs\msbd\system\CodeIgniter.php(936): App\Controllers\Admin->index()
#7 C:\xampp\htdocs\msbd\system\CodeIgniter.php(432): CodeIgniter\CodeIgniter->runController(Object(App\Controllers\Admin))
#8 C:\xampp\htdocs\msbd\system\CodeIgniter.php(333): CodeIgniter\CodeIgniter->handleRequest(NULL, Object(Config\Cache), false)
#9 C:\xampp\htdocs\msbd\public\index.php(44): CodeIgniter\CodeIgniter->run()
#10 C:\xampp\htdocs\msbd\system\Commands\Server\rewrite.php(45): require_once('C:\\xampp\\htdocs...')
#11 {main}
CRITICAL - 2021-06-03 01:09:25 --> include(head.php): failed to open stream: No such file or directory
#0 C:\xampp\htdocs\msbd\app\Views\admin\index.php(2): CodeIgniter\Debug\Exceptions->errorHandler(2, 'include(head.ph...', 'C:\\xampp\\htdocs...', 2, Array)
#1 C:\xampp\htdocs\msbd\app\Views\admin\index.php(2): include()
#2 C:\xampp\htdocs\msbd\system\View\View.php(220): include('C:\\xampp\\htdocs...')
#3 C:\xampp\htdocs\msbd\system\View\View.php(222): CodeIgniter\View\View->CodeIgniter\View\{closure}()
#4 C:\xampp\htdocs\msbd\system\Common.php(1217): CodeIgniter\View\View->render('admin/index', Array, true)
#5 C:\xampp\htdocs\msbd\app\Controllers\Admin.php(9): view('admin/index')
#6 C:\xampp\htdocs\msbd\system\CodeIgniter.php(936): App\Controllers\Admin->index()
#7 C:\xampp\htdocs\msbd\system\CodeIgniter.php(432): CodeIgniter\CodeIgniter->runController(Object(App\Controllers\Admin))
#8 C:\xampp\htdocs\msbd\system\CodeIgniter.php(333): CodeIgniter\CodeIgniter->handleRequest(NULL, Object(Config\Cache), false)
#9 C:\xampp\htdocs\msbd\public\index.php(44): CodeIgniter\CodeIgniter->run()
#10 C:\xampp\htdocs\msbd\system\Commands\Server\rewrite.php(45): require_once('C:\\xampp\\htdocs...')
#11 {main}
CRITICAL - 2021-06-03 01:09:44 --> include(head.php): failed to open stream: No such file or directory
#0 C:\xampp\htdocs\msbd\app\Views\admin\index.php(2): CodeIgniter\Debug\Exceptions->errorHandler(2, 'include(head.ph...', 'C:\\xampp\\htdocs...', 2, Array)
#1 C:\xampp\htdocs\msbd\app\Views\admin\index.php(2): include()
#2 C:\xampp\htdocs\msbd\system\View\View.php(220): include('C:\\xampp\\htdocs...')
#3 C:\xampp\htdocs\msbd\system\View\View.php(222): CodeIgniter\View\View->CodeIgniter\View\{closure}()
#4 C:\xampp\htdocs\msbd\system\Common.php(1217): CodeIgniter\View\View->render('admin/index', Array, true)
#5 C:\xampp\htdocs\msbd\app\Controllers\Admin.php(9): view('admin/index')
#6 C:\xampp\htdocs\msbd\system\CodeIgniter.php(936): App\Controllers\Admin->index()
#7 C:\xampp\htdocs\msbd\system\CodeIgniter.php(432): CodeIgniter\CodeIgniter->runController(Object(App\Controllers\Admin))
#8 C:\xampp\htdocs\msbd\system\CodeIgniter.php(333): CodeIgniter\CodeIgniter->handleRequest(NULL, Object(Config\Cache), false)
#9 C:\xampp\htdocs\msbd\public\index.php(44): CodeIgniter\CodeIgniter->run()
#10 C:\xampp\htdocs\msbd\system\Commands\Server\rewrite.php(45): require_once('C:\\xampp\\htdocs...')
#11 {main}
CRITICAL - 2021-06-03 01:10:37 --> include(head.php): failed to open stream: No such file or directory
#0 C:\xampp\htdocs\msbd\app\Views\admin\index.php(2): CodeIgniter\Debug\Exceptions->errorHandler(2, 'include(head.ph...', 'C:\\xampp\\htdocs...', 2, Array)
#1 C:\xampp\htdocs\msbd\app\Views\admin\index.php(2): include()
#2 C:\xampp\htdocs\msbd\system\View\View.php(220): include('C:\\xampp\\htdocs...')
#3 C:\xampp\htdocs\msbd\system\View\View.php(222): CodeIgniter\View\View->CodeIgniter\View\{closure}()
#4 C:\xampp\htdocs\msbd\system\Common.php(1217): CodeIgniter\View\View->render('admin/index', Array, true)
#5 C:\xampp\htdocs\msbd\app\Controllers\Admin.php(9): view('admin/index')
#6 C:\xampp\htdocs\msbd\system\CodeIgniter.php(936): App\Controllers\Admin->index()
#7 C:\xampp\htdocs\msbd\system\CodeIgniter.php(432): CodeIgniter\CodeIgniter->runController(Object(App\Controllers\Admin))
#8 C:\xampp\htdocs\msbd\system\CodeIgniter.php(333): CodeIgniter\CodeIgniter->handleRequest(NULL, Object(Config\Cache), false)
#9 C:\xampp\htdocs\msbd\public\index.php(44): CodeIgniter\CodeIgniter->run()
#10 C:\xampp\htdocs\msbd\system\Commands\Server\rewrite.php(45): require_once('C:\\xampp\\htdocs...')
#11 {main}
CRITICAL - 2021-06-03 01:10:41 --> include(head.php): failed to open stream: No such file or directory
#0 C:\xampp\htdocs\msbd\app\Views\admin\index.php(2): CodeIgniter\Debug\Exceptions->errorHandler(2, 'include(head.ph...', 'C:\\xampp\\htdocs...', 2, Array)
#1 C:\xampp\htdocs\msbd\app\Views\admin\index.php(2): include()
#2 C:\xampp\htdocs\msbd\system\View\View.php(220): include('C:\\xampp\\htdocs...')
#3 C:\xampp\htdocs\msbd\system\View\View.php(222): CodeIgniter\View\View->CodeIgniter\View\{closure}()
#4 C:\xampp\htdocs\msbd\system\Common.php(1217): CodeIgniter\View\View->render('admin/index', Array, true)
#5 C:\xampp\htdocs\msbd\app\Controllers\Admin.php(9): view('admin/index')
#6 C:\xampp\htdocs\msbd\system\CodeIgniter.php(936): App\Controllers\Admin->index()
#7 C:\xampp\htdocs\msbd\system\CodeIgniter.php(432): CodeIgniter\CodeIgniter->runController(Object(App\Controllers\Admin))
#8 C:\xampp\htdocs\msbd\system\CodeIgniter.php(333): CodeIgniter\CodeIgniter->handleRequest(NULL, Object(Config\Cache), false)
#9 C:\xampp\htdocs\msbd\public\index.php(44): CodeIgniter\CodeIgniter->run()
#10 C:\xampp\htdocs\msbd\system\Commands\Server\rewrite.php(45): require_once('C:\\xampp\\htdocs...')
#11 {main}
CRITICAL - 2021-06-03 01:10:51 --> include(head.php): failed to open stream: No such file or directory
#0 C:\xampp\htdocs\msbd\app\Views\admin\index.php(2): CodeIgniter\Debug\Exceptions->errorHandler(2, 'include(head.ph...', 'C:\\xampp\\htdocs...', 2, Array)
#1 C:\xampp\htdocs\msbd\app\Views\admin\index.php(2): include()
#2 C:\xampp\htdocs\msbd\system\View\View.php(220): include('C:\\xampp\\htdocs...')
#3 C:\xampp\htdocs\msbd\system\View\View.php(222): CodeIgniter\View\View->CodeIgniter\View\{closure}()
#4 C:\xampp\htdocs\msbd\system\Common.php(1217): CodeIgniter\View\View->render('admin/index', Array, true)
#5 C:\xampp\htdocs\msbd\app\Controllers\Admin.php(9): view('admin/index')
#6 C:\xampp\htdocs\msbd\system\CodeIgniter.php(936): App\Controllers\Admin->index()
#7 C:\xampp\htdocs\msbd\system\CodeIgniter.php(432): CodeIgniter\CodeIgniter->runController(Object(App\Controllers\Admin))
#8 C:\xampp\htdocs\msbd\system\CodeIgniter.php(333): CodeIgniter\CodeIgniter->handleRequest(NULL, Object(Config\Cache), false)
#9 C:\xampp\htdocs\msbd\public\index.php(44): CodeIgniter\CodeIgniter->run()
#10 C:\xampp\htdocs\msbd\system\Commands\Server\rewrite.php(45): require_once('C:\\xampp\\htdocs...')
#11 {main}
CRITICAL - 2021-06-03 01:11:20 --> include(footer.php): failed to open stream: No such file or directory
#0 C:\xampp\htdocs\msbd\app\Views\admin\index.php(626): CodeIgniter\Debug\Exceptions->errorHandler(2, 'include(footer....', 'C:\\xampp\\htdocs...', 626, Array)
#1 C:\xampp\htdocs\msbd\app\Views\admin\index.php(626): include()
#2 C:\xampp\htdocs\msbd\system\View\View.php(220): include('C:\\xampp\\htdocs...')
#3 C:\xampp\htdocs\msbd\system\View\View.php(222): CodeIgniter\View\View->CodeIgniter\View\{closure}()
#4 C:\xampp\htdocs\msbd\system\Common.php(1217): CodeIgniter\View\View->render('admin/index', Array, true)
#5 C:\xampp\htdocs\msbd\app\Controllers\Admin.php(9): view('admin/index')
#6 C:\xampp\htdocs\msbd\system\CodeIgniter.php(936): App\Controllers\Admin->index()
#7 C:\xampp\htdocs\msbd\system\CodeIgniter.php(432): CodeIgniter\CodeIgniter->runController(Object(App\Controllers\Admin))
#8 C:\xampp\htdocs\msbd\system\CodeIgniter.php(333): CodeIgniter\CodeIgniter->handleRequest(NULL, Object(Config\Cache), false)
#9 C:\xampp\htdocs\msbd\public\index.php(44): CodeIgniter\CodeIgniter->run()
#10 C:\xampp\htdocs\msbd\system\Commands\Server\rewrite.php(45): require_once('C:\\xampp\\htdocs...')
#11 {main}
CRITICAL - 2021-06-03 01:39:41 --> Invalid file: user/surat.php
#0 C:\xampp\htdocs\msbd\system\View\View.php(203): CodeIgniter\Exceptions\FrameworkException::forInvalidFile('user/surat.php')
#1 C:\xampp\htdocs\msbd\system\Common.php(1217): CodeIgniter\View\View->render('user/surat', Array, true)
#2 C:\xampp\htdocs\msbd\app\Controllers\User.php(13): view('user/surat')
#3 C:\xampp\htdocs\msbd\system\CodeIgniter.php(936): App\Controllers\User->surat()
#4 C:\xampp\htdocs\msbd\system\CodeIgniter.php(432): CodeIgniter\CodeIgniter->runController(Object(App\Controllers\User))
#5 C:\xampp\htdocs\msbd\system\CodeIgniter.php(333): CodeIgniter\CodeIgniter->handleRequest(NULL, Object(Config\Cache), false)
#6 C:\xampp\htdocs\msbd\public\index.php(44): CodeIgniter\CodeIgniter->run()
#7 C:\xampp\htdocs\msbd\system\Commands\Server\rewrite.php(45): require_once('C:\\xampp\\htdocs...')
#8 {main}
CRITICAL - 2021-06-03 01:40:10 --> Invalid file: sidebar/.php
#0 C:\xampp\htdocs\msbd\system\View\View.php(203): CodeIgniter\Exceptions\FrameworkException::forInvalidFile('sidebar/.php')
#1 C:\xampp\htdocs\msbd\system\Common.php(1217): CodeIgniter\View\View->render('sidebar/', Array, true)
#2 C:\xampp\htdocs\msbd\app\Controllers\User.php(13): view('sidebar/')
#3 C:\xampp\htdocs\msbd\system\CodeIgniter.php(936): App\Controllers\User->surat()
#4 C:\xampp\htdocs\msbd\system\CodeIgniter.php(432): CodeIgniter\CodeIgniter->runController(Object(App\Controllers\User))
#5 C:\xampp\htdocs\msbd\system\CodeIgniter.php(333): CodeIgniter\CodeIgniter->handleRequest(NULL, Object(Config\Cache), false)
#6 C:\xampp\htdocs\msbd\public\index.php(44): CodeIgniter\CodeIgniter->run()
#7 C:\xampp\htdocs\msbd\system\Commands\Server\rewrite.php(45): require_once('C:\\xampp\\htdocs...')
#8 {main}
CRITICAL - 2021-06-03 02:06:22 --> Declaration of Myth\Auth\Filters\RoleFilter::after(CodeIgniter\HTTP\RequestInterface $request, CodeIgniter\HTTP\ResponseInterface $response) must be compatible with CodeIgniter\Filters\FilterInterface::after(CodeIgniter\HTTP\RequestInterface $request, CodeIgniter\HTTP\ResponseInterface $response, $arguments = NULL)
#0 [internal function]: CodeIgniter\Debug\Exceptions->shutdownHandler()
#1 {main}
CRITICAL - 2021-06-03 02:09:42 --> You do not have sufficient permissions to access that page.
#0 C:\xampp\htdocs\msbd\system\Filters\Filters.php(181): Myth\Auth\Filters\RoleFilter->before(Object(CodeIgniter\HTTP\IncomingRequest), Array)
#1 C:\xampp\htdocs\msbd\system\CodeIgniter.php(403): CodeIgniter\Filters\Filters->run('admin', 'before')
#2 C:\xampp\htdocs\msbd\system\CodeIgniter.php(333): CodeIgniter\CodeIgniter->handleRequest(NULL, Object(Config\Cache), false)
#3 C:\xampp\htdocs\msbd\public\index.php(44): CodeIgniter\CodeIgniter->run()
#4 C:\xampp\htdocs\msbd\system\Commands\Server\rewrite.php(45): require_once('C:\\xampp\\htdocs...')
#5 {main}
CRITICAL - 2021-06-03 02:13:02 --> Object of class Myth\Auth\Entities\User could not be converted to string
#0 C:\xampp\htdocs\msbd\system\View\View.php(220): include()
#1 C:\xampp\htdocs\msbd\system\View\View.php(222): CodeIgniter\View\View->CodeIgniter\View\{closure}()
#2 C:\xampp\htdocs\msbd\system\Common.php(1217): CodeIgniter\View\View->render('App\\Views\\Sideb...', Array, true)
#3 C:\xampp\htdocs\msbd\app\Views\sidebar\index.php(1): view('App\\Views\\Sideb...')
#4 C:\xampp\htdocs\msbd\system\View\View.php(220): include('C:\\xampp\\htdocs...')
#5 C:\xampp\htdocs\msbd\system\View\View.php(222): CodeIgniter\View\View->CodeIgniter\View\{closure}()
#6 C:\xampp\htdocs\msbd\system\Common.php(1217): CodeIgniter\View\View->render('sidebar/index', Array, true)
#7 C:\xampp\htdocs\msbd\app\Controllers\User.php(13): view('sidebar/index')
#8 C:\xampp\htdocs\msbd\system\CodeIgniter.php(936): App\Controllers\User->surat()
#9 C:\xampp\htdocs\msbd\system\CodeIgniter.php(432): CodeIgniter\CodeIgniter->runController(Object(App\Controllers\User))
#10 C:\xampp\htdocs\msbd\system\CodeIgniter.php(333): CodeIgniter\CodeIgniter->handleRequest(NULL, Object(Config\Cache), false)
#11 C:\xampp\htdocs\msbd\public\index.php(44): CodeIgniter\CodeIgniter->run()
#12 C:\xampp\htdocs\msbd\system\Commands\Server\rewrite.php(45): require_once('C:\\xampp\\htdocs...')
#13 {main}
CRITICAL - 2021-06-03 02:14:07 --> You do not have sufficient permissions to access that page.
#0 C:\xampp\htdocs\msbd\system\Filters\Filters.php(181): Myth\Auth\Filters\RoleFilter->before(Object(CodeIgniter\HTTP\IncomingRequest), Array)
#1 C:\xampp\htdocs\msbd\system\CodeIgniter.php(403): CodeIgniter\Filters\Filters->run('admin', 'before')
#2 C:\xampp\htdocs\msbd\system\CodeIgniter.php(333): CodeIgniter\CodeIgniter->handleRequest(NULL, Object(Config\Cache), false)
#3 C:\xampp\htdocs\msbd\public\index.php(44): CodeIgniter\CodeIgniter->run()
#4 C:\xampp\htdocs\msbd\system\Commands\Server\rewrite.php(45): require_once('C:\\xampp\\htdocs...')
#5 {main}
ERROR - 2021-06-03 02:46:40 --> mysqli_sql_exception: Table 'kelurahan.auth_groups_user' doesn't exist in C:\xampp\htdocs\msbd\system\Database\MySQLi\Connection.php:314
Stack trace:
#0 C:\xampp\htdocs\msbd\system\Database\MySQLi\Connection.php(314): mysqli->query('SELECT `users`....')
#1 C:\xampp\htdocs\msbd\system\Database\BaseConnection.php(713): CodeIgniter\Database\MySQLi\Connection->execute('SELECT `users`....')
#2 C:\xampp\htdocs\msbd\system\Database\BaseConnection.php(641): CodeIgniter\Database\BaseConnection->simpleQuery('SELECT `users`....')
#3 C:\xampp\htdocs\msbd\system\Database\BaseBuilder.php(1866): CodeIgniter\Database\BaseConnection->query('SELECT `users`....', Array, false)
#4 C:\xampp\htdocs\msbd\app\Controllers\Admin.php(21): CodeIgniter\Database\BaseBuilder->get()
#5 C:\xampp\htdocs\msbd\system\CodeIgniter.php(936): App\Controllers\Admin->warga()
#6 C:\xampp\htdocs\msbd\system\CodeIgniter.php(432): CodeIgniter\CodeIgniter->runController(Object(App\Controllers\Admin))
#7 C:\xampp\htdocs\msbd\system\CodeIgniter.php(333): CodeIgniter\CodeIgniter->handleRequest(NULL, Object(Config\Cache), false)
#8 C:\xampp\htdocs\msbd\public\index.php(44): CodeIgniter\CodeIgniter->run()
#9 C:\xampp\htdocs\msbd\system\Commands\Server\rewrite.php(45): require_once('C:\\xampp\\htdocs...')
#10 {main}
CRITICAL - 2021-06-03 02:46:40 --> Table 'kelurahan.auth_groups_user' doesn't exist
#0 C:\xampp\htdocs\msbd\system\Database\MySQLi\Connection.php(314): mysqli->query('SELECT `users`....')
#1 C:\xampp\htdocs\msbd\system\Database\BaseConnection.php(713): CodeIgniter\Database\MySQLi\Connection->execute('SELECT `users`....')
#2 C:\xampp\htdocs\msbd\system\Database\BaseConnection.php(641): CodeIgniter\Database\BaseConnection->simpleQuery('SELECT `users`....')
#3 C:\xampp\htdocs\msbd\system\Database\BaseBuilder.php(1866): CodeIgniter\Database\BaseConnection->query('SELECT `users`....', Array, false)
#4 C:\xampp\htdocs\msbd\app\Controllers\Admin.php(21): CodeIgniter\Database\BaseBuilder->get()
#5 C:\xampp\htdocs\msbd\system\CodeIgniter.php(936): App\Controllers\Admin->warga()
#6 C:\xampp\htdocs\msbd\system\CodeIgniter.php(432): CodeIgniter\CodeIgniter->runController(Object(App\Controllers\Admin))
#7 C:\xampp\htdocs\msbd\system\CodeIgniter.php(333): CodeIgniter\CodeIgniter->handleRequest(NULL, Object(Config\Cache), false)
#8 C:\xampp\htdocs\msbd\public\index.php(44): CodeIgniter\CodeIgniter->run()
#9 C:\xampp\htdocs\msbd\system\Commands\Server\rewrite.php(45): require_once('C:\\xampp\\htdocs...')
#10 {main}
CRITICAL - 2021-06-03 02:47:05 --> Undefined property: stdClass::$role
#0 C:\xampp\htdocs\msbd\app\Views\sidebar\warga.php(32): CodeIgniter\Debug\Exceptions->errorHandler(8, 'Undefined prope...', 'C:\\xampp\\htdocs...', 32, Array)
#1 C:\xampp\htdocs\msbd\system\View\View.php(220): include('C:\\xampp\\htdocs...')
#2 C:\xampp\htdocs\msbd\system\View\View.php(222): CodeIgniter\View\View->CodeIgniter\View\{closure}()
#3 C:\xampp\htdocs\msbd\system\Common.php(1217): CodeIgniter\View\View->render('sidebar/warga', Array, true)
#4 C:\xampp\htdocs\msbd\app\Controllers\Admin.php(24): view('sidebar/warga', Array)
#5 C:\xampp\htdocs\msbd\system\CodeIgniter.php(936): App\Controllers\Admin->warga()
#6 C:\xampp\htdocs\msbd\system\CodeIgniter.php(432): CodeIgniter\CodeIgniter->runController(Object(App\Controllers\Admin))
#7 C:\xampp\htdocs\msbd\system\CodeIgniter.php(333): CodeIgniter\CodeIgniter->handleRequest(NULL, Object(Config\Cache), false)
#8 C:\xampp\htdocs\msbd\public\index.php(44): CodeIgniter\CodeIgniter->run()
#9 C:\xampp\htdocs\msbd\system\Commands\Server\rewrite.php(45): require_once('C:\\xampp\\htdocs...')
#10 {main}
CRITICAL - 2021-06-03 03:00:07 --> syntax error, unexpected '$query' (T_VARIABLE)
#0 C:\xampp\htdocs\msbd\system\Autoloader\Autoloader.php(265): CodeIgniter\Autoloader\Autoloader->includeFile('C:\\xampp\\htdocs...')
#1 C:\xampp\htdocs\msbd\system\Autoloader\Autoloader.php(228): CodeIgniter\Autoloader\Autoloader->loadInNamespace('App\\Controllers...')
#2 [internal function]: CodeIgniter\Autoloader\Autoloader->loadClass('App\\Controllers...')
#3 [internal function]: spl_autoload_call('App\\Controllers...')
#4 C:\xampp\htdocs\msbd\system\CodeIgniter.php(893): class_exists('\\App\\Controller...', true)
#5 C:\xampp\htdocs\msbd\system\CodeIgniter.php(417): CodeIgniter\CodeIgniter->startController()
#6 C:\xampp\htdocs\msbd\system\CodeIgniter.php(333): CodeIgniter\CodeIgniter->handleRequest(NULL, Object(Config\Cache), false)
#7 C:\xampp\htdocs\msbd\public\index.php(44): CodeIgniter\CodeIgniter->run()
#8 C:\xampp\htdocs\msbd\system\Commands\Server\rewrite.php(45): require_once('C:\\xampp\\htdocs...')
#9 {main}
CRITICAL - 2021-06-03 03:08:47 --> Undefined variable: users
#0 C:\xampp\htdocs\msbd\app\Views\sidebar\detail.php(28): CodeIgniter\Debug\Exceptions->errorHandler(8, 'Undefined varia...', 'C:\\xampp\\htdocs...', 28, Array)
#1 C:\xampp\htdocs\msbd\system\View\View.php(220): include('C:\\xampp\\htdocs...')
#2 C:\xampp\htdocs\msbd\system\View\View.php(222): CodeIgniter\View\View->CodeIgniter\View\{closure}()
#3 C:\xampp\htdocs\msbd\system\Common.php(1217): CodeIgniter\View\View->render('sidebar/detail', Array, true)
#4 C:\xampp\htdocs\msbd\app\Controllers\Admin.php(40): view('sidebar/detail', Array)
#5 C:\xampp\htdocs\msbd\system\CodeIgniter.php(936): App\Controllers\Admin->detail('4')
#6 C:\xampp\htdocs\msbd\system\CodeIgniter.php(432): CodeIgniter\CodeIgniter->runController(Object(App\Controllers\Admin))
#7 C:\xampp\htdocs\msbd\system\CodeIgniter.php(333): CodeIgniter\CodeIgniter->handleRequest(NULL, Object(Config\Cache), false)
#8 C:\xampp\htdocs\msbd\public\index.php(44): CodeIgniter\CodeIgniter->run()
#9 C:\xampp\htdocs\msbd\system\Commands\Server\rewrite.php(45): require_once('C:\\xampp\\htdocs...')
#10 {main}
CRITICAL - 2021-06-03 03:09:05 --> Undefined variable: users
#0 C:\xampp\htdocs\msbd\app\Views\sidebar\detail.php(28): CodeIgniter\Debug\Exceptions->errorHandler(8, 'Undefined varia...', 'C:\\xampp\\htdocs...', 28, Array)
#1 C:\xampp\htdocs\msbd\system\View\View.php(220): include('C:\\xampp\\htdocs...')
#2 C:\xampp\htdocs\msbd\system\View\View.php(222): CodeIgniter\View\View->CodeIgniter\View\{closure}()
#3 C:\xampp\htdocs\msbd\system\Common.php(1217): CodeIgniter\View\View->render('sidebar/detail', Array, true)
#4 C:\xampp\htdocs\msbd\app\Controllers\Admin.php(40): view('sidebar/detail', Array)
#5 C:\xampp\htdocs\msbd\system\CodeIgniter.php(936): App\Controllers\Admin->detail('4')
#6 C:\xampp\htdocs\msbd\system\CodeIgniter.php(432): CodeIgniter\CodeIgniter->runController(Object(App\Controllers\Admin))
#7 C:\xampp\htdocs\msbd\system\CodeIgniter.php(333): CodeIgniter\CodeIgniter->handleRequest(NULL, Object(Config\Cache), false)
#8 C:\xampp\htdocs\msbd\public\index.php(44): CodeIgniter\CodeIgniter->run()
#9 C:\xampp\htdocs\msbd\system\Commands\Server\rewrite.php(45): require_once('C:\\xampp\\htdocs...')
#10 {main}
CRITICAL - 2021-06-03 03:12:35 --> Undefined property: stdClass::$role
#0 C:\xampp\htdocs\msbd\app\Views\sidebar\detail.php(12): CodeIgniter\Debug\Exceptions->errorHandler(8, 'Undefined prope...', 'C:\\xampp\\htdocs...', 12, Array)
#1 C:\xampp\htdocs\msbd\system\View\View.php(220): include('C:\\xampp\\htdocs...')
#2 C:\xampp\htdocs\msbd\system\View\View.php(222): CodeIgniter\View\View->CodeIgniter\View\{closure}()
#3 C:\xampp\htdocs\msbd\system\Common.php(1217): CodeIgniter\View\View->render('sidebar/detail', Array, true)
#4 C:\xampp\htdocs\msbd\app\Controllers\Admin.php(40): view('sidebar/detail', Array)
#5 C:\xampp\htdocs\msbd\system\CodeIgniter.php(936): App\Controllers\Admin->detail('4')
#6 C:\xampp\htdocs\msbd\system\CodeIgniter.php(432): CodeIgniter\CodeIgniter->runController(Object(App\Controllers\Admin))
#7 C:\xampp\htdocs\msbd\system\CodeIgniter.php(333): CodeIgniter\CodeIgniter->handleRequest(NULL, Object(Config\Cache), false)
#8 C:\xampp\htdocs\msbd\public\index.php(44): CodeIgniter\CodeIgniter->run()
#9 C:\xampp\htdocs\msbd\system\Commands\Server\rewrite.php(45): require_once('C:\\xampp\\htdocs...')
#10 {main}
CRITICAL - 2021-06-03 04:03:47 --> Too few arguments to function App\Controllers\Admin::detail(), 0 passed in C:\xampp\htdocs\msbd\system\CodeIgniter.php on line 936 and exactly 1 expected
#0 C:\xampp\htdocs\msbd\system\CodeIgniter.php(936): App\Controllers\Admin->detail()
#1 C:\xampp\htdocs\msbd\system\CodeIgniter.php(432): CodeIgniter\CodeIgniter->runController(Object(App\Controllers\Admin))
#2 C:\xampp\htdocs\msbd\system\CodeIgniter.php(333): CodeIgniter\CodeIgniter->handleRequest(NULL, Object(Config\Cache), false)
#3 C:\xampp\htdocs\msbd\public\index.php(44): CodeIgniter\CodeIgniter->run()
#4 C:\xampp\htdocs\msbd\system\Commands\Server\rewrite.php(45): require_once('C:\\xampp\\htdocs...')
#5 {main}
CRITICAL - 2021-06-03 04:04:17 --> Too few arguments to function App\Controllers\Admin::detail(), 0 passed in C:\xampp\htdocs\msbd\system\CodeIgniter.php on line 936 and exactly 1 expected
#0 C:\xampp\htdocs\msbd\system\CodeIgniter.php(936): App\Controllers\Admin->detail()
#1 C:\xampp\htdocs\msbd\system\CodeIgniter.php(432): CodeIgniter\CodeIgniter->runController(Object(App\Controllers\Admin))
#2 C:\xampp\htdocs\msbd\system\CodeIgniter.php(333): CodeIgniter\CodeIgniter->handleRequest(NULL, Object(Config\Cache), false)
#3 C:\xampp\htdocs\msbd\public\index.php(44): CodeIgniter\CodeIgniter->run()
#4 C:\xampp\htdocs\msbd\system\Commands\Server\rewrite.php(45): require_once('C:\\xampp\\htdocs...')
#5 {main}
CRITICAL - 2021-06-03 04:05:05 --> Too few arguments to function App\Controllers\Admin::detail(), 0 passed in C:\xampp\htdocs\msbd\system\CodeIgniter.php on line 936 and exactly 1 expected
#0 C:\xampp\htdocs\msbd\system\CodeIgniter.php(936): App\Controllers\Admin->detail()
#1 C:\xampp\htdocs\msbd\system\CodeIgniter.php(432): CodeIgniter\CodeIgniter->runController(Object(App\Controllers\Admin))
#2 C:\xampp\htdocs\msbd\system\CodeIgniter.php(333): CodeIgniter\CodeIgniter->handleRequest(NULL, Object(Config\Cache), false)
#3 C:\xampp\htdocs\msbd\public\index.php(44): CodeIgniter\CodeIgniter->run()
#4 C:\xampp\htdocs\msbd\system\Commands\Server\rewrite.php(45): require_once('C:\\xampp\\htdocs...')
#5 {main}
CRITICAL - 2021-06-03 04:05:45 --> Too few arguments to function App\Controllers\Admin::detail(), 0 passed in C:\xampp\htdocs\msbd\system\CodeIgniter.php on line 936 and exactly 1 expected
#0 C:\xampp\htdocs\msbd\system\CodeIgniter.php(936): App\Controllers\Admin->detail()
#1 C:\xampp\htdocs\msbd\system\CodeIgniter.php(432): CodeIgniter\CodeIgniter->runController(Object(App\Controllers\Admin))
#2 C:\xampp\htdocs\msbd\system\CodeIgniter.php(333): CodeIgniter\CodeIgniter->handleRequest(NULL, Object(Config\Cache), false)
#3 C:\xampp\htdocs\msbd\public\index.php(44): CodeIgniter\CodeIgniter->run()
#4 C:\xampp\htdocs\msbd\system\Commands\Server\rewrite.php(45): require_once('C:\\xampp\\htdocs...')
#5 {main}
CRITICAL - 2021-06-03 04:06:01 --> Too few arguments to function App\Controllers\Admin::detail(), 0 passed in C:\xampp\htdocs\msbd\system\CodeIgniter.php on line 936 and exactly 1 expected
#0 C:\xampp\htdocs\msbd\system\CodeIgniter.php(936): App\Controllers\Admin->detail()
#1 C:\xampp\htdocs\msbd\system\CodeIgniter.php(432): CodeIgniter\CodeIgniter->runController(Object(App\Controllers\Admin))
#2 C:\xampp\htdocs\msbd\system\CodeIgniter.php(333): CodeIgniter\CodeIgniter->handleRequest(NULL, Object(Config\Cache), false)
#3 C:\xampp\htdocs\msbd\public\index.php(44): CodeIgniter\CodeIgniter->run()
#4 C:\xampp\htdocs\msbd\system\Commands\Server\rewrite.php(45): require_once('C:\\xampp\\htdocs...')
#5 {main}
CRITICAL - 2021-06-03 04:06:23 --> Too few arguments to function App\Controllers\Admin::detail(), 0 passed in C:\xampp\htdocs\msbd\system\CodeIgniter.php on line 936 and exactly 1 expected
#0 C:\xampp\htdocs\msbd\system\CodeIgniter.php(936): App\Controllers\Admin->detail()
#1 C:\xampp\htdocs\msbd\system\CodeIgniter.php(432): CodeIgniter\CodeIgniter->runController(Object(App\Controllers\Admin))
#2 C:\xampp\htdocs\msbd\system\CodeIgniter.php(333): CodeIgniter\CodeIgniter->handleRequest(NULL, Object(Config\Cache), false)
#3 C:\xampp\htdocs\msbd\public\index.php(44): CodeIgniter\CodeIgniter->run()
#4 C:\xampp\htdocs\msbd\system\Commands\Server\rewrite.php(45): require_once('C:\\xampp\\htdocs...')
#5 {main}
CRITICAL - 2021-06-03 04:06:24 --> Too few arguments to function App\Controllers\Admin::detail(), 0 passed in C:\xampp\htdocs\msbd\system\CodeIgniter.php on line 936 and exactly 1 expected
#0 C:\xampp\htdocs\msbd\system\CodeIgniter.php(936): App\Controllers\Admin->detail()
#1 C:\xampp\htdocs\msbd\system\CodeIgniter.php(432): CodeIgniter\CodeIgniter->runController(Object(App\Controllers\Admin))
#2 C:\xampp\htdocs\msbd\system\CodeIgniter.php(333): CodeIgniter\CodeIgniter->handleRequest(NULL, Object(Config\Cache), false)
#3 C:\xampp\htdocs\msbd\public\index.php(44): CodeIgniter\CodeIgniter->run()
#4 C:\xampp\htdocs\msbd\system\Commands\Server\rewrite.php(45): require_once('C:\\xampp\\htdocs...')
#5 {main}
CRITICAL - 2021-06-03 04:09:10 --> You do not have sufficient permissions to access that page.
#0 C:\xampp\htdocs\msbd\system\Filters\Filters.php(181): Myth\Auth\Filters\RoleFilter->before(Object(CodeIgniter\HTTP\IncomingRequest), Array)
#1 C:\xampp\htdocs\msbd\system\CodeIgniter.php(403): CodeIgniter\Filters\Filters->run('admin', 'before')
#2 C:\xampp\htdocs\msbd\system\CodeIgniter.php(333): CodeIgniter\CodeIgniter->handleRequest(NULL, Object(Config\Cache), false)
#3 C:\xampp\htdocs\msbd\public\index.php(44): CodeIgniter\CodeIgniter->run()
#4 C:\xampp\htdocs\msbd\system\Commands\Server\rewrite.php(45): require_once('C:\\xampp\\htdocs...')
#5 {main}
CRITICAL - 2021-06-03 04:09:35 --> You do not have sufficient permissions to access that page.
#0 C:\xampp\htdocs\msbd\system\Filters\Filters.php(181): Myth\Auth\Filters\RoleFilter->before(Object(CodeIgniter\HTTP\IncomingRequest), Array)
#1 C:\xampp\htdocs\msbd\system\CodeIgniter.php(403): CodeIgniter\Filters\Filters->run('admin', 'before')
#2 C:\xampp\htdocs\msbd\system\CodeIgniter.php(333): CodeIgniter\CodeIgniter->handleRequest(NULL, Object(Config\Cache), false)
#3 C:\xampp\htdocs\msbd\public\index.php(44): CodeIgniter\CodeIgniter->run()
#4 C:\xampp\htdocs\msbd\system\Commands\Server\rewrite.php(45): require_once('C:\\xampp\\htdocs...')
#5 {main}
CRITICAL - 2021-06-03 04:10:44 --> You do not have sufficient permissions to access that page.
#0 C:\xampp\htdocs\msbd\system\Filters\Filters.php(181): Myth\Auth\Filters\RoleFilter->before(Object(CodeIgniter\HTTP\IncomingRequest), Array)
#1 C:\xampp\htdocs\msbd\system\CodeIgniter.php(403): CodeIgniter\Filters\Filters->run('admin', 'before')
#2 C:\xampp\htdocs\msbd\system\CodeIgniter.php(333): CodeIgniter\CodeIgniter->handleRequest(NULL, Object(Config\Cache), false)
#3 C:\xampp\htdocs\msbd\public\index.php(44): CodeIgniter\CodeIgniter->run()
#4 C:\xampp\htdocs\msbd\system\Commands\Server\rewrite.php(45): require_once('C:\\xampp\\htdocs...')
#5 {main}
CRITICAL - 2021-06-03 04:10:54 --> Too few arguments to function App\Controllers\User::detail(), 0 passed in C:\xampp\htdocs\msbd\system\CodeIgniter.php on line 936 and exactly 1 expected
#0 C:\xampp\htdocs\msbd\system\CodeIgniter.php(936): App\Controllers\User->detail()
#1 C:\xampp\htdocs\msbd\system\CodeIgniter.php(432): CodeIgniter\CodeIgniter->runController(Object(App\Controllers\User))
#2 C:\xampp\htdocs\msbd\system\CodeIgniter.php(333): CodeIgniter\CodeIgniter->handleRequest(NULL, Object(Config\Cache), false)
#3 C:\xampp\htdocs\msbd\public\index.php(44): CodeIgniter\CodeIgniter->run()
#4 C:\xampp\htdocs\msbd\system\Commands\Server\rewrite.php(45): require_once('C:\\xampp\\htdocs...')
#5 {main}
CRITICAL - 2021-06-03 04:29:51 --> Trying to get property 'id' of non-object
#0 C:\xampp\htdocs\msbd\vendor\myth\auth\src\Models\UserModel.php(86): CodeIgniter\Debug\Exceptions->errorHandler(8, 'Trying to get p...', 'C:\\xampp\\htdocs...', 86, Array)
#1 C:\xampp\htdocs\msbd\vendor\myth\auth\src\Controllers\AuthController.php(174): Myth\Auth\Models\UserModel->withGroup('warga')
#2 C:\xampp\htdocs\msbd\system\CodeIgniter.php(936): Myth\Auth\Controllers\AuthController->attemptRegister()
#3 C:\xampp\htdocs\msbd\system\CodeIgniter.php(432): CodeIgniter\CodeIgniter->runController(Object(Myth\Auth\Controllers\AuthController))
#4 C:\xampp\htdocs\msbd\system\CodeIgniter.php(333): CodeIgniter\CodeIgniter->handleRequest(NULL, Object(Config\Cache), false)
#5 C:\xampp\htdocs\msbd\public\index.php(44): CodeIgniter\CodeIgniter->run()
#6 C:\xampp\htdocs\msbd\system\Commands\Server\rewrite.php(45): require_once('C:\\xampp\\htdocs...')
#7 {main}
CRITICAL - 2021-06-03 04:31:15 --> Trying to get property 'id' of non-object
#0 C:\xampp\htdocs\msbd\vendor\myth\auth\src\Models\UserModel.php(86): CodeIgniter\Debug\Exceptions->errorHandler(8, 'Trying to get p...', 'C:\\xampp\\htdocs...', 86, Array)
#1 C:\xampp\htdocs\msbd\vendor\myth\auth\src\Controllers\AuthController.php(174): Myth\Auth\Models\UserModel->withGroup('warga')
#2 C:\xampp\htdocs\msbd\system\CodeIgniter.php(936): Myth\Auth\Controllers\AuthController->attemptRegister()
#3 C:\xampp\htdocs\msbd\system\CodeIgniter.php(432): CodeIgniter\CodeIgniter->runController(Object(Myth\Auth\Controllers\AuthController))
#4 C:\xampp\htdocs\msbd\system\CodeIgniter.php(333): CodeIgniter\CodeIgniter->handleRequest(NULL, Object(Config\Cache), false)
#5 C:\xampp\htdocs\msbd\public\index.php(44): CodeIgniter\CodeIgniter->run()
#6 C:\xampp\htdocs\msbd\system\Commands\Server\rewrite.php(45): require_once('C:\\xampp\\htdocs...')
#7 {main}
CRITICAL - 2021-06-03 04:33:25 --> Trying to get property 'id' of non-object
#0 C:\xampp\htdocs\msbd\vendor\myth\auth\src\Models\UserModel.php(86): CodeIgniter\Debug\Exceptions->errorHandler(8, 'Trying to get p...', 'C:\\xampp\\htdocs...', 86, Array)
#1 C:\xampp\htdocs\msbd\vendor\myth\auth\src\Controllers\AuthController.php(174): Myth\Auth\Models\UserModel->withGroup('warga')
#2 C:\xampp\htdocs\msbd\system\CodeIgniter.php(936): Myth\Auth\Controllers\AuthController->attemptRegister()
#3 C:\xampp\htdocs\msbd\system\CodeIgniter.php(432): CodeIgniter\CodeIgniter->runController(Object(Myth\Auth\Controllers\AuthController))
#4 C:\xampp\htdocs\msbd\system\CodeIgniter.php(333): CodeIgniter\CodeIgniter->handleRequest(NULL, Object(Config\Cache), false)
#5 C:\xampp\htdocs\msbd\public\index.php(44): CodeIgniter\CodeIgniter->run()
#6 C:\xampp\htdocs\msbd\system\Commands\Server\rewrite.php(45): require_once('C:\\xampp\\htdocs...')
#7 {main}
CRITICAL - 2021-06-03 04:37:29 --> Trying to get property 'id' of non-object
#0 C:\xampp\htdocs\msbd\vendor\myth\auth\src\Models\UserModel.php(86): CodeIgniter\Debug\Exceptions->errorHandler(8, 'Trying to get p...', 'C:\\xampp\\htdocs...', 86, Array)
#1 C:\xampp\htdocs\msbd\vendor\myth\auth\src\Controllers\AuthController.php(174): Myth\Auth\Models\UserModel->withGroup('warga')
#2 C:\xampp\htdocs\msbd\system\CodeIgniter.php(936): Myth\Auth\Controllers\AuthController->attemptRegister()
#3 C:\xampp\htdocs\msbd\system\CodeIgniter.php(432): CodeIgniter\CodeIgniter->runController(Object(Myth\Auth\Controllers\AuthController))
#4 C:\xampp\htdocs\msbd\system\CodeIgniter.php(333): CodeIgniter\CodeIgniter->handleRequest(NULL, Object(Config\Cache), false)
#5 C:\xampp\htdocs\msbd\public\index.php(44): CodeIgniter\CodeIgniter->run()
#6 C:\xampp\htdocs\msbd\system\Commands\Server\rewrite.php(45): require_once('C:\\xampp\\htdocs...')
#7 {main}
CRITICAL - 2021-06-03 04:38:47 --> Trying to get property 'id' of non-object
#0 C:\xampp\htdocs\msbd\vendor\myth\auth\src\Models\UserModel.php(86): CodeIgniter\Debug\Exceptions->errorHandler(8, 'Trying to get p...', 'C:\\xampp\\htdocs...', 86, Array)
#1 C:\xampp\htdocs\msbd\vendor\myth\auth\src\Controllers\AuthController.php(174): Myth\Auth\Models\UserModel->withGroup('warga')
#2 C:\xampp\htdocs\msbd\system\CodeIgniter.php(936): Myth\Auth\Controllers\AuthController->attemptRegister()
#3 C:\xampp\htdocs\msbd\system\CodeIgniter.php(432): CodeIgniter\CodeIgniter->runController(Object(Myth\Auth\Controllers\AuthController))
#4 C:\xampp\htdocs\msbd\system\CodeIgniter.php(333): CodeIgniter\CodeIgniter->handleRequest(NULL, Object(Config\Cache), false)
#5 C:\xampp\htdocs\msbd\public\index.php(44): CodeIgniter\CodeIgniter->run()
#6 C:\xampp\htdocs\msbd\system\Commands\Server\rewrite.php(45): require_once('C:\\xampp\\htdocs...')
#7 {main}
CRITICAL - 2021-06-03 04:48:46 --> You do not have sufficient permissions to access that page.
#0 C:\xampp\htdocs\msbd\system\Filters\Filters.php(181): Myth\Auth\Filters\RoleFilter->before(Object(CodeIgniter\HTTP\IncomingRequest), Array)
#1 C:\xampp\htdocs\msbd\system\CodeIgniter.php(403): CodeIgniter\Filters\Filters->run('admin', 'before')
#2 C:\xampp\htdocs\msbd\system\CodeIgniter.php(333): CodeIgniter\CodeIgniter->handleRequest(NULL, Object(Config\Cache), false)
#3 C:\xampp\htdocs\msbd\public\index.php(44): CodeIgniter\CodeIgniter->run()
#4 C:\xampp\htdocs\msbd\system\Commands\Server\rewrite.php(45): require_once('C:\\xampp\\htdocs...')
#5 {main}
CRITICAL - 2021-06-03 04:57:55 --> You do not have sufficient permissions to access that page.
#0 C:\xampp\htdocs\msbd\system\Filters\Filters.php(181): Myth\Auth\Filters\RoleFilter->before(Object(CodeIgniter\HTTP\IncomingRequest), Array)
#1 C:\xampp\htdocs\msbd\system\CodeIgniter.php(403): CodeIgniter\Filters\Filters->run('admin', 'before')
#2 C:\xampp\htdocs\msbd\system\CodeIgniter.php(333): CodeIgniter\CodeIgniter->handleRequest(NULL, Object(Config\Cache), false)
#3 C:\xampp\htdocs\msbd\public\index.php(44): CodeIgniter\CodeIgniter->run()
#4 C:\xampp\htdocs\msbd\system\Commands\Server\rewrite.php(45): require_once('C:\\xampp\\htdocs...')
#5 {main}
CRITICAL - 2021-06-03 05:16:24 --> You do not have sufficient permissions to access that page.
#0 C:\xampp\htdocs\msbd\system\Filters\Filters.php(181): Myth\Auth\Filters\RoleFilter->before(Object(CodeIgniter\HTTP\IncomingRequest), Array)
#1 C:\xampp\htdocs\msbd\system\CodeIgniter.php(403): CodeIgniter\Filters\Filters->run('admin', 'before')
#2 C:\xampp\htdocs\msbd\system\CodeIgniter.php(333): CodeIgniter\CodeIgniter->handleRequest(NULL, Object(Config\Cache), false)
#3 C:\xampp\htdocs\msbd\public\index.php(44): CodeIgniter\CodeIgniter->run()
#4 C:\xampp\htdocs\msbd\system\Commands\Server\rewrite.php(45): require_once('C:\\xampp\\htdocs...')
#5 {main}
CRITICAL - 2021-06-03 10:48:54 --> Class 'App\Controllers\SuratModel' not found
#0 C:\xampp\htdocs\msbd\system\CodeIgniter.php(936): App\Controllers\User->akta()
#1 C:\xampp\htdocs\msbd\system\CodeIgniter.php(432): CodeIgniter\CodeIgniter->runController(Object(App\Controllers\User))
#2 C:\xampp\htdocs\msbd\system\CodeIgniter.php(333): CodeIgniter\CodeIgniter->handleRequest(NULL, Object(Config\Cache), false)
#3 C:\xampp\htdocs\msbd\public\index.php(44): CodeIgniter\CodeIgniter->run()
#4 C:\xampp\htdocs\msbd\system\Commands\Server\rewrite.php(45): require_once('C:\\xampp\\htdocs...')
#5 {main}
ERROR - 2021-06-03 10:49:49 --> mysqli_sql_exception: Unknown column 'nama_ayah' in 'field list' in C:\xampp\htdocs\msbd\system\Database\MySQLi\Connection.php:314
Stack trace:
#0 C:\xampp\htdocs\msbd\system\Database\MySQLi\Connection.php(314): mysqli->query('INSERT INTO `su...')
#1 C:\xampp\htdocs\msbd\system\Database\BaseConnection.php(713): CodeIgniter\Database\MySQLi\Connection->execute('INSERT INTO `su...')
#2 C:\xampp\htdocs\msbd\system\Database\BaseConnection.php(641): CodeIgniter\Database\BaseConnection->simpleQuery('INSERT INTO `su...')
#3 C:\xampp\htdocs\msbd\system\Database\BaseBuilder.php(2263): CodeIgniter\Database\BaseConnection->query('INSERT INTO `su...', Array, false)
#4 C:\xampp\htdocs\msbd\system\Model.php(278): CodeIgniter\Database\BaseBuilder->insert()
#5 C:\xampp\htdocs\msbd\system\BaseModel.php(758): CodeIgniter\Model->doInsert(Array)
#6 C:\xampp\htdocs\msbd\system\Model.php(705): CodeIgniter\BaseModel->insert(Array, true)
#7 C:\xampp\htdocs\msbd\app\Controllers\User.php(47): CodeIgniter\Model->insert(Array)
#8 C:\xampp\htdocs\msbd\system\CodeIgniter.php(936): App\Controllers\User->akta()
#9 C:\xampp\htdocs\msbd\system\CodeIgniter.php(432): CodeIgniter\CodeIgniter->runController(Object(App\Controllers\User))
#10 C:\xampp\htdocs\msbd\system\CodeIgniter.php(333): CodeIgniter\CodeIgniter->handleRequest(NULL, Object(Config\Cache), false)
#11 C:\xampp\htdocs\msbd\public\index.php(44): CodeIgniter\CodeIgniter->run()
#12 C:\xampp\htdocs\msbd\system\Commands\Server\rewrite.php(45): require_once('C:\\xampp\\htdocs...')
#13 {main}
CRITICAL - 2021-06-03 10:49:49 --> Unknown column 'nama_ayah' in 'field list'
#0 C:\xampp\htdocs\msbd\system\Database\MySQLi\Connection.php(314): mysqli->query('INSERT INTO `su...')
#1 C:\xampp\htdocs\msbd\system\Database\BaseConnection.php(713): CodeIgniter\Database\MySQLi\Connection->execute('INSERT INTO `su...')
#2 C:\xampp\htdocs\msbd\system\Database\BaseConnection.php(641): CodeIgniter\Database\BaseConnection->simpleQuery('INSERT INTO `su...')
#3 C:\xampp\htdocs\msbd\system\Database\BaseBuilder.php(2263): CodeIgniter\Database\BaseConnection->query('INSERT INTO `su...', Array, false)
#4 C:\xampp\htdocs\msbd\system\Model.php(278): CodeIgniter\Database\BaseBuilder->insert()
#5 C:\xampp\htdocs\msbd\system\BaseModel.php(758): CodeIgniter\Model->doInsert(Array)
#6 C:\xampp\htdocs\msbd\system\Model.php(705): CodeIgniter\BaseModel->insert(Array, true)
#7 C:\xampp\htdocs\msbd\app\Controllers\User.php(47): CodeIgniter\Model->insert(Array)
#8 C:\xampp\htdocs\msbd\system\CodeIgniter.php(936): App\Controllers\User->akta()
#9 C:\xampp\htdocs\msbd\system\CodeIgniter.php(432): CodeIgniter\CodeIgniter->runController(Object(App\Controllers\User))
#10 C:\xampp\htdocs\msbd\system\CodeIgniter.php(333): CodeIgniter\CodeIgniter->handleRequest(NULL, Object(Config\Cache), false)
#11 C:\xampp\htdocs\msbd\public\index.php(44): CodeIgniter\CodeIgniter->run()
#12 C:\xampp\htdocs\msbd\system\Commands\Server\rewrite.php(45): require_once('C:\\xampp\\htdocs...')
#13 {main}
ERROR - 2021-06-03 10:51:22 --> mysqli_sql_exception: Unknown column 'nama_ayah' in 'field list' in C:\xampp\htdocs\msbd\system\Database\MySQLi\Connection.php:314
Stack trace:
#0 C:\xampp\htdocs\msbd\system\Database\MySQLi\Connection.php(314): mysqli->query('INSERT INTO `su...')
#1 C:\xampp\htdocs\msbd\system\Database\BaseConnection.php(713): CodeIgniter\Database\MySQLi\Connection->execute('INSERT INTO `su...')
#2 C:\xampp\htdocs\msbd\system\Database\BaseConnection.php(641): CodeIgniter\Database\BaseConnection->simpleQuery('INSERT INTO `su...')
#3 C:\xampp\htdocs\msbd\system\Database\BaseBuilder.php(2263): CodeIgniter\Database\BaseConnection->query('INSERT INTO `su...', Array, false)
#4 C:\xampp\htdocs\msbd\system\Model.php(278): CodeIgniter\Database\BaseBuilder->insert()
#5 C:\xampp\htdocs\msbd\system\BaseModel.php(758): CodeIgniter\Model->doInsert(Array)
#6 C:\xampp\htdocs\msbd\system\Model.php(705): CodeIgniter\BaseModel->insert(Array, true)
#7 C:\xampp\htdocs\msbd\app\Controllers\User.php(47): CodeIgniter\Model->insert(Array)
#8 C:\xampp\htdocs\msbd\system\CodeIgniter.php(936): App\Controllers\User->akta()
#9 C:\xampp\htdocs\msbd\system\CodeIgniter.php(432): CodeIgniter\CodeIgniter->runController(Object(App\Controllers\User))
#10 C:\xampp\htdocs\msbd\system\CodeIgniter.php(333): CodeIgniter\CodeIgniter->handleRequest(NULL, Object(Config\Cache), false)
#11 C:\xampp\htdocs\msbd\public\index.php(44): CodeIgniter\CodeIgniter->run()
#12 C:\xampp\htdocs\msbd\system\Commands\Server\rewrite.php(45): require_once('C:\\xampp\\htdocs...')
#13 {main}
CRITICAL - 2021-06-03 10:51:22 --> Unknown column 'nama_ayah' in 'field list'
#0 C:\xampp\htdocs\msbd\system\Database\MySQLi\Connection.php(314): mysqli->query('INSERT INTO `su...')
#1 C:\xampp\htdocs\msbd\system\Database\BaseConnection.php(713): CodeIgniter\Database\MySQLi\Connection->execute('INSERT INTO `su...')
#2 C:\xampp\htdocs\msbd\system\Database\BaseConnection.php(641): CodeIgniter\Database\BaseConnection->simpleQuery('INSERT INTO `su...')
#3 C:\xampp\htdocs\msbd\system\Database\BaseBuilder.php(2263): CodeIgniter\Database\BaseConnection->query('INSERT INTO `su...', Array, false)
#4 C:\xampp\htdocs\msbd\system\Model.php(278): CodeIgniter\Database\BaseBuilder->insert()
#5 C:\xampp\htdocs\msbd\system\BaseModel.php(758): CodeIgniter\Model->doInsert(Array)
#6 C:\xampp\htdocs\msbd\system\Model.php(705): CodeIgniter\BaseModel->insert(Array, true)
#7 C:\xampp\htdocs\msbd\app\Controllers\User.php(47): CodeIgniter\Model->insert(Array)
#8 C:\xampp\htdocs\msbd\system\CodeIgniter.php(936): App\Controllers\User->akta()
#9 C:\xampp\htdocs\msbd\system\CodeIgniter.php(432): CodeIgniter\CodeIgniter->runController(Object(App\Controllers\User))
#10 C:\xampp\htdocs\msbd\system\CodeIgniter.php(333): CodeIgniter\CodeIgniter->handleRequest(NULL, Object(Config\Cache), false)
#11 C:\xampp\htdocs\msbd\public\index.php(44): CodeIgniter\CodeIgniter->run()
#12 C:\xampp\htdocs\msbd\system\Commands\Server\rewrite.php(45): require_once('C:\\xampp\\htdocs...')
#13 {main}
ERROR - 2021-06-03 10:55:52 --> mysqli_sql_exception: Unknown column 'nama_ayah' in 'field list' in C:\xampp\htdocs\msbd\system\Database\MySQLi\Connection.php:314
Stack trace:
#0 C:\xampp\htdocs\msbd\system\Database\MySQLi\Connection.php(314): mysqli->query('INSERT INTO `su...')
#1 C:\xampp\htdocs\msbd\system\Database\BaseConnection.php(713): CodeIgniter\Database\MySQLi\Connection->execute('INSERT INTO `su...')
#2 C:\xampp\htdocs\msbd\system\Database\BaseConnection.php(641): CodeIgniter\Database\BaseConnection->simpleQuery('INSERT INTO `su...')
#3 C:\xampp\htdocs\msbd\system\Database\BaseBuilder.php(2263): CodeIgniter\Database\BaseConnection->query('INSERT INTO `su...', Array, false)
#4 C:\xampp\htdocs\msbd\system\Model.php(278): CodeIgniter\Database\BaseBuilder->insert()
#5 C:\xampp\htdocs\msbd\system\BaseModel.php(758): CodeIgniter\Model->doInsert(Array)
#6 C:\xampp\htdocs\msbd\system\Model.php(705): CodeIgniter\BaseModel->insert(Array, true)
#7 C:\xampp\htdocs\msbd\app\Controllers\User.php(48): CodeIgniter\Model->insert(Array)
#8 C:\xampp\htdocs\msbd\system\CodeIgniter.php(936): App\Controllers\User->akta()
#9 C:\xampp\htdocs\msbd\system\CodeIgniter.php(432): CodeIgniter\CodeIgniter->runController(Object(App\Controllers\User))
#10 C:\xampp\htdocs\msbd\system\CodeIgniter.php(333): CodeIgniter\CodeIgniter->handleRequest(NULL, Object(Config\Cache), false)
#11 C:\xampp\htdocs\msbd\public\index.php(44): CodeIgniter\CodeIgniter->run()
#12 C:\xampp\htdocs\msbd\system\Commands\Server\rewrite.php(45): require_once('C:\\xampp\\htdocs...')
#13 {main}
CRITICAL - 2021-06-03 10:55:52 --> Unknown column 'nama_ayah' in 'field list'
#0 C:\xampp\htdocs\msbd\system\Database\MySQLi\Connection.php(314): mysqli->query('INSERT INTO `su...')
#1 C:\xampp\htdocs\msbd\system\Database\BaseConnection.php(713): CodeIgniter\Database\MySQLi\Connection->execute('INSERT INTO `su...')
#2 C:\xampp\htdocs\msbd\system\Database\BaseConnection.php(641): CodeIgniter\Database\BaseConnection->simpleQuery('INSERT INTO `su...')
#3 C:\xampp\htdocs\msbd\system\Database\BaseBuilder.php(2263): CodeIgniter\Database\BaseConnection->query('INSERT INTO `su...', Array, false)
#4 C:\xampp\htdocs\msbd\system\Model.php(278): CodeIgniter\Database\BaseBuilder->insert()
#5 C:\xampp\htdocs\msbd\system\BaseModel.php(758): CodeIgniter\Model->doInsert(Array)
#6 C:\xampp\htdocs\msbd\system\Model.php(705): CodeIgniter\BaseModel->insert(Array, true)
#7 C:\xampp\htdocs\msbd\app\Controllers\User.php(48): CodeIgniter\Model->insert(Array)
#8 C:\xampp\htdocs\msbd\system\CodeIgniter.php(936): App\Controllers\User->akta()
#9 C:\xampp\htdocs\msbd\system\CodeIgniter.php(432): CodeIgniter\CodeIgniter->runController(Object(App\Controllers\User))
#10 C:\xampp\htdocs\msbd\system\CodeIgniter.php(333): CodeIgniter\CodeIgniter->handleRequest(NULL, Object(Config\Cache), false)
#11 C:\xampp\htdocs\msbd\public\index.php(44): CodeIgniter\CodeIgniter->run()
#12 C:\xampp\htdocs\msbd\system\Commands\Server\rewrite.php(45): require_once('C:\\xampp\\htdocs...')
#13 {main}
CRITICAL - 2021-06-03 10:59:14 --> syntax error, unexpected end of file, expecting function (T_FUNCTION) or const (T_CONST)
#0 C:\xampp\htdocs\msbd\system\Router\Router.php(170): CodeIgniter\Router\Router->autoRoute('user/akta')
#1 C:\xampp\htdocs\msbd\system\CodeIgniter.php(816): CodeIgniter\Router\Router->handle('user/akta')
#2 C:\xampp\htdocs\msbd\system\CodeIgniter.php(385): CodeIgniter\CodeIgniter->tryToRouteIt(Object(CodeIgniter\Router\RouteCollection))
#3 C:\xampp\htdocs\msbd\system\CodeIgniter.php(333): CodeIgniter\CodeIgniter->handleRequest(NULL, Object(Config\Cache), false)
#4 C:\xampp\htdocs\msbd\public\index.php(44): CodeIgniter\CodeIgniter->run()
#5 C:\xampp\htdocs\msbd\system\Commands\Server\rewrite.php(45): require_once('C:\\xampp\\htdocs...')
#6 {main}
CRITICAL - 2021-06-03 10:59:31 --> Undefined variable: builder
#0 C:\xampp\htdocs\msbd\app\Controllers\User.php(40): CodeIgniter\Debug\Exceptions->errorHandler(8, 'Undefined varia...', 'C:\\xampp\\htdocs...', 40, Array)
#1 C:\xampp\htdocs\msbd\system\CodeIgniter.php(936): App\Controllers\User->akta()
#2 C:\xampp\htdocs\msbd\system\CodeIgniter.php(432): CodeIgniter\CodeIgniter->runController(Object(App\Controllers\User))
#3 C:\xampp\htdocs\msbd\system\CodeIgniter.php(333): CodeIgniter\CodeIgniter->handleRequest(NULL, Object(Config\Cache), false)
#4 C:\xampp\htdocs\msbd\public\index.php(44): CodeIgniter\CodeIgniter->run()
#5 C:\xampp\htdocs\msbd\system\Commands\Server\rewrite.php(45): require_once('C:\\xampp\\htdocs...')
#6 {main}
CRITICAL - 2021-06-03 11:02:16 --> Cannot use empty array elements in arrays
#0 [internal function]: CodeIgniter\Debug\Exceptions->shutdownHandler()
#1 {main}
CRITICAL - 2021-06-03 11:02:17 --> Cannot use empty array elements in arrays
#0 [internal function]: CodeIgniter\Debug\Exceptions->shutdownHandler()
#1 {main}
CRITICAL - 2021-06-03 11:02:23 --> Cannot use empty array elements in arrays
#0 [internal function]: CodeIgniter\Debug\Exceptions->shutdownHandler()
#1 {main}
ERROR - 2021-06-03 11:02:48 --> mysqli_sql_exception: Column 'nama_ayah' cannot be null in C:\xampp\htdocs\msbd\system\Database\MySQLi\Connection.php:314
Stack trace:
#0 C:\xampp\htdocs\msbd\system\Database\MySQLi\Connection.php(314): mysqli->query('INSERT INTO `ak...')
#1 C:\xampp\htdocs\msbd\system\Database\BaseConnection.php(713): CodeIgniter\Database\MySQLi\Connection->execute('INSERT INTO `ak...')
#2 C:\xampp\htdocs\msbd\system\Database\BaseConnection.php(641): CodeIgniter\Database\BaseConnection->simpleQuery('INSERT INTO `ak...')
#3 C:\xampp\htdocs\msbd\system\Database\BaseBuilder.php(2263): CodeIgniter\Database\BaseConnection->query('INSERT INTO `ak...', Array, false)
#4 C:\xampp\htdocs\msbd\app\Controllers\User.php(42): CodeIgniter\Database\BaseBuilder->insert(Array)
#5 C:\xampp\htdocs\msbd\system\CodeIgniter.php(936): App\Controllers\User->akta()
#6 C:\xampp\htdocs\msbd\system\CodeIgniter.php(432): CodeIgniter\CodeIgniter->runController(Object(App\Controllers\User))
#7 C:\xampp\htdocs\msbd\system\CodeIgniter.php(333): CodeIgniter\CodeIgniter->handleRequest(NULL, Object(Config\Cache), false)
#8 C:\xampp\htdocs\msbd\public\index.php(44): CodeIgniter\CodeIgniter->run()
#9 C:\xampp\htdocs\msbd\system\Commands\Server\rewrite.php(45): require_once('C:\\xampp\\htdocs...')
#10 {main}
CRITICAL - 2021-06-03 11:02:48 --> Column 'nama_ayah' cannot be null
#0 C:\xampp\htdocs\msbd\system\Database\MySQLi\Connection.php(314): mysqli->query('INSERT INTO `ak...')
#1 C:\xampp\htdocs\msbd\system\Database\BaseConnection.php(713): CodeIgniter\Database\MySQLi\Connection->execute('INSERT INTO `ak...')
#2 C:\xampp\htdocs\msbd\system\Database\BaseConnection.php(641): CodeIgniter\Database\BaseConnection->simpleQuery('INSERT INTO `ak...')
#3 C:\xampp\htdocs\msbd\system\Database\BaseBuilder.php(2263): CodeIgniter\Database\BaseConnection->query('INSERT INTO `ak...', Array, false)
#4 C:\xampp\htdocs\msbd\app\Controllers\User.php(42): CodeIgniter\Database\BaseBuilder->insert(Array)
#5 C:\xampp\htdocs\msbd\system\CodeIgniter.php(936): App\Controllers\User->akta()
#6 C:\xampp\htdocs\msbd\system\CodeIgniter.php(432): CodeIgniter\CodeIgniter->runController(Object(App\Controllers\User))
#7 C:\xampp\htdocs\msbd\system\CodeIgniter.php(333): CodeIgniter\CodeIgniter->handleRequest(NULL, Object(Config\Cache), false)
#8 C:\xampp\htdocs\msbd\public\index.php(44): CodeIgniter\CodeIgniter->run()
#9 C:\xampp\htdocs\msbd\system\Commands\Server\rewrite.php(45): require_once('C:\\xampp\\htdocs...')
#10 {main}
CRITICAL - 2021-06-03 21:10:02 --> You do not have sufficient permissions to access that page.
#0 C:\xampp\htdocs\msbd\system\Filters\Filters.php(181): Myth\Auth\Filters\RoleFilter->before(Object(CodeIgniter\HTTP\IncomingRequest), Array)
#1 C:\xampp\htdocs\msbd\system\CodeIgniter.php(403): CodeIgniter\Filters\Filters->run('admin', 'before')
#2 C:\xampp\htdocs\msbd\system\CodeIgniter.php(333): CodeIgniter\CodeIgniter->handleRequest(NULL, Object(Config\Cache), false)
#3 C:\xampp\htdocs\msbd\public\index.php(44): CodeIgniter\CodeIgniter->run()
#4 C:\xampp\htdocs\msbd\system\Commands\Server\rewrite.php(45): require_once('C:\\xampp\\htdocs...')
#5 {main}
CRITICAL - 2021-06-03 21:36:00 --> The original file is not a valid file.
#0 C:\xampp\htdocs\msbd\system\HTTP\Files\UploadedFile.php(143): CodeIgniter\HTTP\Exceptions\HTTPException::forInvalidFile()
#1 C:\xampp\htdocs\msbd\app\Controllers\User.php(45): CodeIgniter\HTTP\Files\UploadedFile->move('assets/images/')
#2 C:\xampp\htdocs\msbd\system\CodeIgniter.php(936): App\Controllers\User->akta()
#3 C:\xampp\htdocs\msbd\system\CodeIgniter.php(432): CodeIgniter\CodeIgniter->runController(Object(App\Controllers\User))
#4 C:\xampp\htdocs\msbd\system\CodeIgniter.php(333): CodeIgniter\CodeIgniter->handleRequest(NULL, Object(Config\Cache), false)
#5 C:\xampp\htdocs\msbd\public\index.php(44): CodeIgniter\CodeIgniter->run()
#6 C:\xampp\htdocs\msbd\system\Commands\Server\rewrite.php(45): require_once('C:\\xampp\\htdocs...')
#7 {main}
CRITICAL - 2021-06-03 21:56:18 --> Undefined variable: id
#0 C:\xampp\htdocs\msbd\app\Controllers\User.php(77): CodeIgniter\Debug\Exceptions->errorHandler(8, 'Undefined varia...', 'C:\\xampp\\htdocs...', 77, Array)
#1 C:\xampp\htdocs\msbd\system\CodeIgniter.php(936): App\Controllers\User->riwayat()
#2 C:\xampp\htdocs\msbd\system\CodeIgniter.php(432): CodeIgniter\CodeIgniter->runController(Object(App\Controllers\User))
#3 C:\xampp\htdocs\msbd\system\CodeIgniter.php(333): CodeIgniter\CodeIgniter->handleRequest(NULL, Object(Config\Cache), false)
#4 C:\xampp\htdocs\msbd\public\index.php(44): CodeIgniter\CodeIgniter->run()
#5 C:\xampp\htdocs\msbd\system\Commands\Server\rewrite.php(45): require_once('C:\\xampp\\htdocs...')
#6 {main}
CRITICAL - 2021-06-03 21:58:07 --> Call to undefined method CodeIgniter\Database\MySQLi\Result::getAll()
#0 C:\xampp\htdocs\msbd\system\CodeIgniter.php(936): App\Controllers\User->riwayat()
#1 C:\xampp\htdocs\msbd\system\CodeIgniter.php(432): CodeIgniter\CodeIgniter->runController(Object(App\Controllers\User))
#2 C:\xampp\htdocs\msbd\system\CodeIgniter.php(333): CodeIgniter\CodeIgniter->handleRequest(NULL, Object(Config\Cache), false)
#3 C:\xampp\htdocs\msbd\public\index.php(44): CodeIgniter\CodeIgniter->run()
#4 C:\xampp\htdocs\msbd\system\Commands\Server\rewrite.php(45): require_once('C:\\xampp\\htdocs...')
#5 {main}
CRITICAL - 2021-06-03 21:58:22 --> Call to undefined method CodeIgniter\Database\MySQLi\Result::findAll()
#0 C:\xampp\htdocs\msbd\system\CodeIgniter.php(936): App\Controllers\User->riwayat()
#1 C:\xampp\htdocs\msbd\system\CodeIgniter.php(432): CodeIgniter\CodeIgniter->runController(Object(App\Controllers\User))
#2 C:\xampp\htdocs\msbd\system\CodeIgniter.php(333): CodeIgniter\CodeIgniter->handleRequest(NULL, Object(Config\Cache), false)
#3 C:\xampp\htdocs\msbd\public\index.php(44): CodeIgniter\CodeIgniter->run()
#4 C:\xampp\htdocs\msbd\system\Commands\Server\rewrite.php(45): require_once('C:\\xampp\\htdocs...')
#5 {main}
CRITICAL - 2021-06-03 21:58:22 --> Call to undefined method CodeIgniter\Database\MySQLi\Result::findAll()
#0 C:\xampp\htdocs\msbd\system\CodeIgniter.php(936): App\Controllers\User->riwayat()
#1 C:\xampp\htdocs\msbd\system\CodeIgniter.php(432): CodeIgniter\CodeIgniter->runController(Object(App\Controllers\User))
#2 C:\xampp\htdocs\msbd\system\CodeIgniter.php(333): CodeIgniter\CodeIgniter->handleRequest(NULL, Object(Config\Cache), false)
#3 C:\xampp\htdocs\msbd\public\index.php(44): CodeIgniter\CodeIgniter->run()
#4 C:\xampp\htdocs\msbd\system\Commands\Server\rewrite.php(45): require_once('C:\\xampp\\htdocs...')
#5 {main}
CRITICAL - 2021-06-03 22:04:12 --> Call to undefined method CodeIgniter\Database\MySQLi\Result::find()
#0 C:\xampp\htdocs\msbd\system\CodeIgniter.php(936): App\Controllers\User->riwayat()
#1 C:\xampp\htdocs\msbd\system\CodeIgniter.php(432): CodeIgniter\CodeIgniter->runController(Object(App\Controllers\User))
#2 C:\xampp\htdocs\msbd\system\CodeIgniter.php(333): CodeIgniter\CodeIgniter->handleRequest(NULL, Object(Config\Cache), false)
#3 C:\xampp\htdocs\msbd\public\index.php(44): CodeIgniter\CodeIgniter->run()
#4 C:\xampp\htdocs\msbd\system\Commands\Server\rewrite.php(45): require_once('C:\\xampp\\htdocs...')
#5 {main}
CRITICAL - 2021-06-03 22:04:38 --> Invalid argument supplied for foreach()
#0 C:\xampp\htdocs\msbd\app\Views\sidebar\riwayat.php(15): CodeIgniter\Debug\Exceptions->errorHandler(2, 'Invalid argumen...', 'C:\\xampp\\htdocs...', 15, Array)
#1 C:\xampp\htdocs\msbd\system\View\View.php(220): include('C:\\xampp\\htdocs...')
#2 C:\xampp\htdocs\msbd\system\View\View.php(222): CodeIgniter\View\View->CodeIgniter\View\{closure}()
#3 C:\xampp\htdocs\msbd\system\Common.php(1217): CodeIgniter\View\View->render('sidebar/riwayat', Array, true)
#4 C:\xampp\htdocs\msbd\app\Controllers\User.php(82): view('sidebar/riwayat', Array)
#5 C:\xampp\htdocs\msbd\system\CodeIgniter.php(936): App\Controllers\User->riwayat()
#6 C:\xampp\htdocs\msbd\system\CodeIgniter.php(432): CodeIgniter\CodeIgniter->runController(Object(App\Controllers\User))
#7 C:\xampp\htdocs\msbd\system\CodeIgniter.php(333): CodeIgniter\CodeIgniter->handleRequest(NULL, Object(Config\Cache), false)
#8 C:\xampp\htdocs\msbd\public\index.php(44): CodeIgniter\CodeIgniter->run()
#9 C:\xampp\htdocs\msbd\system\Commands\Server\rewrite.php(45): require_once('C:\\xampp\\htdocs...')
#10 {main}
CRITICAL - 2021-06-03 22:05:15 --> Invalid argument supplied for foreach()
#0 C:\xampp\htdocs\msbd\app\Views\sidebar\riwayat.php(15): CodeIgniter\Debug\Exceptions->errorHandler(2, 'Invalid argumen...', 'C:\\xampp\\htdocs...', 15, Array)
#1 C:\xampp\htdocs\msbd\system\View\View.php(220): include('C:\\xampp\\htdocs...')
#2 C:\xampp\htdocs\msbd\system\View\View.php(222): CodeIgniter\View\View->CodeIgniter\View\{closure}()
#3 C:\xampp\htdocs\msbd\system\Common.php(1217): CodeIgniter\View\View->render('sidebar/riwayat', Array, true)
#4 C:\xampp\htdocs\msbd\app\Controllers\User.php(82): view('sidebar/riwayat', Array)
#5 C:\xampp\htdocs\msbd\system\CodeIgniter.php(936): App\Controllers\User->riwayat()
#6 C:\xampp\htdocs\msbd\system\CodeIgniter.php(432): CodeIgniter\CodeIgniter->runController(Object(App\Controllers\User))
#7 C:\xampp\htdocs\msbd\system\CodeIgniter.php(333): CodeIgniter\CodeIgniter->handleRequest(NULL, Object(Config\Cache), false)
#8 C:\xampp\htdocs\msbd\public\index.php(44): CodeIgniter\CodeIgniter->run()
#9 C:\xampp\htdocs\msbd\system\Commands\Server\rewrite.php(45): require_once('C:\\xampp\\htdocs...')
#10 {main}
CRITICAL - 2021-06-03 22:05:39 --> Trying to get property 'nama_ayah' of non-object
#0 C:\xampp\htdocs\msbd\app\Views\sidebar\riwayat.php(19): CodeIgniter\Debug\Exceptions->errorHandler(8, 'Trying to get p...', 'C:\\xampp\\htdocs...', 19, Array)
#1 C:\xampp\htdocs\msbd\system\View\View.php(220): include('C:\\xampp\\htdocs...')
#2 C:\xampp\htdocs\msbd\system\View\View.php(222): CodeIgniter\View\View->CodeIgniter\View\{closure}()
#3 C:\xampp\htdocs\msbd\system\Common.php(1217): CodeIgniter\View\View->render('sidebar/riwayat', Array, true)
#4 C:\xampp\htdocs\msbd\app\Controllers\User.php(82): view('sidebar/riwayat', Array)
#5 C:\xampp\htdocs\msbd\system\CodeIgniter.php(936): App\Controllers\User->riwayat()
#6 C:\xampp\htdocs\msbd\system\CodeIgniter.php(432): CodeIgniter\CodeIgniter->runController(Object(App\Controllers\User))
#7 C:\xampp\htdocs\msbd\system\CodeIgniter.php(333): CodeIgniter\CodeIgniter->handleRequest(NULL, Object(Config\Cache), false)
#8 C:\xampp\htdocs\msbd\public\index.php(44): CodeIgniter\CodeIgniter->run()
#9 C:\xampp\htdocs\msbd\system\Commands\Server\rewrite.php(45): require_once('C:\\xampp\\htdocs...')
#10 {main}
CRITICAL - 2021-06-03 22:08:33 --> Trying to get property 'nama_ayah' of non-object
#0 C:\xampp\htdocs\msbd\app\Views\sidebar\riwayat.php(19): CodeIgniter\Debug\Exceptions->errorHandler(8, 'Trying to get p...', 'C:\\xampp\\htdocs...', 19, Array)
#1 C:\xampp\htdocs\msbd\system\View\View.php(220): include('C:\\xampp\\htdocs...')
#2 C:\xampp\htdocs\msbd\system\View\View.php(222): CodeIgniter\View\View->CodeIgniter\View\{closure}()
#3 C:\xampp\htdocs\msbd\system\Common.php(1217): CodeIgniter\View\View->render('sidebar/riwayat', Array, true)
#4 C:\xampp\htdocs\msbd\app\Controllers\User.php(82): view('sidebar/riwayat', Array)
#5 C:\xampp\htdocs\msbd\system\CodeIgniter.php(936): App\Controllers\User->riwayat()
#6 C:\xampp\htdocs\msbd\system\CodeIgniter.php(432): CodeIgniter\CodeIgniter->runController(Object(App\Controllers\User))
#7 C:\xampp\htdocs\msbd\system\CodeIgniter.php(333): CodeIgniter\CodeIgniter->handleRequest(NULL, Object(Config\Cache), false)
#8 C:\xampp\htdocs\msbd\public\index.php(44): CodeIgniter\CodeIgniter->run()
#9 C:\xampp\htdocs\msbd\system\Commands\Server\rewrite.php(45): require_once('C:\\xampp\\htdocs...')
#10 {main}
CRITICAL - 2021-06-03 22:08:58 --> syntax error, unexpected '[', expecting identifier (T_STRING) or variable (T_VARIABLE) or '{' or '$'
#0 C:\xampp\htdocs\msbd\system\View\View.php(222): CodeIgniter\View\View->CodeIgniter\View\{closure}()
#1 C:\xampp\htdocs\msbd\system\Common.php(1217): CodeIgniter\View\View->render('sidebar/riwayat', Array, true)
#2 C:\xampp\htdocs\msbd\app\Controllers\User.php(82): view('sidebar/riwayat', Array)
#3 C:\xampp\htdocs\msbd\system\CodeIgniter.php(936): App\Controllers\User->riwayat()
#4 C:\xampp\htdocs\msbd\system\CodeIgniter.php(432): CodeIgniter\CodeIgniter->runController(Object(App\Controllers\User))
#5 C:\xampp\htdocs\msbd\system\CodeIgniter.php(333): CodeIgniter\CodeIgniter->handleRequest(NULL, Object(Config\Cache), false)
#6 C:\xampp\htdocs\msbd\public\index.php(44): CodeIgniter\CodeIgniter->run()
#7 C:\xampp\htdocs\msbd\system\Commands\Server\rewrite.php(45): require_once('C:\\xampp\\htdocs...')
#8 {main}
CRITICAL - 2021-06-03 22:09:20 --> Trying to get property 'nama_ayah' of non-object
#0 C:\xampp\htdocs\msbd\app\Views\sidebar\riwayat.php(19): CodeIgniter\Debug\Exceptions->errorHandler(8, 'Trying to get p...', 'C:\\xampp\\htdocs...', 19, Array)
#1 C:\xampp\htdocs\msbd\system\View\View.php(220): include('C:\\xampp\\htdocs...')
#2 C:\xampp\htdocs\msbd\system\View\View.php(222): CodeIgniter\View\View->CodeIgniter\View\{closure}()
#3 C:\xampp\htdocs\msbd\system\Common.php(1217): CodeIgniter\View\View->render('sidebar/riwayat', Array, true)
#4 C:\xampp\htdocs\msbd\app\Controllers\User.php(82): view('sidebar/riwayat', Array)
#5 C:\xampp\htdocs\msbd\system\CodeIgniter.php(936): App\Controllers\User->riwayat()
#6 C:\xampp\htdocs\msbd\system\CodeIgniter.php(432): CodeIgniter\CodeIgniter->runController(Object(App\Controllers\User))
#7 C:\xampp\htdocs\msbd\system\CodeIgniter.php(333): CodeIgniter\CodeIgniter->handleRequest(NULL, Object(Config\Cache), false)
#8 C:\xampp\htdocs\msbd\public\index.php(44): CodeIgniter\CodeIgniter->run()
#9 C:\xampp\htdocs\msbd\system\Commands\Server\rewrite.php(45): require_once('C:\\xampp\\htdocs...')
#10 {main}
CRITICAL - 2021-06-03 22:10:32 --> Trying to get property 'nama_ayah' of non-object
#0 C:\xampp\htdocs\msbd\app\Views\sidebar\riwayat.php(19): CodeIgniter\Debug\Exceptions->errorHandler(8, 'Trying to get p...', 'C:\\xampp\\htdocs...', 19, Array)
#1 C:\xampp\htdocs\msbd\system\View\View.php(220): include('C:\\xampp\\htdocs...')
#2 C:\xampp\htdocs\msbd\system\View\View.php(222): CodeIgniter\View\View->CodeIgniter\View\{closure}()
#3 C:\xampp\htdocs\msbd\system\Common.php(1217): CodeIgniter\View\View->render('sidebar/riwayat', Array, true)
#4 C:\xampp\htdocs\msbd\app\Controllers\User.php(82): view('sidebar/riwayat', Array)
#5 C:\xampp\htdocs\msbd\system\CodeIgniter.php(936): App\Controllers\User->riwayat()
#6 C:\xampp\htdocs\msbd\system\CodeIgniter.php(432): CodeIgniter\CodeIgniter->runController(Object(App\Controllers\User))
#7 C:\xampp\htdocs\msbd\system\CodeIgniter.php(333): CodeIgniter\CodeIgniter->handleRequest(NULL, Object(Config\Cache), false)
#8 C:\xampp\htdocs\msbd\public\index.php(44): CodeIgniter\CodeIgniter->run()
#9 C:\xampp\htdocs\msbd\system\Commands\Server\rewrite.php(45): require_once('C:\\xampp\\htdocs...')
#10 {main}
CRITICAL - 2021-06-03 22:11:51 --> Trying to get property 'nama_ayah' of non-object
#0 C:\xampp\htdocs\msbd\app\Views\sidebar\riwayat.php(19): CodeIgniter\Debug\Exceptions->errorHandler(8, 'Trying to get p...', 'C:\\xampp\\htdocs...', 19, Array)
#1 C:\xampp\htdocs\msbd\system\View\View.php(220): include('C:\\xampp\\htdocs...')
#2 C:\xampp\htdocs\msbd\system\View\View.php(222): CodeIgniter\View\View->CodeIgniter\View\{closure}()
#3 C:\xampp\htdocs\msbd\system\Common.php(1217): CodeIgniter\View\View->render('sidebar/riwayat', Array, true)
#4 C:\xampp\htdocs\msbd\app\Controllers\User.php(82): view('sidebar/riwayat', Array)
#5 C:\xampp\htdocs\msbd\system\CodeIgniter.php(936): App\Controllers\User->riwayat()
#6 C:\xampp\htdocs\msbd\system\CodeIgniter.php(432): CodeIgniter\CodeIgniter->runController(Object(App\Controllers\User))
#7 C:\xampp\htdocs\msbd\system\CodeIgniter.php(333): CodeIgniter\CodeIgniter->handleRequest(NULL, Object(Config\Cache), false)
#8 C:\xampp\htdocs\msbd\public\index.php(44): CodeIgniter\CodeIgniter->run()
#9 C:\xampp\htdocs\msbd\system\Commands\Server\rewrite.php(45): require_once('C:\\xampp\\htdocs...')
#10 {main}
CRITICAL - 2021-06-03 22:12:12 --> syntax error, unexpected '[', expecting identifier (T_STRING) or variable (T_VARIABLE) or '{' or '$'
#0 C:\xampp\htdocs\msbd\system\View\View.php(222): CodeIgniter\View\View->CodeIgniter\View\{closure}()
#1 C:\xampp\htdocs\msbd\system\Common.php(1217): CodeIgniter\View\View->render('sidebar/riwayat', Array, true)
#2 C:\xampp\htdocs\msbd\app\Controllers\User.php(82): view('sidebar/riwayat', Array)
#3 C:\xampp\htdocs\msbd\system\CodeIgniter.php(936): App\Controllers\User->riwayat()
#4 C:\xampp\htdocs\msbd\system\CodeIgniter.php(432): CodeIgniter\CodeIgniter->runController(Object(App\Controllers\User))
#5 C:\xampp\htdocs\msbd\system\CodeIgniter.php(333): CodeIgniter\CodeIgniter->handleRequest(NULL, Object(Config\Cache), false)
#6 C:\xampp\htdocs\msbd\public\index.php(44): CodeIgniter\CodeIgniter->run()
#7 C:\xampp\htdocs\msbd\system\Commands\Server\rewrite.php(45): require_once('C:\\xampp\\htdocs...')
#8 {main}
CRITICAL - 2021-06-03 22:12:33 --> Undefined variable: nama_ayah
#0 C:\xampp\htdocs\msbd\app\Views\sidebar\riwayat.php(19): CodeIgniter\Debug\Exceptions->errorHandler(8, 'Undefined varia...', 'C:\\xampp\\htdocs...', 19, Array)
#1 C:\xampp\htdocs\msbd\system\View\View.php(220): include('C:\\xampp\\htdocs...')
#2 C:\xampp\htdocs\msbd\system\View\View.php(222): CodeIgniter\View\View->CodeIgniter\View\{closure}()
#3 C:\xampp\htdocs\msbd\system\Common.php(1217): CodeIgniter\View\View->render('sidebar/riwayat', Array, true)
#4 C:\xampp\htdocs\msbd\app\Controllers\User.php(82): view('sidebar/riwayat', Array)
#5 C:\xampp\htdocs\msbd\system\CodeIgniter.php(936): App\Controllers\User->riwayat()
#6 C:\xampp\htdocs\msbd\system\CodeIgniter.php(432): CodeIgniter\CodeIgniter->runController(Object(App\Controllers\User))
#7 C:\xampp\htdocs\msbd\system\CodeIgniter.php(333): CodeIgniter\CodeIgniter->handleRequest(NULL, Object(Config\Cache), false)
#8 C:\xampp\htdocs\msbd\public\index.php(44): CodeIgniter\CodeIgniter->run()
#9 C:\xampp\htdocs\msbd\system\Commands\Server\rewrite.php(45): require_once('C:\\xampp\\htdocs...')
#10 {main}
CRITICAL - 2021-06-03 22:14:38 --> Undefined variable: id
#0 C:\xampp\htdocs\msbd\app\Controllers\User.php(78): CodeIgniter\Debug\Exceptions->errorHandler(8, 'Undefined varia...', 'C:\\xampp\\htdocs...', 78, Array)
#1 C:\xampp\htdocs\msbd\system\CodeIgniter.php(936): App\Controllers\User->riwayat()
#2 C:\xampp\htdocs\msbd\system\CodeIgniter.php(432): CodeIgniter\CodeIgniter->runController(Object(App\Controllers\User))
#3 C:\xampp\htdocs\msbd\system\CodeIgniter.php(333): CodeIgniter\CodeIgniter->handleRequest(NULL, Object(Config\Cache), false)
#4 C:\xampp\htdocs\msbd\public\index.php(44): CodeIgniter\CodeIgniter->run()
#5 C:\xampp\htdocs\msbd\system\Commands\Server\rewrite.php(45): require_once('C:\\xampp\\htdocs...')
#6 {main}
CRITICAL - 2021-06-03 22:28:03 --> syntax error, unexpected ';', expecting ']'
#0 C:\xampp\htdocs\msbd\system\Router\Router.php(170): CodeIgniter\Router\Router->autoRoute('user/lahir')
#1 C:\xampp\htdocs\msbd\system\CodeIgniter.php(816): CodeIgniter\Router\Router->handle('user/lahir')
#2 C:\xampp\htdocs\msbd\system\CodeIgniter.php(385): CodeIgniter\CodeIgniter->tryToRouteIt(Object(CodeIgniter\Router\RouteCollection))
#3 C:\xampp\htdocs\msbd\system\CodeIgniter.php(333): CodeIgniter\CodeIgniter->handleRequest(NULL, Object(Config\Cache), false)
#4 C:\xampp\htdocs\msbd\public\index.php(44): CodeIgniter\CodeIgniter->run()
#5 C:\xampp\htdocs\msbd\system\Commands\Server\rewrite.php(45): require_once('C:\\xampp\\htdocs...')
#6 {main}
CRITICAL - 2021-06-03 22:30:58 --> syntax error, unexpected ';', expecting ']'
#0 C:\xampp\htdocs\msbd\system\Router\Router.php(170): CodeIgniter\Router\Router->autoRoute('user/lahir')
#1 C:\xampp\htdocs\msbd\system\CodeIgniter.php(816): CodeIgniter\Router\Router->handle('user/lahir')
#2 C:\xampp\htdocs\msbd\system\CodeIgniter.php(385): CodeIgniter\CodeIgniter->tryToRouteIt(Object(CodeIgniter\Router\RouteCollection))
#3 C:\xampp\htdocs\msbd\system\CodeIgniter.php(333): CodeIgniter\CodeIgniter->handleRequest(NULL, Object(Config\Cache), false)
#4 C:\xampp\htdocs\msbd\public\index.php(44): CodeIgniter\CodeIgniter->run()
#5 C:\xampp\htdocs\msbd\system\Commands\Server\rewrite.php(45): require_once('C:\\xampp\\htdocs...')
#6 {main}
CRITICAL - 2021-06-03 22:32:18 --> Call to undefined method App\Controllers\User::user_id()
#0 C:\xampp\htdocs\msbd\system\CodeIgniter.php(936): App\Controllers\User->akta()
#1 C:\xampp\htdocs\msbd\system\CodeIgniter.php(432): CodeIgniter\CodeIgniter->runController(Object(App\Controllers\User))
#2 C:\xampp\htdocs\msbd\system\CodeIgniter.php(333): CodeIgniter\CodeIgniter->handleRequest(NULL, Object(Config\Cache), false)
#3 C:\xampp\htdocs\msbd\public\index.php(44): CodeIgniter\CodeIgniter->run()
#4 C:\xampp\htdocs\msbd\system\Commands\Server\rewrite.php(45): require_once('C:\\xampp\\htdocs...')
#5 {main}
CRITICAL - 2021-06-03 22:37:04 --> Undefined property: stdClass::$dokumen
#0 C:\xampp\htdocs\msbd\app\Views\sidebar\riwayat.php(26): CodeIgniter\Debug\Exceptions->errorHandler(8, 'Undefined prope...', 'C:\\xampp\\htdocs...', 26, Array)
#1 C:\xampp\htdocs\msbd\system\View\View.php(220): include('C:\\xampp\\htdocs...')
#2 C:\xampp\htdocs\msbd\system\View\View.php(222): CodeIgniter\View\View->CodeIgniter\View\{closure}()
#3 C:\xampp\htdocs\msbd\system\Common.php(1217): CodeIgniter\View\View->render('sidebar/riwayat', Array, true)
#4 C:\xampp\htdocs\msbd\app\Controllers\User.php(83): view('sidebar/riwayat', Array)
#5 C:\xampp\htdocs\msbd\system\CodeIgniter.php(936): App\Controllers\User->riwayat()
#6 C:\xampp\htdocs\msbd\system\CodeIgniter.php(432): CodeIgniter\CodeIgniter->runController(Object(App\Controllers\User))
#7 C:\xampp\htdocs\msbd\system\CodeIgniter.php(333): CodeIgniter\CodeIgniter->handleRequest(NULL, Object(Config\Cache), false)
#8 C:\xampp\htdocs\msbd\public\index.php(44): CodeIgniter\CodeIgniter->run()
#9 C:\xampp\htdocs\msbd\system\Commands\Server\rewrite.php(45): require_once('C:\\xampp\\htdocs...')
#10 {main}
CRITICAL - 2021-06-03 22:37:35 --> Undefined property: stdClass::$dokumen
#0 C:\xampp\htdocs\msbd\app\Views\sidebar\riwayat.php(26): CodeIgniter\Debug\Exceptions->errorHandler(8, 'Undefined prope...', 'C:\\xampp\\htdocs...', 26, Array)
#1 C:\xampp\htdocs\msbd\system\View\View.php(220): include('C:\\xampp\\htdocs...')
#2 C:\xampp\htdocs\msbd\system\View\View.php(222): CodeIgniter\View\View->CodeIgniter\View\{closure}()
#3 C:\xampp\htdocs\msbd\system\Common.php(1217): CodeIgniter\View\View->render('sidebar/riwayat', Array, true)
#4 C:\xampp\htdocs\msbd\app\Controllers\User.php(83): view('sidebar/riwayat', Array)
#5 C:\xampp\htdocs\msbd\system\CodeIgniter.php(936): App\Controllers\User->riwayat()
#6 C:\xampp\htdocs\msbd\system\CodeIgniter.php(432): CodeIgniter\CodeIgniter->runController(Object(App\Controllers\User))
#7 C:\xampp\htdocs\msbd\system\CodeIgniter.php(333): CodeIgniter\CodeIgniter->handleRequest(NULL, Object(Config\Cache), false)
#8 C:\xampp\htdocs\msbd\public\index.php(44): CodeIgniter\CodeIgniter->run()
#9 C:\xampp\htdocs\msbd\system\Commands\Server\rewrite.php(45): require_once('C:\\xampp\\htdocs...')
#10 {main}
CRITICAL - 2021-06-03 22:38:21 --> Undefined variable: no
#0 C:\xampp\htdocs\msbd\app\Views\sidebar\riwayat.php(21): CodeIgniter\Debug\Exceptions->errorHandler(8, 'Undefined varia...', 'C:\\xampp\\htdocs...', 21, Array)
#1 C:\xampp\htdocs\msbd\system\View\View.php(220): include('C:\\xampp\\htdocs...')
#2 C:\xampp\htdocs\msbd\system\View\View.php(222): CodeIgniter\View\View->CodeIgniter\View\{closure}()
#3 C:\xampp\htdocs\msbd\system\Common.php(1217): CodeIgniter\View\View->render('sidebar/riwayat', Array, true)
#4 C:\xampp\htdocs\msbd\app\Controllers\User.php(83): view('sidebar/riwayat', Array)
#5 C:\xampp\htdocs\msbd\system\CodeIgniter.php(936): App\Controllers\User->riwayat()
#6 C:\xampp\htdocs\msbd\system\CodeIgniter.php(432): CodeIgniter\CodeIgniter->runController(Object(App\Controllers\User))
#7 C:\xampp\htdocs\msbd\system\CodeIgniter.php(333): CodeIgniter\CodeIgniter->handleRequest(NULL, Object(Config\Cache), false)
#8 C:\xampp\htdocs\msbd\public\index.php(44): CodeIgniter\CodeIgniter->run()
#9 C:\xampp\htdocs\msbd\system\Commands\Server\rewrite.php(45): require_once('C:\\xampp\\htdocs...')
#10 {main}
CRITICAL - 2021-06-03 22:38:31 --> Undefined variable: no
#0 C:\xampp\htdocs\msbd\app\Views\sidebar\riwayat.php(21): CodeIgniter\Debug\Exceptions->errorHandler(8, 'Undefined varia...', 'C:\\xampp\\htdocs...', 21, Array)
#1 C:\xampp\htdocs\msbd\system\View\View.php(220): include('C:\\xampp\\htdocs...')
#2 C:\xampp\htdocs\msbd\system\View\View.php(222): CodeIgniter\View\View->CodeIgniter\View\{closure}()
#3 C:\xampp\htdocs\msbd\system\Common.php(1217): CodeIgniter\View\View->render('sidebar/riwayat', Array, true)
#4 C:\xampp\htdocs\msbd\app\Controllers\User.php(83): view('sidebar/riwayat', Array)
#5 C:\xampp\htdocs\msbd\system\CodeIgniter.php(936): App\Controllers\User->riwayat()
#6 C:\xampp\htdocs\msbd\system\CodeIgniter.php(432): CodeIgniter\CodeIgniter->runController(Object(App\Controllers\User))
#7 C:\xampp\htdocs\msbd\system\CodeIgniter.php(333): CodeIgniter\CodeIgniter->handleRequest(NULL, Object(Config\Cache), false)
#8 C:\xampp\htdocs\msbd\public\index.php(44): CodeIgniter\CodeIgniter->run()
#9 C:\xampp\htdocs\msbd\system\Commands\Server\rewrite.php(45): require_once('C:\\xampp\\htdocs...')
#10 {main}
CRITICAL - 2021-06-03 22:38:49 --> Undefined variable: no
#0 C:\xampp\htdocs\msbd\app\Views\sidebar\riwayat.php(22): CodeIgniter\Debug\Exceptions->errorHandler(8, 'Undefined varia...', 'C:\\xampp\\htdocs...', 22, Array)
#1 C:\xampp\htdocs\msbd\system\View\View.php(220): include('C:\\xampp\\htdocs...')
#2 C:\xampp\htdocs\msbd\system\View\View.php(222): CodeIgniter\View\View->CodeIgniter\View\{closure}()
#3 C:\xampp\htdocs\msbd\system\Common.php(1217): CodeIgniter\View\View->render('sidebar/riwayat', Array, true)
#4 C:\xampp\htdocs\msbd\app\Controllers\User.php(83): view('sidebar/riwayat', Array)
#5 C:\xampp\htdocs\msbd\system\CodeIgniter.php(936): App\Controllers\User->riwayat()
#6 C:\xampp\htdocs\msbd\system\CodeIgniter.php(432): CodeIgniter\CodeIgniter->runController(Object(App\Controllers\User))
#7 C:\xampp\htdocs\msbd\system\CodeIgniter.php(333): CodeIgniter\CodeIgniter->handleRequest(NULL, Object(Config\Cache), false)
#8 C:\xampp\htdocs\msbd\public\index.php(44): CodeIgniter\CodeIgniter->run()
#9 C:\xampp\htdocs\msbd\system\Commands\Server\rewrite.php(45): require_once('C:\\xampp\\htdocs...')
#10 {main}
CRITICAL - 2021-06-03 22:39:05 --> Undefined variable: no
#0 C:\xampp\htdocs\msbd\app\Views\sidebar\riwayat.php(23): CodeIgniter\Debug\Exceptions->errorHandler(8, 'Undefined varia...', 'C:\\xampp\\htdocs...', 23, Array)
#1 C:\xampp\htdocs\msbd\system\View\View.php(220): include('C:\\xampp\\htdocs...')
#2 C:\xampp\htdocs\msbd\system\View\View.php(222): CodeIgniter\View\View->CodeIgniter\View\{closure}()
#3 C:\xampp\htdocs\msbd\system\Common.php(1217): CodeIgniter\View\View->render('sidebar/riwayat', Array, true)
#4 C:\xampp\htdocs\msbd\app\Controllers\User.php(83): view('sidebar/riwayat', Array)
#5 C:\xampp\htdocs\msbd\system\CodeIgniter.php(936): App\Controllers\User->riwayat()
#6 C:\xampp\htdocs\msbd\system\CodeIgniter.php(432): CodeIgniter\CodeIgniter->runController(Object(App\Controllers\User))
#7 C:\xampp\htdocs\msbd\system\CodeIgniter.php(333): CodeIgniter\CodeIgniter->handleRequest(NULL, Object(Config\Cache), false)
#8 C:\xampp\htdocs\msbd\public\index.php(44): CodeIgniter\CodeIgniter->run()
#9 C:\xampp\htdocs\msbd\system\Commands\Server\rewrite.php(45): require_once('C:\\xampp\\htdocs...')
#10 {main}
CRITICAL - 2021-06-03 22:40:49 --> Undefined variable: no
#0 C:\xampp\htdocs\msbd\app\Views\sidebar\riwayat.php(22): CodeIgniter\Debug\Exceptions->errorHandler(8, 'Undefined varia...', 'C:\\xampp\\htdocs...', 22, Array)
#1 C:\xampp\htdocs\msbd\system\View\View.php(220): include('C:\\xampp\\htdocs...')
#2 C:\xampp\htdocs\msbd\system\View\View.php(222): CodeIgniter\View\View->CodeIgniter\View\{closure}()
#3 C:\xampp\htdocs\msbd\system\Common.php(1217): CodeIgniter\View\View->render('sidebar/riwayat', Array, true)
#4 C:\xampp\htdocs\msbd\app\Controllers\User.php(83): view('sidebar/riwayat', Array)
#5 C:\xampp\htdocs\msbd\system\CodeIgniter.php(936): App\Controllers\User->riwayat()
#6 C:\xampp\htdocs\msbd\system\CodeIgniter.php(432): CodeIgniter\CodeIgniter->runController(Object(App\Controllers\User))
#7 C:\xampp\htdocs\msbd\system\CodeIgniter.php(333): CodeIgniter\CodeIgniter->handleRequest(NULL, Object(Config\Cache), false)
#8 C:\xampp\htdocs\msbd\public\index.php(44): CodeIgniter\CodeIgniter->run()
#9 C:\xampp\htdocs\msbd\system\Commands\Server\rewrite.php(45): require_once('C:\\xampp\\htdocs...')
#10 {main}
CRITICAL - 2021-06-03 22:55:57 --> Call to undefined function App\Controllers\NOW()
#0 C:\xampp\htdocs\msbd\system\CodeIgniter.php(936): App\Controllers\User->akta()
#1 C:\xampp\htdocs\msbd\system\CodeIgniter.php(432): CodeIgniter\CodeIgniter->runController(Object(App\Controllers\User))
#2 C:\xampp\htdocs\msbd\system\CodeIgniter.php(333): CodeIgniter\CodeIgniter->handleRequest(NULL, Object(Config\Cache), false)
#3 C:\xampp\htdocs\msbd\public\index.php(44): CodeIgniter\CodeIgniter->run()
#4 C:\xampp\htdocs\msbd\system\Commands\Server\rewrite.php(45): require_once('C:\\xampp\\htdocs...')
#5 {main}
CRITICAL - 2021-06-03 22:57:05 --> Undefined property: App\Controllers\User::$load
#0 C:\xampp\htdocs\msbd\app\Controllers\User.php(39): CodeIgniter\Debug\Exceptions->errorHandler(8, 'Undefined prope...', 'C:\\xampp\\htdocs...', 39, Array)
#1 C:\xampp\htdocs\msbd\system\CodeIgniter.php(936): App\Controllers\User->akta()
#2 C:\xampp\htdocs\msbd\system\CodeIgniter.php(432): CodeIgniter\CodeIgniter->runController(Object(App\Controllers\User))
#3 C:\xampp\htdocs\msbd\system\CodeIgniter.php(333): CodeIgniter\CodeIgniter->handleRequest(NULL, Object(Config\Cache), false)
#4 C:\xampp\htdocs\msbd\public\index.php(44): CodeIgniter\CodeIgniter->run()
#5 C:\xampp\htdocs\msbd\system\Commands\Server\rewrite.php(45): require_once('C:\\xampp\\htdocs...')
#6 {main}
CRITICAL - 2021-06-03 22:57:18 --> Call to undefined method App\Controllers\User::helper()
#0 C:\xampp\htdocs\msbd\system\CodeIgniter.php(936): App\Controllers\User->akta()
#1 C:\xampp\htdocs\msbd\system\CodeIgniter.php(432): CodeIgniter\CodeIgniter->runController(Object(App\Controllers\User))
#2 C:\xampp\htdocs\msbd\system\CodeIgniter.php(333): CodeIgniter\CodeIgniter->handleRequest(NULL, Object(Config\Cache), false)
#3 C:\xampp\htdocs\msbd\public\index.php(44): CodeIgniter\CodeIgniter->run()
#4 C:\xampp\htdocs\msbd\system\Commands\Server\rewrite.php(45): require_once('C:\\xampp\\htdocs...')
#5 {main}
CRITICAL - 2021-06-03 22:59:52 --> syntax error, unexpected 'protected' (T_PROTECTED)
#0 C:\xampp\htdocs\msbd\system\Router\Router.php(170): CodeIgniter\Router\Router->autoRoute('user/akta')
#1 C:\xampp\htdocs\msbd\system\CodeIgniter.php(816): CodeIgniter\Router\Router->handle('user/akta')
#2 C:\xampp\htdocs\msbd\system\CodeIgniter.php(385): CodeIgniter\CodeIgniter->tryToRouteIt(Object(CodeIgniter\Router\RouteCollection))
#3 C:\xampp\htdocs\msbd\system\CodeIgniter.php(333): CodeIgniter\CodeIgniter->handleRequest(NULL, Object(Config\Cache), false)
#4 C:\xampp\htdocs\msbd\public\index.php(44): CodeIgniter\CodeIgniter->run()
#5 C:\xampp\htdocs\msbd\system\Commands\Server\rewrite.php(45): require_once('C:\\xampp\\htdocs...')
#6 {main}
CRITICAL - 2021-06-03 23:01:57 --> Undefined property: stdClass::$nama_status
#0 C:\xampp\htdocs\msbd\app\Views\sidebar\riwayat.php(24): CodeIgniter\Debug\Exceptions->errorHandler(8, 'Undefined prope...', 'C:\\xampp\\htdocs...', 24, Array)
#1 C:\xampp\htdocs\msbd\system\View\View.php(220): include('C:\\xampp\\htdocs...')
#2 C:\xampp\htdocs\msbd\system\View\View.php(222): CodeIgniter\View\View->CodeIgniter\View\{closure}()
#3 C:\xampp\htdocs\msbd\system\Common.php(1217): CodeIgniter\View\View->render('sidebar/riwayat', Array, true)
#4 C:\xampp\htdocs\msbd\app\Controllers\User.php(89): view('sidebar/riwayat', Array)
#5 C:\xampp\htdocs\msbd\system\CodeIgniter.php(936): App\Controllers\User->riwayat()
#6 C:\xampp\htdocs\msbd\system\CodeIgniter.php(432): CodeIgniter\CodeIgniter->runController(Object(App\Controllers\User))
#7 C:\xampp\htdocs\msbd\system\CodeIgniter.php(333): CodeIgniter\CodeIgniter->handleRequest(NULL, Object(Config\Cache), false)
#8 C:\xampp\htdocs\msbd\public\index.php(44): CodeIgniter\CodeIgniter->run()
#9 C:\xampp\htdocs\msbd\system\Commands\Server\rewrite.php(45): require_once('C:\\xampp\\htdocs...')
#10 {main}
CRITICAL - 2021-06-03 23:16:33 --> syntax error, unexpected ','
#0 C:\xampp\htdocs\msbd\system\View\View.php(222): CodeIgniter\View\View->CodeIgniter\View\{closure}()
#1 C:\xampp\htdocs\msbd\system\Common.php(1217): CodeIgniter\View\View->render('sidebar/riwayat', Array, true)
#2 C:\xampp\htdocs\msbd\app\Controllers\User.php(96): view('sidebar/riwayat', Array)
#3 C:\xampp\htdocs\msbd\system\CodeIgniter.php(936): App\Controllers\User->riwayat()
#4 C:\xampp\htdocs\msbd\system\CodeIgniter.php(432): CodeIgniter\CodeIgniter->runController(Object(App\Controllers\User))
#5 C:\xampp\htdocs\msbd\system\CodeIgniter.php(333): CodeIgniter\CodeIgniter->handleRequest(NULL, Object(Config\Cache), false)
#6 C:\xampp\htdocs\msbd\public\index.php(44): CodeIgniter\CodeIgniter->run()
#7 C:\xampp\htdocs\msbd\system\Commands\Server\rewrite.php(45): require_once('C:\\xampp\\htdocs...')
#8 {main}
CRITICAL - 2021-06-03 23:16:38 --> syntax error, unexpected ','
#0 C:\xampp\htdocs\msbd\system\View\View.php(222): CodeIgniter\View\View->CodeIgniter\View\{closure}()
#1 C:\xampp\htdocs\msbd\system\Common.php(1217): CodeIgniter\View\View->render('sidebar/riwayat', Array, true)
#2 C:\xampp\htdocs\msbd\app\Controllers\User.php(96): view('sidebar/riwayat', Array)
#3 C:\xampp\htdocs\msbd\system\CodeIgniter.php(936): App\Controllers\User->riwayat()
#4 C:\xampp\htdocs\msbd\system\CodeIgniter.php(432): CodeIgniter\CodeIgniter->runController(Object(App\Controllers\User))
#5 C:\xampp\htdocs\msbd\system\CodeIgniter.php(333): CodeIgniter\CodeIgniter->handleRequest(NULL, Object(Config\Cache), false)
#6 C:\xampp\htdocs\msbd\public\index.php(44): CodeIgniter\CodeIgniter->run()
#7 C:\xampp\htdocs\msbd\system\Commands\Server\rewrite.php(45): require_once('C:\\xampp\\htdocs...')
#8 {main}
CRITICAL - 2021-06-03 23:16:48 --> syntax error, unexpected end of file, expecting elseif (T_ELSEIF) or else (T_ELSE) or endif (T_ENDIF)
#0 C:\xampp\htdocs\msbd\system\View\View.php(222): CodeIgniter\View\View->CodeIgniter\View\{closure}()
#1 C:\xampp\htdocs\msbd\system\Common.php(1217): CodeIgniter\View\View->render('sidebar/riwayat', Array, true)
#2 C:\xampp\htdocs\msbd\app\Controllers\User.php(96): view('sidebar/riwayat', Array)
#3 C:\xampp\htdocs\msbd\system\CodeIgniter.php(936): App\Controllers\User->riwayat()
#4 C:\xampp\htdocs\msbd\system\CodeIgniter.php(432): CodeIgniter\CodeIgniter->runController(Object(App\Controllers\User))
#5 C:\xampp\htdocs\msbd\system\CodeIgniter.php(333): CodeIgniter\CodeIgniter->handleRequest(NULL, Object(Config\Cache), false)
#6 C:\xampp\htdocs\msbd\public\index.php(44): CodeIgniter\CodeIgniter->run()
#7 C:\xampp\htdocs\msbd\system\Commands\Server\rewrite.php(45): require_once('C:\\xampp\\htdocs...')
#8 {main}
CRITICAL - 2021-06-03 23:17:20 --> syntax error, unexpected 'Action' (T_STRING)
#0 C:\xampp\htdocs\msbd\system\View\View.php(222): CodeIgniter\View\View->CodeIgniter\View\{closure}()
#1 C:\xampp\htdocs\msbd\system\Common.php(1217): CodeIgniter\View\View->render('sidebar/riwayat', Array, true)
#2 C:\xampp\htdocs\msbd\app\Controllers\User.php(96): view('sidebar/riwayat', Array)
#3 C:\xampp\htdocs\msbd\system\CodeIgniter.php(936): App\Controllers\User->riwayat()
#4 C:\xampp\htdocs\msbd\system\CodeIgniter.php(432): CodeIgniter\CodeIgniter->runController(Object(App\Controllers\User))
#5 C:\xampp\htdocs\msbd\system\CodeIgniter.php(333): CodeIgniter\CodeIgniter->handleRequest(NULL, Object(Config\Cache), false)
#6 C:\xampp\htdocs\msbd\public\index.php(44): CodeIgniter\CodeIgniter->run()
#7 C:\xampp\htdocs\msbd\system\Commands\Server\rewrite.php(45): require_once('C:\\xampp\\htdocs...')
#8 {main}
CRITICAL - 2021-06-03 23:22:52 --> Invalid file: sidebar/editsurat.php
#0 C:\xampp\htdocs\msbd\system\View\View.php(203): CodeIgniter\Exceptions\FrameworkException::forInvalidFile('sidebar/editsur...')
#1 C:\xampp\htdocs\msbd\system\Common.php(1217): CodeIgniter\View\View->render('sidebar/editsur...', Array, true)
#2 C:\xampp\htdocs\msbd\app\Controllers\User.php(103): view('sidebar/editsur...')
#3 C:\xampp\htdocs\msbd\system\CodeIgniter.php(936): App\Controllers\User->editSurat('4')
#4 C:\xampp\htdocs\msbd\system\CodeIgniter.php(432): CodeIgniter\CodeIgniter->runController(Object(App\Controllers\User))
#5 C:\xampp\htdocs\msbd\system\CodeIgniter.php(333): CodeIgniter\CodeIgniter->handleRequest(NULL, Object(Config\Cache), false)
#6 C:\xampp\htdocs\msbd\public\index.php(44): CodeIgniter\CodeIgniter->run()
#7 C:\xampp\htdocs\msbd\system\Commands\Server\rewrite.php(45): require_once('C:\\xampp\\htdocs...')
#8 {main}
CRITICAL - 2021-06-03 23:41:12 --> Class 'Myth\Auth\Filters\LoginFilter' not found
#0 C:\xampp\htdocs\msbd\system\CodeIgniter.php(403): CodeIgniter\Filters\Filters->run('user/riwayat', 'before')
#1 C:\xampp\htdocs\msbd\system\CodeIgniter.php(333): CodeIgniter\CodeIgniter->handleRequest(NULL, Object(Config\Cache), false)
#2 C:\xampp\htdocs\msbd\public\index.php(44): CodeIgniter\CodeIgniter->run()
#3 C:\xampp\htdocs\msbd\system\Commands\Server\rewrite.php(45): require_once('C:\\xampp\\htdocs...')
#4 {main}
CRITICAL - 2021-06-03 23:42:25 --> Class 'Myth\Auth\Filters\LoginFilter' not found
#0 C:\xampp\htdocs\msbd\system\CodeIgniter.php(403): CodeIgniter\Filters\Filters->run('user/riwayat', 'before')
#1 C:\xampp\htdocs\msbd\system\CodeIgniter.php(333): CodeIgniter\CodeIgniter->handleRequest(NULL, Object(Config\Cache), false)
#2 C:\xampp\htdocs\msbd\public\index.php(44): CodeIgniter\CodeIgniter->run()
#3 C:\xampp\htdocs\msbd\system\Commands\Server\rewrite.php(45): require_once('C:\\xampp\\htdocs...')
#4 {main}
CRITICAL - 2021-06-03 23:42:50 --> Class 'Myth\Auth\Filters\LoginFilter' not found
#0 C:\xampp\htdocs\msbd\system\CodeIgniter.php(403): CodeIgniter\Filters\Filters->run('user/riwayat', 'before')
#1 C:\xampp\htdocs\msbd\system\CodeIgniter.php(333): CodeIgniter\CodeIgniter->handleRequest(NULL, Object(Config\Cache), false)
#2 C:\xampp\htdocs\msbd\public\index.php(44): CodeIgniter\CodeIgniter->run()
#3 C:\xampp\htdocs\msbd\system\Commands\Server\rewrite.php(45): require_once('C:\\xampp\\htdocs...')
#4 {main}
CRITICAL - 2021-06-03 23:44:19 --> Class 'Myth\Auth\Filters\RoleFilter' not found
#0 C:\xampp\htdocs\msbd\system\CodeIgniter.php(403): CodeIgniter\Filters\Filters->run('admin', 'before')
#1 C:\xampp\htdocs\msbd\system\CodeIgniter.php(333): CodeIgniter\CodeIgniter->handleRequest(NULL, Object(Config\Cache), false)
#2 C:\xampp\htdocs\msbd\public\index.php(44): CodeIgniter\CodeIgniter->run()
#3 C:\xampp\htdocs\msbd\system\Commands\Server\rewrite.php(45): require_once('C:\\xampp\\htdocs...')
#4 {main}
CRITICAL - 2021-06-03 23:45:24 --> Declaration of Myth\Auth\Filters\RoleFilter::after(CodeIgniter\HTTP\RequestInterface $request, CodeIgniter\HTTP\ResponseInterface $response) must be compatible with CodeIgniter\Filters\FilterInterface::after(CodeIgniter\HTTP\RequestInterface $request, CodeIgniter\HTTP\ResponseInterface $response, $arguments = NULL)
#0 [internal function]: CodeIgniter\Debug\Exceptions->shutdownHandler()
#1 {main}
CRITICAL - 2021-06-03 23:46:30 --> Declaration of Myth\Auth\Filters\RoleFilter::after(CodeIgniter\HTTP\RequestInterface $request, CodeIgniter\HTTP\ResponseInterface $response) must be compatible with CodeIgniter\Filters\FilterInterface::after(CodeIgniter\HTTP\RequestInterface $request, CodeIgniter\HTTP\ResponseInterface $response, $arguments = NULL)
#0 [internal function]: CodeIgniter\Debug\Exceptions->shutdownHandler()
#1 {main}
CRITICAL - 2021-06-03 23:47:07 --> Declaration of Myth\Auth\Filters\LoginFilter::before(CodeIgniter\HTTP\RequestInterface $request) must be compatible with CodeIgniter\Filters\FilterInterface::before(CodeIgniter\HTTP\RequestInterface $request, $arguments = NULL)
#0 [internal function]: CodeIgniter\Debug\Exceptions->shutdownHandler()
#1 {main}
CRITICAL - 2021-06-03 23:47:48 --> Declaration of Myth\Auth\Filters\LoginFilter::after(CodeIgniter\HTTP\RequestInterface $request, CodeIgniter\HTTP\ResponseInterface $response) must be compatible with CodeIgniter\Filters\FilterInterface::after(CodeIgniter\HTTP\RequestInterface $request, CodeIgniter\HTTP\ResponseInterface $response, $arguments = NULL)
#0 [internal function]: CodeIgniter\Debug\Exceptions->shutdownHandler()
#1 {main}
