CRITICAL - 2021-06-22 01:19:08 --> Undefined variable: db
#0 C:\xampp\htdocs\msbd_tubes\app\Controllers\SIMB.php(13): CodeIgniter\Debug\Exceptions->errorHandler(8, 'Undefined varia...', 'C:\\xampp\\htdocs...', 13, Array)
#1 C:\xampp\htdocs\msbd_tubes\system\CodeIgniter.php(936): App\Controllers\SIMB->index()
#2 C:\xampp\htdocs\msbd_tubes\system\CodeIgniter.php(432): CodeIgniter\CodeIgniter->runController(Object(App\Controllers\SIMB))
#3 C:\xampp\htdocs\msbd_tubes\system\CodeIgniter.php(333): CodeIgniter\CodeIgniter->handleRequest(NULL, Object(Config\Cache), false)
#4 C:\xampp\htdocs\msbd_tubes\public\index.php(44): CodeIgniter\CodeIgniter->run()
#5 C:\xampp\htdocs\msbd_tubes\system\Commands\Server\rewrite.php(45): require_once('C:\\xampp\\htdocs...')
#6 {main}
CRITICAL - 2021-06-22 01:19:49 --> Undefined variable: db
#0 C:\xampp\htdocs\msbd_tubes\app\Controllers\SIMB.php(14): CodeIgniter\Debug\Exceptions->errorHandler(8, 'Undefined varia...', 'C:\\xampp\\htdocs...', 14, Array)
#1 C:\xampp\htdocs\msbd_tubes\system\CodeIgniter.php(936): App\Controllers\SIMB->index()
#2 C:\xampp\htdocs\msbd_tubes\system\CodeIgniter.php(432): CodeIgniter\CodeIgniter->runController(Object(App\Controllers\SIMB))
#3 C:\xampp\htdocs\msbd_tubes\system\CodeIgniter.php(333): CodeIgniter\CodeIgniter->handleRequest(NULL, Object(Config\Cache), false)
#4 C:\xampp\htdocs\msbd_tubes\public\index.php(44): CodeIgniter\CodeIgniter->run()
#5 C:\xampp\htdocs\msbd_tubes\system\Commands\Server\rewrite.php(45): require_once('C:\\xampp\\htdocs...')
#6 {main}
ERROR - 2021-06-22 01:19:59 --> mysqli_sql_exception: Incorrect number of arguments for FUNCTION tubes_mbsd.harga_imb; expected 1, got 0 in C:\xampp\htdocs\msbd_tubes\system\Database\MySQLi\Connection.php:314
Stack trace:
#0 C:\xampp\htdocs\msbd_tubes\system\Database\MySQLi\Connection.php(314): mysqli->query('SELECT harga_im...')
#1 C:\xampp\htdocs\msbd_tubes\system\Database\BaseConnection.php(713): CodeIgniter\Database\MySQLi\Connection->execute('SELECT harga_im...')
#2 C:\xampp\htdocs\msbd_tubes\system\Database\BaseConnection.php(641): CodeIgniter\Database\BaseConnection->simpleQuery('SELECT harga_im...')
#3 C:\xampp\htdocs\msbd_tubes\app\Controllers\SIMB.php(15): CodeIgniter\Database\BaseConnection->query('SELECT harga_im...')
#4 C:\xampp\htdocs\msbd_tubes\system\CodeIgniter.php(936): App\Controllers\SIMB->index()
#5 C:\xampp\htdocs\msbd_tubes\system\CodeIgniter.php(432): CodeIgniter\CodeIgniter->runController(Object(App\Controllers\SIMB))
#6 C:\xampp\htdocs\msbd_tubes\system\CodeIgniter.php(333): CodeIgniter\CodeIgniter->handleRequest(NULL, Object(Config\Cache), false)
#7 C:\xampp\htdocs\msbd_tubes\public\index.php(44): CodeIgniter\CodeIgniter->run()
#8 C:\xampp\htdocs\msbd_tubes\system\Commands\Server\rewrite.php(45): require_once('C:\\xampp\\htdocs...')
#9 {main}
CRITICAL - 2021-06-22 01:19:59 --> Incorrect number of arguments for FUNCTION tubes_mbsd.harga_imb; expected 1, got 0
#0 C:\xampp\htdocs\msbd_tubes\system\Database\MySQLi\Connection.php(314): mysqli->query('SELECT harga_im...')
#1 C:\xampp\htdocs\msbd_tubes\system\Database\BaseConnection.php(713): CodeIgniter\Database\MySQLi\Connection->execute('SELECT harga_im...')
#2 C:\xampp\htdocs\msbd_tubes\system\Database\BaseConnection.php(641): CodeIgniter\Database\BaseConnection->simpleQuery('SELECT harga_im...')
#3 C:\xampp\htdocs\msbd_tubes\app\Controllers\SIMB.php(15): CodeIgniter\Database\BaseConnection->query('SELECT harga_im...')
#4 C:\xampp\htdocs\msbd_tubes\system\CodeIgniter.php(936): App\Controllers\SIMB->index()
#5 C:\xampp\htdocs\msbd_tubes\system\CodeIgniter.php(432): CodeIgniter\CodeIgniter->runController(Object(App\Controllers\SIMB))
#6 C:\xampp\htdocs\msbd_tubes\system\CodeIgniter.php(333): CodeIgniter\CodeIgniter->handleRequest(NULL, Object(Config\Cache), false)
#7 C:\xampp\htdocs\msbd_tubes\public\index.php(44): CodeIgniter\CodeIgniter->run()
#8 C:\xampp\htdocs\msbd_tubes\system\Commands\Server\rewrite.php(45): require_once('C:\\xampp\\htdocs...')
#9 {main}
CRITICAL - 2021-06-22 02:13:50 --> Object of class CodeIgniter\Database\MySQLi\Result could not be converted to string
#0 C:\xampp\htdocs\msbd_tubes\system\Database\Query.php(426): strtr('INSERT INTO `ur...', Array)
#1 C:\xampp\htdocs\msbd_tubes\system\Database\Query.php(387): CodeIgniter\Database\Query->matchNamedBinds('INSERT INTO `ur...', Array)
#2 C:\xampp\htdocs\msbd_tubes\system\Database\Query.php(178): CodeIgniter\Database\Query->compileBinds()
#3 C:\xampp\htdocs\msbd_tubes\system\Database\BaseConnection.php(641): CodeIgniter\Database\Query->getQuery()
#4 C:\xampp\htdocs\msbd_tubes\system\Database\BaseBuilder.php(2263): CodeIgniter\Database\BaseConnection->query('INSERT INTO `ur...', Array, false)
#5 C:\xampp\htdocs\msbd_tubes\app\Models\SIMBModel.php(36): CodeIgniter\Database\BaseBuilder->insert(Array)
#6 C:\xampp\htdocs\msbd_tubes\app\Controllers\SIMB.php(59): App\Models\SIMBModel->insertData(Array)
#7 C:\xampp\htdocs\msbd_tubes\system\CodeIgniter.php(936): App\Controllers\SIMB->urus_imb()
#8 C:\xampp\htdocs\msbd_tubes\system\CodeIgniter.php(432): CodeIgniter\CodeIgniter->runController(Object(App\Controllers\SIMB))
#9 C:\xampp\htdocs\msbd_tubes\system\CodeIgniter.php(333): CodeIgniter\CodeIgniter->handleRequest(NULL, Object(Config\Cache), false)
#10 C:\xampp\htdocs\msbd_tubes\public\index.php(44): CodeIgniter\CodeIgniter->run()
#11 C:\xampp\htdocs\msbd_tubes\system\Commands\Server\rewrite.php(45): require_once('C:\\xampp\\htdocs...')
#12 {main}
CRITICAL - 2021-06-22 02:15:38 --> Array to string conversion
#0 [internal function]: CodeIgniter\Debug\Exceptions->errorHandler(8, 'Array to string...', 'C:\\xampp\\htdocs...', 420, Array)
#1 C:\xampp\htdocs\msbd_tubes\system\Database\Query.php(420): implode(',', Array)
#2 C:\xampp\htdocs\msbd_tubes\system\Database\Query.php(387): CodeIgniter\Database\Query->matchNamedBinds('INSERT INTO `ur...', Array)
#3 C:\xampp\htdocs\msbd_tubes\system\Database\Query.php(178): CodeIgniter\Database\Query->compileBinds()
#4 C:\xampp\htdocs\msbd_tubes\system\Database\BaseConnection.php(641): CodeIgniter\Database\Query->getQuery()
#5 C:\xampp\htdocs\msbd_tubes\system\Database\BaseBuilder.php(2263): CodeIgniter\Database\BaseConnection->query('INSERT INTO `ur...', Array, false)
#6 C:\xampp\htdocs\msbd_tubes\app\Models\SIMBModel.php(36): CodeIgniter\Database\BaseBuilder->insert(Array)
#7 C:\xampp\htdocs\msbd_tubes\app\Controllers\SIMB.php(59): App\Models\SIMBModel->insertData(Array)
#8 C:\xampp\htdocs\msbd_tubes\system\CodeIgniter.php(936): App\Controllers\SIMB->urus_imb()
#9 C:\xampp\htdocs\msbd_tubes\system\CodeIgniter.php(432): CodeIgniter\CodeIgniter->runController(Object(App\Controllers\SIMB))
#10 C:\xampp\htdocs\msbd_tubes\system\CodeIgniter.php(333): CodeIgniter\CodeIgniter->handleRequest(NULL, Object(Config\Cache), false)
#11 C:\xampp\htdocs\msbd_tubes\public\index.php(44): CodeIgniter\CodeIgniter->run()
#12 C:\xampp\htdocs\msbd_tubes\system\Commands\Server\rewrite.php(45): require_once('C:\\xampp\\htdocs...')
#13 {main}
CRITICAL - 2021-06-22 02:18:02 --> Undefined variable: biayabun
#0 C:\xampp\htdocs\msbd_tubes\app\Controllers\SIMB.php(49): CodeIgniter\Debug\Exceptions->errorHandler(8, 'Undefined varia...', 'C:\\xampp\\htdocs...', 49, Array)
#1 C:\xampp\htdocs\msbd_tubes\system\CodeIgniter.php(936): App\Controllers\SIMB->urus_imb()
#2 C:\xampp\htdocs\msbd_tubes\system\CodeIgniter.php(432): CodeIgniter\CodeIgniter->runController(Object(App\Controllers\SIMB))
#3 C:\xampp\htdocs\msbd_tubes\system\CodeIgniter.php(333): CodeIgniter\CodeIgniter->handleRequest(NULL, Object(Config\Cache), false)
#4 C:\xampp\htdocs\msbd_tubes\public\index.php(44): CodeIgniter\CodeIgniter->run()
#5 C:\xampp\htdocs\msbd_tubes\system\Commands\Server\rewrite.php(45): require_once('C:\\xampp\\htdocs...')
#6 {main}
CRITICAL - 2021-06-22 02:18:12 --> Array to string conversion
#0 [internal function]: CodeIgniter\Debug\Exceptions->errorHandler(8, 'Array to string...', 'C:\\xampp\\htdocs...', 420, Array)
#1 C:\xampp\htdocs\msbd_tubes\system\Database\Query.php(420): implode(',', Array)
#2 C:\xampp\htdocs\msbd_tubes\system\Database\Query.php(387): CodeIgniter\Database\Query->matchNamedBinds('INSERT INTO `ur...', Array)
#3 C:\xampp\htdocs\msbd_tubes\system\Database\Query.php(178): CodeIgniter\Database\Query->compileBinds()
#4 C:\xampp\htdocs\msbd_tubes\system\Database\BaseConnection.php(641): CodeIgniter\Database\Query->getQuery()
#5 C:\xampp\htdocs\msbd_tubes\system\Database\BaseBuilder.php(2263): CodeIgniter\Database\BaseConnection->query('INSERT INTO `ur...', Array, false)
#6 C:\xampp\htdocs\msbd_tubes\app\Models\SIMBModel.php(36): CodeIgniter\Database\BaseBuilder->insert(Array)
#7 C:\xampp\htdocs\msbd_tubes\app\Controllers\SIMB.php(59): App\Models\SIMBModel->insertData(Array)
#8 C:\xampp\htdocs\msbd_tubes\system\CodeIgniter.php(936): App\Controllers\SIMB->urus_imb()
#9 C:\xampp\htdocs\msbd_tubes\system\CodeIgniter.php(432): CodeIgniter\CodeIgniter->runController(Object(App\Controllers\SIMB))
#10 C:\xampp\htdocs\msbd_tubes\system\CodeIgniter.php(333): CodeIgniter\CodeIgniter->handleRequest(NULL, Object(Config\Cache), false)
#11 C:\xampp\htdocs\msbd_tubes\public\index.php(44): CodeIgniter\CodeIgniter->run()
#12 C:\xampp\htdocs\msbd_tubes\system\Commands\Server\rewrite.php(45): require_once('C:\\xampp\\htdocs...')
#13 {main}
CRITICAL - 2021-06-22 02:19:35 --> Array to string conversion
#0 [internal function]: CodeIgniter\Debug\Exceptions->errorHandler(8, 'Array to string...', 'C:\\xampp\\htdocs...', 420, Array)
#1 C:\xampp\htdocs\msbd_tubes\system\Database\Query.php(420): implode(',', Array)
#2 C:\xampp\htdocs\msbd_tubes\system\Database\Query.php(387): CodeIgniter\Database\Query->matchNamedBinds('INSERT INTO `ur...', Array)
#3 C:\xampp\htdocs\msbd_tubes\system\Database\Query.php(178): CodeIgniter\Database\Query->compileBinds()
#4 C:\xampp\htdocs\msbd_tubes\system\Database\BaseConnection.php(641): CodeIgniter\Database\Query->getQuery()
#5 C:\xampp\htdocs\msbd_tubes\system\Database\BaseBuilder.php(2263): CodeIgniter\Database\BaseConnection->query('INSERT INTO `ur...', Array, false)
#6 C:\xampp\htdocs\msbd_tubes\app\Models\SIMBModel.php(36): CodeIgniter\Database\BaseBuilder->insert(Array)
#7 C:\xampp\htdocs\msbd_tubes\app\Controllers\SIMB.php(59): App\Models\SIMBModel->insertData(Array)
#8 C:\xampp\htdocs\msbd_tubes\system\CodeIgniter.php(936): App\Controllers\SIMB->urus_imb()
#9 C:\xampp\htdocs\msbd_tubes\system\CodeIgniter.php(432): CodeIgniter\CodeIgniter->runController(Object(App\Controllers\SIMB))
#10 C:\xampp\htdocs\msbd_tubes\system\CodeIgniter.php(333): CodeIgniter\CodeIgniter->handleRequest(NULL, Object(Config\Cache), false)
#11 C:\xampp\htdocs\msbd_tubes\public\index.php(44): CodeIgniter\CodeIgniter->run()
#12 C:\xampp\htdocs\msbd_tubes\system\Commands\Server\rewrite.php(45): require_once('C:\\xampp\\htdocs...')
#13 {main}
ERROR - 2021-06-22 02:29:33 --> mysqli_sql_exception: Column 'status_tanah' cannot be null in C:\xampp\htdocs\msbd_tubes\system\Database\MySQLi\Connection.php:314
Stack trace:
#0 C:\xampp\htdocs\msbd_tubes\system\Database\MySQLi\Connection.php(314): mysqli->query('INSERT INTO `ur...')
#1 C:\xampp\htdocs\msbd_tubes\system\Database\BaseConnection.php(713): CodeIgniter\Database\MySQLi\Connection->execute('INSERT INTO `ur...')
#2 C:\xampp\htdocs\msbd_tubes\system\Database\BaseConnection.php(641): CodeIgniter\Database\BaseConnection->simpleQuery('INSERT INTO `ur...')
#3 C:\xampp\htdocs\msbd_tubes\system\Database\BaseBuilder.php(2263): CodeIgniter\Database\BaseConnection->query('INSERT INTO `ur...', Array, false)
#4 C:\xampp\htdocs\msbd_tubes\app\Models\SIMBModel.php(36): CodeIgniter\Database\BaseBuilder->insert(Array)
#5 C:\xampp\htdocs\msbd_tubes\app\Controllers\SIMB.php(60): App\Models\SIMBModel->insertData(Array)
#6 C:\xampp\htdocs\msbd_tubes\system\CodeIgniter.php(936): App\Controllers\SIMB->urus_imb()
#7 C:\xampp\htdocs\msbd_tubes\system\CodeIgniter.php(432): CodeIgniter\CodeIgniter->runController(Object(App\Controllers\SIMB))
#8 C:\xampp\htdocs\msbd_tubes\system\CodeIgniter.php(333): CodeIgniter\CodeIgniter->handleRequest(NULL, Object(Config\Cache), false)
#9 C:\xampp\htdocs\msbd_tubes\public\index.php(44): CodeIgniter\CodeIgniter->run()
#10 C:\xampp\htdocs\msbd_tubes\system\Commands\Server\rewrite.php(45): require_once('C:\\xampp\\htdocs...')
#11 {main}
CRITICAL - 2021-06-22 02:29:33 --> Column 'status_tanah' cannot be null
#0 C:\xampp\htdocs\msbd_tubes\system\Database\MySQLi\Connection.php(314): mysqli->query('INSERT INTO `ur...')
#1 C:\xampp\htdocs\msbd_tubes\system\Database\BaseConnection.php(713): CodeIgniter\Database\MySQLi\Connection->execute('INSERT INTO `ur...')
#2 C:\xampp\htdocs\msbd_tubes\system\Database\BaseConnection.php(641): CodeIgniter\Database\BaseConnection->simpleQuery('INSERT INTO `ur...')
#3 C:\xampp\htdocs\msbd_tubes\system\Database\BaseBuilder.php(2263): CodeIgniter\Database\BaseConnection->query('INSERT INTO `ur...', Array, false)
#4 C:\xampp\htdocs\msbd_tubes\app\Models\SIMBModel.php(36): CodeIgniter\Database\BaseBuilder->insert(Array)
#5 C:\xampp\htdocs\msbd_tubes\app\Controllers\SIMB.php(60): App\Models\SIMBModel->insertData(Array)
#6 C:\xampp\htdocs\msbd_tubes\system\CodeIgniter.php(936): App\Controllers\SIMB->urus_imb()
#7 C:\xampp\htdocs\msbd_tubes\system\CodeIgniter.php(432): CodeIgniter\CodeIgniter->runController(Object(App\Controllers\SIMB))
#8 C:\xampp\htdocs\msbd_tubes\system\CodeIgniter.php(333): CodeIgniter\CodeIgniter->handleRequest(NULL, Object(Config\Cache), false)
#9 C:\xampp\htdocs\msbd_tubes\public\index.php(44): CodeIgniter\CodeIgniter->run()
#10 C:\xampp\htdocs\msbd_tubes\system\Commands\Server\rewrite.php(45): require_once('C:\\xampp\\htdocs...')
#11 {main}
ERROR - 2021-06-22 02:31:39 --> mysqli_sql_exception: Column 'status_tanah' cannot be null in C:\xampp\htdocs\msbd_tubes\system\Database\MySQLi\Connection.php:314
Stack trace:
#0 C:\xampp\htdocs\msbd_tubes\system\Database\MySQLi\Connection.php(314): mysqli->query('INSERT INTO `ur...')
#1 C:\xampp\htdocs\msbd_tubes\system\Database\BaseConnection.php(713): CodeIgniter\Database\MySQLi\Connection->execute('INSERT INTO `ur...')
#2 C:\xampp\htdocs\msbd_tubes\system\Database\BaseConnection.php(641): CodeIgniter\Database\BaseConnection->simpleQuery('INSERT INTO `ur...')
#3 C:\xampp\htdocs\msbd_tubes\system\Database\BaseBuilder.php(2263): CodeIgniter\Database\BaseConnection->query('INSERT INTO `ur...', Array, false)
#4 C:\xampp\htdocs\msbd_tubes\app\Models\SIMBModel.php(36): CodeIgniter\Database\BaseBuilder->insert(Array)
#5 C:\xampp\htdocs\msbd_tubes\app\Controllers\SIMB.php(60): App\Models\SIMBModel->insertData(Array)
#6 C:\xampp\htdocs\msbd_tubes\system\CodeIgniter.php(936): App\Controllers\SIMB->urus_imb()
#7 C:\xampp\htdocs\msbd_tubes\system\CodeIgniter.php(432): CodeIgniter\CodeIgniter->runController(Object(App\Controllers\SIMB))
#8 C:\xampp\htdocs\msbd_tubes\system\CodeIgniter.php(333): CodeIgniter\CodeIgniter->handleRequest(NULL, Object(Config\Cache), false)
#9 C:\xampp\htdocs\msbd_tubes\public\index.php(44): CodeIgniter\CodeIgniter->run()
#10 C:\xampp\htdocs\msbd_tubes\system\Commands\Server\rewrite.php(45): require_once('C:\\xampp\\htdocs...')
#11 {main}
CRITICAL - 2021-06-22 02:31:39 --> Column 'status_tanah' cannot be null
#0 C:\xampp\htdocs\msbd_tubes\system\Database\MySQLi\Connection.php(314): mysqli->query('INSERT INTO `ur...')
#1 C:\xampp\htdocs\msbd_tubes\system\Database\BaseConnection.php(713): CodeIgniter\Database\MySQLi\Connection->execute('INSERT INTO `ur...')
#2 C:\xampp\htdocs\msbd_tubes\system\Database\BaseConnection.php(641): CodeIgniter\Database\BaseConnection->simpleQuery('INSERT INTO `ur...')
#3 C:\xampp\htdocs\msbd_tubes\system\Database\BaseBuilder.php(2263): CodeIgniter\Database\BaseConnection->query('INSERT INTO `ur...', Array, false)
#4 C:\xampp\htdocs\msbd_tubes\app\Models\SIMBModel.php(36): CodeIgniter\Database\BaseBuilder->insert(Array)
#5 C:\xampp\htdocs\msbd_tubes\app\Controllers\SIMB.php(60): App\Models\SIMBModel->insertData(Array)
#6 C:\xampp\htdocs\msbd_tubes\system\CodeIgniter.php(936): App\Controllers\SIMB->urus_imb()
#7 C:\xampp\htdocs\msbd_tubes\system\CodeIgniter.php(432): CodeIgniter\CodeIgniter->runController(Object(App\Controllers\SIMB))
#8 C:\xampp\htdocs\msbd_tubes\system\CodeIgniter.php(333): CodeIgniter\CodeIgniter->handleRequest(NULL, Object(Config\Cache), false)
#9 C:\xampp\htdocs\msbd_tubes\public\index.php(44): CodeIgniter\CodeIgniter->run()
#10 C:\xampp\htdocs\msbd_tubes\system\Commands\Server\rewrite.php(45): require_once('C:\\xampp\\htdocs...')
#11 {main}
ERROR - 2021-06-22 02:31:51 --> mysqli_sql_exception: Column 'status_tanah' cannot be null in C:\xampp\htdocs\msbd_tubes\system\Database\MySQLi\Connection.php:314
Stack trace:
#0 C:\xampp\htdocs\msbd_tubes\system\Database\MySQLi\Connection.php(314): mysqli->query('INSERT INTO `ur...')
#1 C:\xampp\htdocs\msbd_tubes\system\Database\BaseConnection.php(713): CodeIgniter\Database\MySQLi\Connection->execute('INSERT INTO `ur...')
#2 C:\xampp\htdocs\msbd_tubes\system\Database\BaseConnection.php(641): CodeIgniter\Database\BaseConnection->simpleQuery('INSERT INTO `ur...')
#3 C:\xampp\htdocs\msbd_tubes\system\Database\BaseBuilder.php(2263): CodeIgniter\Database\BaseConnection->query('INSERT INTO `ur...', Array, false)
#4 C:\xampp\htdocs\msbd_tubes\app\Models\SIMBModel.php(36): CodeIgniter\Database\BaseBuilder->insert(Array)
#5 C:\xampp\htdocs\msbd_tubes\app\Controllers\SIMB.php(60): App\Models\SIMBModel->insertData(Array)
#6 C:\xampp\htdocs\msbd_tubes\system\CodeIgniter.php(936): App\Controllers\SIMB->urus_imb()
#7 C:\xampp\htdocs\msbd_tubes\system\CodeIgniter.php(432): CodeIgniter\CodeIgniter->runController(Object(App\Controllers\SIMB))
#8 C:\xampp\htdocs\msbd_tubes\system\CodeIgniter.php(333): CodeIgniter\CodeIgniter->handleRequest(NULL, Object(Config\Cache), false)
#9 C:\xampp\htdocs\msbd_tubes\public\index.php(44): CodeIgniter\CodeIgniter->run()
#10 C:\xampp\htdocs\msbd_tubes\system\Commands\Server\rewrite.php(45): require_once('C:\\xampp\\htdocs...')
#11 {main}
CRITICAL - 2021-06-22 02:31:51 --> Column 'status_tanah' cannot be null
#0 C:\xampp\htdocs\msbd_tubes\system\Database\MySQLi\Connection.php(314): mysqli->query('INSERT INTO `ur...')
#1 C:\xampp\htdocs\msbd_tubes\system\Database\BaseConnection.php(713): CodeIgniter\Database\MySQLi\Connection->execute('INSERT INTO `ur...')
#2 C:\xampp\htdocs\msbd_tubes\system\Database\BaseConnection.php(641): CodeIgniter\Database\BaseConnection->simpleQuery('INSERT INTO `ur...')
#3 C:\xampp\htdocs\msbd_tubes\system\Database\BaseBuilder.php(2263): CodeIgniter\Database\BaseConnection->query('INSERT INTO `ur...', Array, false)
#4 C:\xampp\htdocs\msbd_tubes\app\Models\SIMBModel.php(36): CodeIgniter\Database\BaseBuilder->insert(Array)
#5 C:\xampp\htdocs\msbd_tubes\app\Controllers\SIMB.php(60): App\Models\SIMBModel->insertData(Array)
#6 C:\xampp\htdocs\msbd_tubes\system\CodeIgniter.php(936): App\Controllers\SIMB->urus_imb()
#7 C:\xampp\htdocs\msbd_tubes\system\CodeIgniter.php(432): CodeIgniter\CodeIgniter->runController(Object(App\Controllers\SIMB))
#8 C:\xampp\htdocs\msbd_tubes\system\CodeIgniter.php(333): CodeIgniter\CodeIgniter->handleRequest(NULL, Object(Config\Cache), false)
#9 C:\xampp\htdocs\msbd_tubes\public\index.php(44): CodeIgniter\CodeIgniter->run()
#10 C:\xampp\htdocs\msbd_tubes\system\Commands\Server\rewrite.php(45): require_once('C:\\xampp\\htdocs...')
#11 {main}
ERROR - 2021-06-22 02:32:21 --> mysqli_sql_exception: Column 'nik' cannot be null in C:\xampp\htdocs\msbd_tubes\system\Database\MySQLi\Connection.php:314
Stack trace:
#0 C:\xampp\htdocs\msbd_tubes\system\Database\MySQLi\Connection.php(314): mysqli->query('INSERT INTO `ur...')
#1 C:\xampp\htdocs\msbd_tubes\system\Database\BaseConnection.php(713): CodeIgniter\Database\MySQLi\Connection->execute('INSERT INTO `ur...')
#2 C:\xampp\htdocs\msbd_tubes\system\Database\BaseConnection.php(641): CodeIgniter\Database\BaseConnection->simpleQuery('INSERT INTO `ur...')
#3 C:\xampp\htdocs\msbd_tubes\system\Database\BaseBuilder.php(2263): CodeIgniter\Database\BaseConnection->query('INSERT INTO `ur...', Array, false)
#4 C:\xampp\htdocs\msbd_tubes\app\Models\SIMBModel.php(36): CodeIgniter\Database\BaseBuilder->insert(Array)
#5 C:\xampp\htdocs\msbd_tubes\app\Controllers\SIMB.php(60): App\Models\SIMBModel->insertData(Array)
#6 C:\xampp\htdocs\msbd_tubes\system\CodeIgniter.php(936): App\Controllers\SIMB->urus_imb()
#7 C:\xampp\htdocs\msbd_tubes\system\CodeIgniter.php(432): CodeIgniter\CodeIgniter->runController(Object(App\Controllers\SIMB))
#8 C:\xampp\htdocs\msbd_tubes\system\CodeIgniter.php(333): CodeIgniter\CodeIgniter->handleRequest(NULL, Object(Config\Cache), false)
#9 C:\xampp\htdocs\msbd_tubes\public\index.php(44): CodeIgniter\CodeIgniter->run()
#10 C:\xampp\htdocs\msbd_tubes\system\Commands\Server\rewrite.php(45): require_once('C:\\xampp\\htdocs...')
#11 {main}
CRITICAL - 2021-06-22 02:32:21 --> Column 'nik' cannot be null
#0 C:\xampp\htdocs\msbd_tubes\system\Database\MySQLi\Connection.php(314): mysqli->query('INSERT INTO `ur...')
#1 C:\xampp\htdocs\msbd_tubes\system\Database\BaseConnection.php(713): CodeIgniter\Database\MySQLi\Connection->execute('INSERT INTO `ur...')
#2 C:\xampp\htdocs\msbd_tubes\system\Database\BaseConnection.php(641): CodeIgniter\Database\BaseConnection->simpleQuery('INSERT INTO `ur...')
#3 C:\xampp\htdocs\msbd_tubes\system\Database\BaseBuilder.php(2263): CodeIgniter\Database\BaseConnection->query('INSERT INTO `ur...', Array, false)
#4 C:\xampp\htdocs\msbd_tubes\app\Models\SIMBModel.php(36): CodeIgniter\Database\BaseBuilder->insert(Array)
#5 C:\xampp\htdocs\msbd_tubes\app\Controllers\SIMB.php(60): App\Models\SIMBModel->insertData(Array)
#6 C:\xampp\htdocs\msbd_tubes\system\CodeIgniter.php(936): App\Controllers\SIMB->urus_imb()
#7 C:\xampp\htdocs\msbd_tubes\system\CodeIgniter.php(432): CodeIgniter\CodeIgniter->runController(Object(App\Controllers\SIMB))
#8 C:\xampp\htdocs\msbd_tubes\system\CodeIgniter.php(333): CodeIgniter\CodeIgniter->handleRequest(NULL, Object(Config\Cache), false)
#9 C:\xampp\htdocs\msbd_tubes\public\index.php(44): CodeIgniter\CodeIgniter->run()
#10 C:\xampp\htdocs\msbd_tubes\system\Commands\Server\rewrite.php(45): require_once('C:\\xampp\\htdocs...')
#11 {main}
CRITICAL - 2021-06-22 02:36:35 --> Undefined variable: data
#0 C:\xampp\htdocs\msbd_tubes\app\Views\surat\riwayatsimb.php(27): CodeIgniter\Debug\Exceptions->errorHandler(8, 'Undefined varia...', 'C:\\xampp\\htdocs...', 27, Array)
#1 C:\xampp\htdocs\msbd_tubes\system\View\View.php(220): include('C:\\xampp\\htdocs...')
#2 C:\xampp\htdocs\msbd_tubes\system\View\View.php(222): CodeIgniter\View\View->CodeIgniter\View\{closure}()
#3 C:\xampp\htdocs\msbd_tubes\system\Common.php(1217): CodeIgniter\View\View->render('surat/riwayatsi...', Array, true)
#4 C:\xampp\htdocs\msbd_tubes\app\Controllers\User.php(254): view('surat/riwayatsi...', Array)
#5 C:\xampp\htdocs\msbd_tubes\system\CodeIgniter.php(936): App\Controllers\User->riwayatsimb()
#6 C:\xampp\htdocs\msbd_tubes\system\CodeIgniter.php(432): CodeIgniter\CodeIgniter->runController(Object(App\Controllers\User))
#7 C:\xampp\htdocs\msbd_tubes\system\CodeIgniter.php(333): CodeIgniter\CodeIgniter->handleRequest(NULL, Object(Config\Cache), false)
#8 C:\xampp\htdocs\msbd_tubes\public\index.php(44): CodeIgniter\CodeIgniter->run()
#9 C:\xampp\htdocs\msbd_tubes\system\Commands\Server\rewrite.php(45): require_once('C:\\xampp\\htdocs...')
#10 {main}
CRITICAL - 2021-06-22 02:38:30 --> Undefined variable: data
#0 C:\xampp\htdocs\msbd_tubes\app\Views\surat\riwayatsimb.php(27): CodeIgniter\Debug\Exceptions->errorHandler(8, 'Undefined varia...', 'C:\\xampp\\htdocs...', 27, Array)
#1 C:\xampp\htdocs\msbd_tubes\system\View\View.php(220): include('C:\\xampp\\htdocs...')
#2 C:\xampp\htdocs\msbd_tubes\system\View\View.php(222): CodeIgniter\View\View->CodeIgniter\View\{closure}()
#3 C:\xampp\htdocs\msbd_tubes\system\Common.php(1217): CodeIgniter\View\View->render('surat/riwayatsi...', Array, true)
#4 C:\xampp\htdocs\msbd_tubes\app\Controllers\User.php(254): view('surat/riwayatsi...', Array)
#5 C:\xampp\htdocs\msbd_tubes\system\CodeIgniter.php(936): App\Controllers\User->riwayatsimb()
#6 C:\xampp\htdocs\msbd_tubes\system\CodeIgniter.php(432): CodeIgniter\CodeIgniter->runController(Object(App\Controllers\User))
#7 C:\xampp\htdocs\msbd_tubes\system\CodeIgniter.php(333): CodeIgniter\CodeIgniter->handleRequest(NULL, Object(Config\Cache), false)
#8 C:\xampp\htdocs\msbd_tubes\public\index.php(44): CodeIgniter\CodeIgniter->run()
#9 C:\xampp\htdocs\msbd_tubes\system\Commands\Server\rewrite.php(45): require_once('C:\\xampp\\htdocs...')
#10 {main}
CRITICAL - 2021-06-22 02:38:43 --> Class 'App\Controllers\SIMBModel' not found
#0 C:\xampp\htdocs\msbd_tubes\system\CodeIgniter.php(936): App\Controllers\User->riwayatsimb()
#1 C:\xampp\htdocs\msbd_tubes\system\CodeIgniter.php(432): CodeIgniter\CodeIgniter->runController(Object(App\Controllers\User))
#2 C:\xampp\htdocs\msbd_tubes\system\CodeIgniter.php(333): CodeIgniter\CodeIgniter->handleRequest(NULL, Object(Config\Cache), false)
#3 C:\xampp\htdocs\msbd_tubes\public\index.php(44): CodeIgniter\CodeIgniter->run()
#4 C:\xampp\htdocs\msbd_tubes\system\Commands\Server\rewrite.php(45): require_once('C:\\xampp\\htdocs...')
#5 {main}
CRITICAL - 2021-06-22 02:39:11 --> Undefined index: nama_lengkap
#0 C:\xampp\htdocs\msbd_tubes\app\Views\surat\riwayatsimb.php(33): CodeIgniter\Debug\Exceptions->errorHandler(8, 'Undefined index...', 'C:\\xampp\\htdocs...', 33, Array)
#1 C:\xampp\htdocs\msbd_tubes\system\View\View.php(220): include('C:\\xampp\\htdocs...')
#2 C:\xampp\htdocs\msbd_tubes\system\View\View.php(222): CodeIgniter\View\View->CodeIgniter\View\{closure}()
#3 C:\xampp\htdocs\msbd_tubes\system\Common.php(1217): CodeIgniter\View\View->render('surat/riwayatSI...', Array, true)
#4 C:\xampp\htdocs\msbd_tubes\app\Controllers\User.php(254): view('surat/riwayatSI...', Array)
#5 C:\xampp\htdocs\msbd_tubes\system\CodeIgniter.php(936): App\Controllers\User->riwayatsimb()
#6 C:\xampp\htdocs\msbd_tubes\system\CodeIgniter.php(432): CodeIgniter\CodeIgniter->runController(Object(App\Controllers\User))
#7 C:\xampp\htdocs\msbd_tubes\system\CodeIgniter.php(333): CodeIgniter\CodeIgniter->handleRequest(NULL, Object(Config\Cache), false)
#8 C:\xampp\htdocs\msbd_tubes\public\index.php(44): CodeIgniter\CodeIgniter->run()
#9 C:\xampp\htdocs\msbd_tubes\system\Commands\Server\rewrite.php(45): require_once('C:\\xampp\\htdocs...')
#10 {main}
CRITICAL - 2021-06-22 02:39:58 --> Undefined index: NIK
#0 C:\xampp\htdocs\msbd_tubes\app\Views\surat\riwayatsimb.php(34): CodeIgniter\Debug\Exceptions->errorHandler(8, 'Undefined index...', 'C:\\xampp\\htdocs...', 34, Array)
#1 C:\xampp\htdocs\msbd_tubes\system\View\View.php(220): include('C:\\xampp\\htdocs...')
#2 C:\xampp\htdocs\msbd_tubes\system\View\View.php(222): CodeIgniter\View\View->CodeIgniter\View\{closure}()
#3 C:\xampp\htdocs\msbd_tubes\system\Common.php(1217): CodeIgniter\View\View->render('surat/riwayatSI...', Array, true)
#4 C:\xampp\htdocs\msbd_tubes\app\Controllers\User.php(254): view('surat/riwayatSI...', Array)
#5 C:\xampp\htdocs\msbd_tubes\system\CodeIgniter.php(936): App\Controllers\User->riwayatsimb()
#6 C:\xampp\htdocs\msbd_tubes\system\CodeIgniter.php(432): CodeIgniter\CodeIgniter->runController(Object(App\Controllers\User))
#7 C:\xampp\htdocs\msbd_tubes\system\CodeIgniter.php(333): CodeIgniter\CodeIgniter->handleRequest(NULL, Object(Config\Cache), false)
#8 C:\xampp\htdocs\msbd_tubes\public\index.php(44): CodeIgniter\CodeIgniter->run()
#9 C:\xampp\htdocs\msbd_tubes\system\Commands\Server\rewrite.php(45): require_once('C:\\xampp\\htdocs...')
#10 {main}
CRITICAL - 2021-06-22 02:45:41 --> Undefined variable: surt
#0 C:\xampp\htdocs\msbd_tubes\app\Views\surat\riwayatsimb.php(24): CodeIgniter\Debug\Exceptions->errorHandler(8, 'Undefined varia...', 'C:\\xampp\\htdocs...', 24, Array)
#1 C:\xampp\htdocs\msbd_tubes\system\View\View.php(220): include('C:\\xampp\\htdocs...')
#2 C:\xampp\htdocs\msbd_tubes\system\View\View.php(222): CodeIgniter\View\View->CodeIgniter\View\{closure}()
#3 C:\xampp\htdocs\msbd_tubes\system\Common.php(1217): CodeIgniter\View\View->render('surat/riwayatSI...', Array, true)
#4 C:\xampp\htdocs\msbd_tubes\app\Controllers\User.php(254): view('surat/riwayatSI...', Array)
#5 C:\xampp\htdocs\msbd_tubes\system\CodeIgniter.php(936): App\Controllers\User->riwayatsimb()
#6 C:\xampp\htdocs\msbd_tubes\system\CodeIgniter.php(432): CodeIgniter\CodeIgniter->runController(Object(App\Controllers\User))
#7 C:\xampp\htdocs\msbd_tubes\system\CodeIgniter.php(333): CodeIgniter\CodeIgniter->handleRequest(NULL, Object(Config\Cache), false)
#8 C:\xampp\htdocs\msbd_tubes\public\index.php(44): CodeIgniter\CodeIgniter->run()
#9 C:\xampp\htdocs\msbd_tubes\system\Commands\Server\rewrite.php(45): require_once('C:\\xampp\\htdocs...')
#10 {main}
CRITICAL - 2021-06-22 03:15:10 --> Invalid file: surat/SIUP.php
#0 C:\xampp\htdocs\msbd_tubes\system\View\View.php(203): CodeIgniter\Exceptions\FrameworkException::forInvalidFile('surat/SIUP.php')
#1 C:\xampp\htdocs\msbd_tubes\system\Common.php(1217): CodeIgniter\View\View->render('surat/SIUP', Array, true)
#2 C:\xampp\htdocs\msbd_tubes\app\Controllers\SIUP.php(13): view('surat/SIUP')
#3 C:\xampp\htdocs\msbd_tubes\system\CodeIgniter.php(936): App\Controllers\SIUP->index()
#4 C:\xampp\htdocs\msbd_tubes\system\CodeIgniter.php(432): CodeIgniter\CodeIgniter->runController(Object(App\Controllers\SIUP))
#5 C:\xampp\htdocs\msbd_tubes\system\CodeIgniter.php(333): CodeIgniter\CodeIgniter->handleRequest(NULL, Object(Config\Cache), false)
#6 C:\xampp\htdocs\msbd_tubes\public\index.php(44): CodeIgniter\CodeIgniter->run()
#7 C:\xampp\htdocs\msbd_tubes\system\Commands\Server\rewrite.php(45): require_once('C:\\xampp\\htdocs...')
#8 {main}
CRITICAL - 2021-06-22 03:47:13 --> syntax error, unexpected ','
#0 C:\xampp\htdocs\msbd_tubes\system\Router\Router.php(170): CodeIgniter\Router\Router->autoRoute('siup')
#1 C:\xampp\htdocs\msbd_tubes\system\CodeIgniter.php(816): CodeIgniter\Router\Router->handle('siup')
#2 C:\xampp\htdocs\msbd_tubes\system\CodeIgniter.php(385): CodeIgniter\CodeIgniter->tryToRouteIt(Object(CodeIgniter\Router\RouteCollection))
#3 C:\xampp\htdocs\msbd_tubes\system\CodeIgniter.php(333): CodeIgniter\CodeIgniter->handleRequest(NULL, Object(Config\Cache), false)
#4 C:\xampp\htdocs\msbd_tubes\public\index.php(44): CodeIgniter\CodeIgniter->run()
#5 C:\xampp\htdocs\msbd_tubes\system\Commands\Server\rewrite.php(45): require_once('C:\\xampp\\htdocs...')
#6 {main}
CRITICAL - 2021-06-22 03:57:59 --> Undefined variable: modal
#0 C:\xampp\htdocs\msbd_tubes\app\Controllers\SIUP.php(42): CodeIgniter\Debug\Exceptions->errorHandler(8, 'Undefined varia...', 'C:\\xampp\\htdocs...', 42, Array)
#1 C:\xampp\htdocs\msbd_tubes\system\CodeIgniter.php(936): App\Controllers\SIUP->urus_siup()
#2 C:\xampp\htdocs\msbd_tubes\system\CodeIgniter.php(432): CodeIgniter\CodeIgniter->runController(Object(App\Controllers\SIUP))
#3 C:\xampp\htdocs\msbd_tubes\system\CodeIgniter.php(333): CodeIgniter\CodeIgniter->handleRequest(NULL, Object(Config\Cache), false)
#4 C:\xampp\htdocs\msbd_tubes\public\index.php(44): CodeIgniter\CodeIgniter->run()
#5 C:\xampp\htdocs\msbd_tubes\system\Commands\Server\rewrite.php(45): require_once('C:\\xampp\\htdocs...')
#6 {main}
ERROR - 2021-06-22 04:03:33 --> mysqli_sql_exception: Unknown column 'urus_siup.id_status' in 'on clause' in C:\xampp\htdocs\msbd_tubes\system\Database\MySQLi\Connection.php:314
Stack trace:
#0 C:\xampp\htdocs\msbd_tubes\system\Database\MySQLi\Connection.php(314): mysqli->query('SELECT COUNT(*)...')
#1 C:\xampp\htdocs\msbd_tubes\system\Database\BaseConnection.php(713): CodeIgniter\Database\MySQLi\Connection->execute('SELECT COUNT(*)...')
#2 C:\xampp\htdocs\msbd_tubes\system\Database\BaseConnection.php(641): CodeIgniter\Database\BaseConnection->simpleQuery('SELECT COUNT(*)...')
#3 C:\xampp\htdocs\msbd_tubes\system\Database\BaseBuilder.php(1966): CodeIgniter\Database\BaseConnection->query('SELECT COUNT(*)...', Array, false)
#4 C:\xampp\htdocs\msbd_tubes\system\Model.php(570): CodeIgniter\Database\BaseBuilder->countAllResults(false)
#5 C:\xampp\htdocs\msbd_tubes\system\BaseModel.php(1140): CodeIgniter\Model->countAllResults(false)
#6 C:\xampp\htdocs\msbd_tubes\app\Controllers\User.php(280): CodeIgniter\BaseModel->paginate(5)
#7 C:\xampp\htdocs\msbd_tubes\system\CodeIgniter.php(936): App\Controllers\User->riwayatsiup()
#8 C:\xampp\htdocs\msbd_tubes\system\CodeIgniter.php(432): CodeIgniter\CodeIgniter->runController(Object(App\Controllers\User))
#9 C:\xampp\htdocs\msbd_tubes\system\CodeIgniter.php(333): CodeIgniter\CodeIgniter->handleRequest(NULL, Object(Config\Cache), false)
#10 C:\xampp\htdocs\msbd_tubes\public\index.php(44): CodeIgniter\CodeIgniter->run()
#11 C:\xampp\htdocs\msbd_tubes\system\Commands\Server\rewrite.php(45): require_once('C:\\xampp\\htdocs...')
#12 {main}
CRITICAL - 2021-06-22 04:03:33 --> Unknown column 'urus_siup.id_status' in 'on clause'
#0 C:\xampp\htdocs\msbd_tubes\system\Database\MySQLi\Connection.php(314): mysqli->query('SELECT COUNT(*)...')
#1 C:\xampp\htdocs\msbd_tubes\system\Database\BaseConnection.php(713): CodeIgniter\Database\MySQLi\Connection->execute('SELECT COUNT(*)...')
#2 C:\xampp\htdocs\msbd_tubes\system\Database\BaseConnection.php(641): CodeIgniter\Database\BaseConnection->simpleQuery('SELECT COUNT(*)...')
#3 C:\xampp\htdocs\msbd_tubes\system\Database\BaseBuilder.php(1966): CodeIgniter\Database\BaseConnection->query('SELECT COUNT(*)...', Array, false)
#4 C:\xampp\htdocs\msbd_tubes\system\Model.php(570): CodeIgniter\Database\BaseBuilder->countAllResults(false)
#5 C:\xampp\htdocs\msbd_tubes\system\BaseModel.php(1140): CodeIgniter\Model->countAllResults(false)
#6 C:\xampp\htdocs\msbd_tubes\app\Controllers\User.php(280): CodeIgniter\BaseModel->paginate(5)
#7 C:\xampp\htdocs\msbd_tubes\system\CodeIgniter.php(936): App\Controllers\User->riwayatsiup()
#8 C:\xampp\htdocs\msbd_tubes\system\CodeIgniter.php(432): CodeIgniter\CodeIgniter->runController(Object(App\Controllers\User))
#9 C:\xampp\htdocs\msbd_tubes\system\CodeIgniter.php(333): CodeIgniter\CodeIgniter->handleRequest(NULL, Object(Config\Cache), false)
#10 C:\xampp\htdocs\msbd_tubes\public\index.php(44): CodeIgniter\CodeIgniter->run()
#11 C:\xampp\htdocs\msbd_tubes\system\Commands\Server\rewrite.php(45): require_once('C:\\xampp\\htdocs...')
#12 {main}
CRITICAL - 2021-06-22 04:04:31 --> Undefined index: luas_bangunan
#0 C:\xampp\htdocs\msbd_tubes\app\Views\surat\riwayatsiup.php(36): CodeIgniter\Debug\Exceptions->errorHandler(8, 'Undefined index...', 'C:\\xampp\\htdocs...', 36, Array)
#1 C:\xampp\htdocs\msbd_tubes\system\View\View.php(220): include('C:\\xampp\\htdocs...')
#2 C:\xampp\htdocs\msbd_tubes\system\View\View.php(222): CodeIgniter\View\View->CodeIgniter\View\{closure}()
#3 C:\xampp\htdocs\msbd_tubes\system\Common.php(1217): CodeIgniter\View\View->render('surat/riwayatSI...', Array, true)
#4 C:\xampp\htdocs\msbd_tubes\app\Controllers\User.php(284): view('surat/riwayatSI...', Array)
#5 C:\xampp\htdocs\msbd_tubes\system\CodeIgniter.php(936): App\Controllers\User->riwayatsiup()
#6 C:\xampp\htdocs\msbd_tubes\system\CodeIgniter.php(432): CodeIgniter\CodeIgniter->runController(Object(App\Controllers\User))
#7 C:\xampp\htdocs\msbd_tubes\system\CodeIgniter.php(333): CodeIgniter\CodeIgniter->handleRequest(NULL, Object(Config\Cache), false)
#8 C:\xampp\htdocs\msbd_tubes\public\index.php(44): CodeIgniter\CodeIgniter->run()
#9 C:\xampp\htdocs\msbd_tubes\system\Commands\Server\rewrite.php(45): require_once('C:\\xampp\\htdocs...')
#10 {main}
CRITICAL - 2021-06-22 04:04:34 --> Undefined index: luas_bangunan
#0 C:\xampp\htdocs\msbd_tubes\app\Views\surat\riwayatsiup.php(36): CodeIgniter\Debug\Exceptions->errorHandler(8, 'Undefined index...', 'C:\\xampp\\htdocs...', 36, Array)
#1 C:\xampp\htdocs\msbd_tubes\system\View\View.php(220): include('C:\\xampp\\htdocs...')
#2 C:\xampp\htdocs\msbd_tubes\system\View\View.php(222): CodeIgniter\View\View->CodeIgniter\View\{closure}()
#3 C:\xampp\htdocs\msbd_tubes\system\Common.php(1217): CodeIgniter\View\View->render('surat/riwayatSI...', Array, true)
#4 C:\xampp\htdocs\msbd_tubes\app\Controllers\User.php(284): view('surat/riwayatSI...', Array)
#5 C:\xampp\htdocs\msbd_tubes\system\CodeIgniter.php(936): App\Controllers\User->riwayatsiup()
#6 C:\xampp\htdocs\msbd_tubes\system\CodeIgniter.php(432): CodeIgniter\CodeIgniter->runController(Object(App\Controllers\User))
#7 C:\xampp\htdocs\msbd_tubes\system\CodeIgniter.php(333): CodeIgniter\CodeIgniter->handleRequest(NULL, Object(Config\Cache), false)
#8 C:\xampp\htdocs\msbd_tubes\public\index.php(44): CodeIgniter\CodeIgniter->run()
#9 C:\xampp\htdocs\msbd_tubes\system\Commands\Server\rewrite.php(45): require_once('C:\\xampp\\htdocs...')
#10 {main}
CRITICAL - 2021-06-22 04:08:02 --> Invalid file: surat/editSIMB.php
#0 C:\xampp\htdocs\msbd_tubes\system\View\View.php(203): CodeIgniter\Exceptions\FrameworkException::forInvalidFile('surat/editSIMB....')
#1 C:\xampp\htdocs\msbd_tubes\system\Common.php(1217): CodeIgniter\View\View->render('surat/editSIMB', Array, true)
#2 C:\xampp\htdocs\msbd_tubes\app\Controllers\SIMB.php(75): view('surat/editSIMB', Array)
#3 C:\xampp\htdocs\msbd_tubes\system\CodeIgniter.php(936): App\Controllers\SIMB->edit('1')
#4 C:\xampp\htdocs\msbd_tubes\system\CodeIgniter.php(432): CodeIgniter\CodeIgniter->runController(Object(App\Controllers\SIMB))
#5 C:\xampp\htdocs\msbd_tubes\system\CodeIgniter.php(333): CodeIgniter\CodeIgniter->handleRequest(NULL, Object(Config\Cache), false)
#6 C:\xampp\htdocs\msbd_tubes\public\index.php(44): CodeIgniter\CodeIgniter->run()
#7 C:\xampp\htdocs\msbd_tubes\system\Commands\Server\rewrite.php(45): require_once('C:\\xampp\\htdocs...')
#8 {main}
CRITICAL - 2021-06-22 04:09:42 --> Undefined variable: simb
#0 C:\xampp\htdocs\msbd_tubes\app\Views\surat\editSIMB.php(9): CodeIgniter\Debug\Exceptions->errorHandler(8, 'Undefined varia...', 'C:\\xampp\\htdocs...', 9, Array)
#1 C:\xampp\htdocs\msbd_tubes\system\View\View.php(220): include('C:\\xampp\\htdocs...')
#2 C:\xampp\htdocs\msbd_tubes\system\View\View.php(222): CodeIgniter\View\View->CodeIgniter\View\{closure}()
#3 C:\xampp\htdocs\msbd_tubes\system\Common.php(1217): CodeIgniter\View\View->render('surat/editSIMB', Array, true)
#4 C:\xampp\htdocs\msbd_tubes\app\Controllers\SIMB.php(75): view('surat/editSIMB', Array)
#5 C:\xampp\htdocs\msbd_tubes\system\CodeIgniter.php(936): App\Controllers\SIMB->edit('1')
#6 C:\xampp\htdocs\msbd_tubes\system\CodeIgniter.php(432): CodeIgniter\CodeIgniter->runController(Object(App\Controllers\SIMB))
#7 C:\xampp\htdocs\msbd_tubes\system\CodeIgniter.php(333): CodeIgniter\CodeIgniter->handleRequest(NULL, Object(Config\Cache), false)
#8 C:\xampp\htdocs\msbd_tubes\public\index.php(44): CodeIgniter\CodeIgniter->run()
#9 C:\xampp\htdocs\msbd_tubes\system\Commands\Server\rewrite.php(45): require_once('C:\\xampp\\htdocs...')
#10 {main}
CRITICAL - 2021-06-22 04:10:26 --> Undefined index: id_berita
#0 C:\xampp\htdocs\msbd_tubes\app\Views\surat\editSIMB.php(9): CodeIgniter\Debug\Exceptions->errorHandler(8, 'Undefined index...', 'C:\\xampp\\htdocs...', 9, Array)
#1 C:\xampp\htdocs\msbd_tubes\system\View\View.php(220): include('C:\\xampp\\htdocs...')
#2 C:\xampp\htdocs\msbd_tubes\system\View\View.php(222): CodeIgniter\View\View->CodeIgniter\View\{closure}()
#3 C:\xampp\htdocs\msbd_tubes\system\Common.php(1217): CodeIgniter\View\View->render('surat/editSIMB', Array, true)
#4 C:\xampp\htdocs\msbd_tubes\app\Controllers\SIMB.php(75): view('surat/editSIMB', Array)
#5 C:\xampp\htdocs\msbd_tubes\system\CodeIgniter.php(936): App\Controllers\SIMB->edit('1')
#6 C:\xampp\htdocs\msbd_tubes\system\CodeIgniter.php(432): CodeIgniter\CodeIgniter->runController(Object(App\Controllers\SIMB))
#7 C:\xampp\htdocs\msbd_tubes\system\CodeIgniter.php(333): CodeIgniter\CodeIgniter->handleRequest(NULL, Object(Config\Cache), false)
#8 C:\xampp\htdocs\msbd_tubes\public\index.php(44): CodeIgniter\CodeIgniter->run()
#9 C:\xampp\htdocs\msbd_tubes\system\Commands\Server\rewrite.php(45): require_once('C:\\xampp\\htdocs...')
#10 {main}
CRITICAL - 2021-06-22 04:11:28 --> Undefined variable: cerai
#0 C:\xampp\htdocs\msbd_tubes\app\Views\surat\editSIMB.php(8): CodeIgniter\Debug\Exceptions->errorHandler(8, 'Undefined varia...', 'C:\\xampp\\htdocs...', 8, Array)
#1 C:\xampp\htdocs\msbd_tubes\system\View\View.php(220): include('C:\\xampp\\htdocs...')
#2 C:\xampp\htdocs\msbd_tubes\system\View\View.php(222): CodeIgniter\View\View->CodeIgniter\View\{closure}()
#3 C:\xampp\htdocs\msbd_tubes\system\Common.php(1217): CodeIgniter\View\View->render('surat/editSIMB', Array, true)
#4 C:\xampp\htdocs\msbd_tubes\app\Controllers\SIMB.php(75): view('surat/editSIMB', Array)
#5 C:\xampp\htdocs\msbd_tubes\system\CodeIgniter.php(936): App\Controllers\SIMB->edit('1')
#6 C:\xampp\htdocs\msbd_tubes\system\CodeIgniter.php(432): CodeIgniter\CodeIgniter->runController(Object(App\Controllers\SIMB))
#7 C:\xampp\htdocs\msbd_tubes\system\CodeIgniter.php(333): CodeIgniter\CodeIgniter->handleRequest(NULL, Object(Config\Cache), false)
#8 C:\xampp\htdocs\msbd_tubes\public\index.php(44): CodeIgniter\CodeIgniter->run()
#9 C:\xampp\htdocs\msbd_tubes\system\Commands\Server\rewrite.php(45): require_once('C:\\xampp\\htdocs...')
#10 {main}
CRITICAL - 2021-06-22 04:11:44 --> Undefined index: nama_suami
#0 C:\xampp\htdocs\msbd_tubes\app\Views\surat\editSIMB.php(12): CodeIgniter\Debug\Exceptions->errorHandler(8, 'Undefined index...', 'C:\\xampp\\htdocs...', 12, Array)
#1 C:\xampp\htdocs\msbd_tubes\system\View\View.php(220): include('C:\\xampp\\htdocs...')
#2 C:\xampp\htdocs\msbd_tubes\system\View\View.php(222): CodeIgniter\View\View->CodeIgniter\View\{closure}()
#3 C:\xampp\htdocs\msbd_tubes\system\Common.php(1217): CodeIgniter\View\View->render('surat/editSIMB', Array, true)
#4 C:\xampp\htdocs\msbd_tubes\app\Controllers\SIMB.php(75): view('surat/editSIMB', Array)
#5 C:\xampp\htdocs\msbd_tubes\system\CodeIgniter.php(936): App\Controllers\SIMB->edit('1')
#6 C:\xampp\htdocs\msbd_tubes\system\CodeIgniter.php(432): CodeIgniter\CodeIgniter->runController(Object(App\Controllers\SIMB))
#7 C:\xampp\htdocs\msbd_tubes\system\CodeIgniter.php(333): CodeIgniter\CodeIgniter->handleRequest(NULL, Object(Config\Cache), false)
#8 C:\xampp\htdocs\msbd_tubes\public\index.php(44): CodeIgniter\CodeIgniter->run()
#9 C:\xampp\htdocs\msbd_tubes\system\Commands\Server\rewrite.php(45): require_once('C:\\xampp\\htdocs...')
#10 {main}
CRITICAL - 2021-06-22 04:44:56 --> Undefined index: file_npwp
#0 C:\xampp\htdocs\msbd_tubes\app\Views\surat\editSIUP.php(25): CodeIgniter\Debug\Exceptions->errorHandler(8, 'Undefined index...', 'C:\\xampp\\htdocs...', 25, Array)
#1 C:\xampp\htdocs\msbd_tubes\system\View\View.php(220): include('C:\\xampp\\htdocs...')
#2 C:\xampp\htdocs\msbd_tubes\system\View\View.php(222): CodeIgniter\View\View->CodeIgniter\View\{closure}()
#3 C:\xampp\htdocs\msbd_tubes\system\Common.php(1217): CodeIgniter\View\View->render('surat/editSIUP', Array, true)
#4 C:\xampp\htdocs\msbd_tubes\app\Controllers\SIUP.php(70): view('surat/editSIUP', Array)
#5 C:\xampp\htdocs\msbd_tubes\system\CodeIgniter.php(936): App\Controllers\SIUP->edit('1')
#6 C:\xampp\htdocs\msbd_tubes\system\CodeIgniter.php(432): CodeIgniter\CodeIgniter->runController(Object(App\Controllers\SIUP))
#7 C:\xampp\htdocs\msbd_tubes\system\CodeIgniter.php(333): CodeIgniter\CodeIgniter->handleRequest(NULL, Object(Config\Cache), false)
#8 C:\xampp\htdocs\msbd_tubes\public\index.php(44): CodeIgniter\CodeIgniter->run()
#9 C:\xampp\htdocs\msbd_tubes\system\Commands\Server\rewrite.php(45): require_once('C:\\xampp\\htdocs...')
#10 {main}
CRITICAL - 2021-06-22 04:50:41 --> Trying to get property 'id' of non-object
#0 C:\xampp\htdocs\msbd_tubes\app\Views\surat\head.php(77): CodeIgniter\Debug\Exceptions->errorHandler(8, 'Trying to get p...', 'C:\\xampp\\htdocs...', 77, Array)
#1 C:\xampp\htdocs\msbd_tubes\app\Views\surat\SIMB.php(1): include('C:\\xampp\\htdocs...')
#2 C:\xampp\htdocs\msbd_tubes\system\View\View.php(220): include('C:\\xampp\\htdocs...')
#3 C:\xampp\htdocs\msbd_tubes\system\View\View.php(222): CodeIgniter\View\View->CodeIgniter\View\{closure}()
#4 C:\xampp\htdocs\msbd_tubes\system\Common.php(1217): CodeIgniter\View\View->render('surat/SIMB', Array, true)
#5 C:\xampp\htdocs\msbd_tubes\app\Controllers\SIMB.php(13): view('surat/SIMB')
#6 C:\xampp\htdocs\msbd_tubes\system\CodeIgniter.php(936): App\Controllers\SIMB->index()
#7 C:\xampp\htdocs\msbd_tubes\system\CodeIgniter.php(432): CodeIgniter\CodeIgniter->runController(Object(App\Controllers\SIMB))
#8 C:\xampp\htdocs\msbd_tubes\system\CodeIgniter.php(333): CodeIgniter\CodeIgniter->handleRequest(NULL, Object(Config\Cache), false)
#9 C:\xampp\htdocs\msbd_tubes\public\index.php(44): CodeIgniter\CodeIgniter->run()
#10 C:\xampp\htdocs\msbd_tubes\system\Commands\Server\rewrite.php(45): require_once('C:\\xampp\\htdocs...')
#11 {main}
CRITICAL - 2021-06-22 10:50:42 --> Undefined property: stdClass::$title
#0 C:\xampp\htdocs\msbd_tubes\app\Views\surat\riwayatevent.php(19): CodeIgniter\Debug\Exceptions->errorHandler(8, 'Undefined prope...', 'C:\\xampp\\htdocs...', 19, Array)
#1 C:\xampp\htdocs\msbd_tubes\system\View\View.php(220): include('C:\\xampp\\htdocs...')
#2 C:\xampp\htdocs\msbd_tubes\system\View\View.php(222): CodeIgniter\View\View->CodeIgniter\View\{closure}()
#3 C:\xampp\htdocs\msbd_tubes\system\Common.php(1217): CodeIgniter\View\View->render('surat/riwayatev...', Array, true)
#4 C:\xampp\htdocs\msbd_tubes\app\Controllers\User.php(295): view('surat/riwayatev...', Array)
#5 C:\xampp\htdocs\msbd_tubes\system\CodeIgniter.php(936): App\Controllers\User->riwayatevent()
#6 C:\xampp\htdocs\msbd_tubes\system\CodeIgniter.php(432): CodeIgniter\CodeIgniter->runController(Object(App\Controllers\User))
#7 C:\xampp\htdocs\msbd_tubes\system\CodeIgniter.php(333): CodeIgniter\CodeIgniter->handleRequest(NULL, Object(Config\Cache), false)
#8 C:\xampp\htdocs\msbd_tubes\public\index.php(44): CodeIgniter\CodeIgniter->run()
#9 C:\xampp\htdocs\msbd_tubes\system\Commands\Server\rewrite.php(45): require_once('C:\\xampp\\htdocs...')
#10 {main}
CRITICAL - 2021-06-22 10:51:53 --> Invalid file: surat/editevent.php
#0 C:\xampp\htdocs\msbd_tubes\system\View\View.php(203): CodeIgniter\Exceptions\FrameworkException::forInvalidFile('surat/editevent...')
#1 C:\xampp\htdocs\msbd_tubes\system\Common.php(1217): CodeIgniter\View\View->render('surat/editevent', Array, true)
#2 C:\xampp\htdocs\msbd_tubes\app\Controllers\Event.php(49): view('surat/editevent', Array)
#3 C:\xampp\htdocs\msbd_tubes\system\CodeIgniter.php(936): App\Controllers\Event->edit('1')
#4 C:\xampp\htdocs\msbd_tubes\system\CodeIgniter.php(432): CodeIgniter\CodeIgniter->runController(Object(App\Controllers\Event))
#5 C:\xampp\htdocs\msbd_tubes\system\CodeIgniter.php(333): CodeIgniter\CodeIgniter->handleRequest(NULL, Object(Config\Cache), false)
#6 C:\xampp\htdocs\msbd_tubes\public\index.php(44): CodeIgniter\CodeIgniter->run()
#7 C:\xampp\htdocs\msbd_tubes\system\Commands\Server\rewrite.php(45): require_once('C:\\xampp\\htdocs...')
#8 {main}
CRITICAL - 2021-06-22 10:54:12 --> Undefined index: nama
#0 C:\xampp\htdocs\msbd_tubes\app\Views\surat\editevent.php(10): CodeIgniter\Debug\Exceptions->errorHandler(8, 'Undefined index...', 'C:\\xampp\\htdocs...', 10, Array)
#1 C:\xampp\htdocs\msbd_tubes\system\View\View.php(220): include('C:\\xampp\\htdocs...')
#2 C:\xampp\htdocs\msbd_tubes\system\View\View.php(222): CodeIgniter\View\View->CodeIgniter\View\{closure}()
#3 C:\xampp\htdocs\msbd_tubes\system\Common.php(1217): CodeIgniter\View\View->render('surat/editevent', Array, true)
#4 C:\xampp\htdocs\msbd_tubes\app\Controllers\Event.php(49): view('surat/editevent', Array)
#5 C:\xampp\htdocs\msbd_tubes\system\CodeIgniter.php(936): App\Controllers\Event->edit('1')
#6 C:\xampp\htdocs\msbd_tubes\system\CodeIgniter.php(432): CodeIgniter\CodeIgniter->runController(Object(App\Controllers\Event))
#7 C:\xampp\htdocs\msbd_tubes\system\CodeIgniter.php(333): CodeIgniter\CodeIgniter->handleRequest(NULL, Object(Config\Cache), false)
#8 C:\xampp\htdocs\msbd_tubes\public\index.php(44): CodeIgniter\CodeIgniter->run()
#9 C:\xampp\htdocs\msbd_tubes\system\Commands\Server\rewrite.php(45): require_once('C:\\xampp\\htdocs...')
#10 {main}
CRITICAL - 2021-06-22 10:54:32 --> Undefined index: event
#0 C:\xampp\htdocs\msbd_tubes\app\Views\surat\editevent.php(14): CodeIgniter\Debug\Exceptions->errorHandler(8, 'Undefined index...', 'C:\\xampp\\htdocs...', 14, Array)
#1 C:\xampp\htdocs\msbd_tubes\system\View\View.php(220): include('C:\\xampp\\htdocs...')
#2 C:\xampp\htdocs\msbd_tubes\system\View\View.php(222): CodeIgniter\View\View->CodeIgniter\View\{closure}()
#3 C:\xampp\htdocs\msbd_tubes\system\Common.php(1217): CodeIgniter\View\View->render('surat/editevent', Array, true)
#4 C:\xampp\htdocs\msbd_tubes\app\Controllers\Event.php(49): view('surat/editevent', Array)
#5 C:\xampp\htdocs\msbd_tubes\system\CodeIgniter.php(936): App\Controllers\Event->edit('1')
#6 C:\xampp\htdocs\msbd_tubes\system\CodeIgniter.php(432): CodeIgniter\CodeIgniter->runController(Object(App\Controllers\Event))
#7 C:\xampp\htdocs\msbd_tubes\system\CodeIgniter.php(333): CodeIgniter\CodeIgniter->handleRequest(NULL, Object(Config\Cache), false)
#8 C:\xampp\htdocs\msbd_tubes\public\index.php(44): CodeIgniter\CodeIgniter->run()
#9 C:\xampp\htdocs\msbd_tubes\system\Commands\Server\rewrite.php(45): require_once('C:\\xampp\\htdocs...')
#10 {main}
