CRITICAL - 2021-06-09 08:02:56 --> Undefined property: stdClass::$nama_lengkap
#0 C:\xampp\htdocs\msbd_tubes\app\Views\surat\riwayatcerai.php(36): CodeIgniter\Debug\Exceptions->errorHandler(8, 'Undefined prope...', 'C:\\xampp\\htdocs...', 36, Array)
#1 C:\xampp\htdocs\msbd_tubes\system\View\View.php(220): include('C:\\xampp\\htdocs...')
#2 C:\xampp\htdocs\msbd_tubes\system\View\View.php(222): CodeIgniter\View\View->CodeIgniter\View\{closure}()
#3 C:\xampp\htdocs\msbd_tubes\system\Common.php(1217): CodeIgniter\View\View->render('surat/riwayatce...', Array, true)
#4 C:\xampp\htdocs\msbd_tubes\app\Controllers\User.php(192): view('surat/riwayatce...', Array)
#5 C:\xampp\htdocs\msbd_tubes\system\CodeIgniter.php(936): App\Controllers\User->riwayatcerai()
#6 C:\xampp\htdocs\msbd_tubes\system\CodeIgniter.php(432): CodeIgniter\CodeIgniter->runController(Object(App\Controllers\User))
#7 C:\xampp\htdocs\msbd_tubes\system\CodeIgniter.php(333): CodeIgniter\CodeIgniter->handleRequest(NULL, Object(Config\Cache), false)
#8 C:\xampp\htdocs\msbd_tubes\public\index.php(44): CodeIgniter\CodeIgniter->run()
#9 C:\xampp\htdocs\msbd_tubes\system\Commands\Server\rewrite.php(45): require_once('C:\\xampp\\htdocs...')
#10 {main}
CRITICAL - 2021-06-09 08:05:02 --> Invalid file: surat/editcerai.php
#0 C:\xampp\htdocs\msbd_tubes\system\View\View.php(203): CodeIgniter\Exceptions\FrameworkException::forInvalidFile('surat/editcerai...')
#1 C:\xampp\htdocs\msbd_tubes\system\Common.php(1217): CodeIgniter\View\View->render('surat/editcerai', Array, true)
#2 C:\xampp\htdocs\msbd_tubes\app\Controllers\Cerai.php(86): view('surat/editcerai', Array)
#3 C:\xampp\htdocs\msbd_tubes\system\CodeIgniter.php(936): App\Controllers\Cerai->edit('1')
#4 C:\xampp\htdocs\msbd_tubes\system\CodeIgniter.php(432): CodeIgniter\CodeIgniter->runController(Object(App\Controllers\Cerai))
#5 C:\xampp\htdocs\msbd_tubes\system\CodeIgniter.php(333): CodeIgniter\CodeIgniter->handleRequest(NULL, Object(Config\Cache), false)
#6 C:\xampp\htdocs\msbd_tubes\public\index.php(44): CodeIgniter\CodeIgniter->run()
#7 C:\xampp\htdocs\msbd_tubes\system\Commands\Server\rewrite.php(45): require_once('C:\\xampp\\htdocs...')
#8 {main}
CRITICAL - 2021-06-09 08:08:19 --> Undefined index: file_kk_istri
#0 C:\xampp\htdocs\msbd_tubes\app\Views\surat\editcerai.php(54): CodeIgniter\Debug\Exceptions->errorHandler(8, 'Undefined index...', 'C:\\xampp\\htdocs...', 54, Array)
#1 C:\xampp\htdocs\msbd_tubes\system\View\View.php(220): include('C:\\xampp\\htdocs...')
#2 C:\xampp\htdocs\msbd_tubes\system\View\View.php(222): CodeIgniter\View\View->CodeIgniter\View\{closure}()
#3 C:\xampp\htdocs\msbd_tubes\system\Common.php(1217): CodeIgniter\View\View->render('surat/editcerai', Array, true)
#4 C:\xampp\htdocs\msbd_tubes\app\Controllers\Cerai.php(86): view('surat/editcerai', Array)
#5 C:\xampp\htdocs\msbd_tubes\system\CodeIgniter.php(936): App\Controllers\Cerai->edit('1')
#6 C:\xampp\htdocs\msbd_tubes\system\CodeIgniter.php(432): CodeIgniter\CodeIgniter->runController(Object(App\Controllers\Cerai))
#7 C:\xampp\htdocs\msbd_tubes\system\CodeIgniter.php(333): CodeIgniter\CodeIgniter->handleRequest(NULL, Object(Config\Cache), false)
#8 C:\xampp\htdocs\msbd_tubes\public\index.php(44): CodeIgniter\CodeIgniter->run()
#9 C:\xampp\htdocs\msbd_tubes\system\Commands\Server\rewrite.php(45): require_once('C:\\xampp\\htdocs...')
#10 {main}
CRITICAL - 2021-06-09 08:18:51 --> Invalid file: template/berita.php
#0 C:\xampp\htdocs\msbd_tubes\system\View\View.php(203): CodeIgniter\Exceptions\FrameworkException::forInvalidFile('template/berita...')
#1 C:\xampp\htdocs\msbd_tubes\system\Common.php(1217): CodeIgniter\View\View->render('template/berita', Array, true)
#2 C:\xampp\htdocs\msbd_tubes\app\Controllers\User.php(201): view('template/berita')
#3 C:\xampp\htdocs\msbd_tubes\system\CodeIgniter.php(936): App\Controllers\User->berita('warga')
#4 C:\xampp\htdocs\msbd_tubes\system\CodeIgniter.php(432): CodeIgniter\CodeIgniter->runController(Object(App\Controllers\User))
#5 C:\xampp\htdocs\msbd_tubes\system\CodeIgniter.php(333): CodeIgniter\CodeIgniter->handleRequest(NULL, Object(Config\Cache), false)
#6 C:\xampp\htdocs\msbd_tubes\public\index.php(44): CodeIgniter\CodeIgniter->run()
#7 C:\xampp\htdocs\msbd_tubes\system\Commands\Server\rewrite.php(45): require_once('C:\\xampp\\htdocs...')
#8 {main}
CRITICAL - 2021-06-09 08:19:08 --> Invalid file: template/berita.php
#0 C:\xampp\htdocs\msbd_tubes\system\View\View.php(203): CodeIgniter\Exceptions\FrameworkException::forInvalidFile('template/berita...')
#1 C:\xampp\htdocs\msbd_tubes\system\Common.php(1217): CodeIgniter\View\View->render('template/berita', Array, true)
#2 C:\xampp\htdocs\msbd_tubes\app\Controllers\User.php(201): view('template/berita')
#3 C:\xampp\htdocs\msbd_tubes\system\CodeIgniter.php(936): App\Controllers\User->berita('warga')
#4 C:\xampp\htdocs\msbd_tubes\system\CodeIgniter.php(432): CodeIgniter\CodeIgniter->runController(Object(App\Controllers\User))
#5 C:\xampp\htdocs\msbd_tubes\system\CodeIgniter.php(333): CodeIgniter\CodeIgniter->handleRequest(NULL, Object(Config\Cache), false)
#6 C:\xampp\htdocs\msbd_tubes\public\index.php(44): CodeIgniter\CodeIgniter->run()
#7 C:\xampp\htdocs\msbd_tubes\system\Commands\Server\rewrite.php(45): require_once('C:\\xampp\\htdocs...')
#8 {main}
CRITICAL - 2021-06-09 08:19:43 --> Invalid file: template/berita.php
#0 C:\xampp\htdocs\msbd_tubes\system\View\View.php(203): CodeIgniter\Exceptions\FrameworkException::forInvalidFile('template/berita...')
#1 C:\xampp\htdocs\msbd_tubes\system\Common.php(1217): CodeIgniter\View\View->render('template/berita', Array, true)
#2 C:\xampp\htdocs\msbd_tubes\app\Controllers\User.php(201): view('template/berita')
#3 C:\xampp\htdocs\msbd_tubes\system\CodeIgniter.php(936): App\Controllers\User->berita()
#4 C:\xampp\htdocs\msbd_tubes\system\CodeIgniter.php(432): CodeIgniter\CodeIgniter->runController(Object(App\Controllers\User))
#5 C:\xampp\htdocs\msbd_tubes\system\CodeIgniter.php(333): CodeIgniter\CodeIgniter->handleRequest(NULL, Object(Config\Cache), false)
#6 C:\xampp\htdocs\msbd_tubes\public\index.php(44): CodeIgniter\CodeIgniter->run()
#7 C:\xampp\htdocs\msbd_tubes\system\Commands\Server\rewrite.php(45): require_once('C:\\xampp\\htdocs...')
#8 {main}
CRITICAL - 2021-06-09 08:59:41 --> Undefined property: App\Controllers\Berita::$akta
#0 C:\xampp\htdocs\msbd_tubes\app\Controllers\Berita.php(29): CodeIgniter\Debug\Exceptions->errorHandler(8, 'Undefined prope...', 'C:\\xampp\\htdocs...', 29, Array)
#1 C:\xampp\htdocs\msbd_tubes\system\CodeIgniter.php(936): App\Controllers\Berita->add()
#2 C:\xampp\htdocs\msbd_tubes\system\CodeIgniter.php(432): CodeIgniter\CodeIgniter->runController(Object(App\Controllers\Berita))
#3 C:\xampp\htdocs\msbd_tubes\system\CodeIgniter.php(333): CodeIgniter\CodeIgniter->handleRequest(NULL, Object(Config\Cache), false)
#4 C:\xampp\htdocs\msbd_tubes\public\index.php(44): CodeIgniter\CodeIgniter->run()
#5 C:\xampp\htdocs\msbd_tubes\system\Commands\Server\rewrite.php(45): require_once('C:\\xampp\\htdocs...')
#6 {main}
CRITICAL - 2021-06-09 09:15:54 --> Undefined variable: db
#0 C:\xampp\htdocs\msbd_tubes\app\Controllers\User.php(204): CodeIgniter\Debug\Exceptions->errorHandler(8, 'Undefined varia...', 'C:\\xampp\\htdocs...', 204, Array)
#1 C:\xampp\htdocs\msbd_tubes\system\CodeIgniter.php(936): App\Controllers\User->riwayatberita()
#2 C:\xampp\htdocs\msbd_tubes\system\CodeIgniter.php(432): CodeIgniter\CodeIgniter->runController(Object(App\Controllers\User))
#3 C:\xampp\htdocs\msbd_tubes\system\CodeIgniter.php(333): CodeIgniter\CodeIgniter->handleRequest(NULL, Object(Config\Cache), false)
#4 C:\xampp\htdocs\msbd_tubes\public\index.php(44): CodeIgniter\CodeIgniter->run()
#5 C:\xampp\htdocs\msbd_tubes\system\Commands\Server\rewrite.php(45): require_once('C:\\xampp\\htdocs...')
#6 {main}
CRITICAL - 2021-06-09 09:16:23 --> syntax error, unexpected 'endforeach' (T_ENDFOREACH), expecting end of file
#0 C:\xampp\htdocs\msbd_tubes\system\View\View.php(222): CodeIgniter\View\View->CodeIgniter\View\{closure}()
#1 C:\xampp\htdocs\msbd_tubes\system\Common.php(1217): CodeIgniter\View\View->render('surat/riwayatbe...', Array, true)
#2 C:\xampp\htdocs\msbd_tubes\app\Controllers\User.php(210): view('surat/riwayatbe...', Array)
#3 C:\xampp\htdocs\msbd_tubes\system\CodeIgniter.php(936): App\Controllers\User->riwayatberita()
#4 C:\xampp\htdocs\msbd_tubes\system\CodeIgniter.php(432): CodeIgniter\CodeIgniter->runController(Object(App\Controllers\User))
#5 C:\xampp\htdocs\msbd_tubes\system\CodeIgniter.php(333): CodeIgniter\CodeIgniter->handleRequest(NULL, Object(Config\Cache), false)
#6 C:\xampp\htdocs\msbd_tubes\public\index.php(44): CodeIgniter\CodeIgniter->run()
#7 C:\xampp\htdocs\msbd_tubes\system\Commands\Server\rewrite.php(45): require_once('C:\\xampp\\htdocs...')
#8 {main}
CRITICAL - 2021-06-09 09:17:41 --> syntax error, unexpected 'endforeach' (T_ENDFOREACH), expecting end of file
#0 C:\xampp\htdocs\msbd_tubes\system\View\View.php(222): CodeIgniter\View\View->CodeIgniter\View\{closure}()
#1 C:\xampp\htdocs\msbd_tubes\system\Common.php(1217): CodeIgniter\View\View->render('surat/riwayatbe...', Array, true)
#2 C:\xampp\htdocs\msbd_tubes\app\Controllers\User.php(210): view('surat/riwayatbe...', Array)
#3 C:\xampp\htdocs\msbd_tubes\system\CodeIgniter.php(936): App\Controllers\User->riwayatberita()
#4 C:\xampp\htdocs\msbd_tubes\system\CodeIgniter.php(432): CodeIgniter\CodeIgniter->runController(Object(App\Controllers\User))
#5 C:\xampp\htdocs\msbd_tubes\system\CodeIgniter.php(333): CodeIgniter\CodeIgniter->handleRequest(NULL, Object(Config\Cache), false)
#6 C:\xampp\htdocs\msbd_tubes\public\index.php(44): CodeIgniter\CodeIgniter->run()
#7 C:\xampp\htdocs\msbd_tubes\system\Commands\Server\rewrite.php(45): require_once('C:\\xampp\\htdocs...')
#8 {main}
CRITICAL - 2021-06-09 09:18:12 --> Undefined property: stdClass::$judul
#0 C:\xampp\htdocs\msbd_tubes\app\Views\surat\riwayatberita.php(19): CodeIgniter\Debug\Exceptions->errorHandler(8, 'Undefined prope...', 'C:\\xampp\\htdocs...', 19, Array)
#1 C:\xampp\htdocs\msbd_tubes\system\View\View.php(220): include('C:\\xampp\\htdocs...')
#2 C:\xampp\htdocs\msbd_tubes\system\View\View.php(222): CodeIgniter\View\View->CodeIgniter\View\{closure}()
#3 C:\xampp\htdocs\msbd_tubes\system\Common.php(1217): CodeIgniter\View\View->render('surat/riwayatbe...', Array, true)
#4 C:\xampp\htdocs\msbd_tubes\app\Controllers\User.php(210): view('surat/riwayatbe...', Array)
#5 C:\xampp\htdocs\msbd_tubes\system\CodeIgniter.php(936): App\Controllers\User->riwayatberita()
#6 C:\xampp\htdocs\msbd_tubes\system\CodeIgniter.php(432): CodeIgniter\CodeIgniter->runController(Object(App\Controllers\User))
#7 C:\xampp\htdocs\msbd_tubes\system\CodeIgniter.php(333): CodeIgniter\CodeIgniter->handleRequest(NULL, Object(Config\Cache), false)
#8 C:\xampp\htdocs\msbd_tubes\public\index.php(44): CodeIgniter\CodeIgniter->run()
#9 C:\xampp\htdocs\msbd_tubes\system\Commands\Server\rewrite.php(45): require_once('C:\\xampp\\htdocs...')
#10 {main}
CRITICAL - 2021-06-09 09:18:31 --> Cannot use object of type stdClass as array
#0 C:\xampp\htdocs\msbd_tubes\system\View\View.php(220): include()
#1 C:\xampp\htdocs\msbd_tubes\system\View\View.php(222): CodeIgniter\View\View->CodeIgniter\View\{closure}()
#2 C:\xampp\htdocs\msbd_tubes\system\Common.php(1217): CodeIgniter\View\View->render('surat/riwayatbe...', Array, true)
#3 C:\xampp\htdocs\msbd_tubes\app\Controllers\User.php(210): view('surat/riwayatbe...', Array)
#4 C:\xampp\htdocs\msbd_tubes\system\CodeIgniter.php(936): App\Controllers\User->riwayatberita()
#5 C:\xampp\htdocs\msbd_tubes\system\CodeIgniter.php(432): CodeIgniter\CodeIgniter->runController(Object(App\Controllers\User))
#6 C:\xampp\htdocs\msbd_tubes\system\CodeIgniter.php(333): CodeIgniter\CodeIgniter->handleRequest(NULL, Object(Config\Cache), false)
#7 C:\xampp\htdocs\msbd_tubes\public\index.php(44): CodeIgniter\CodeIgniter->run()
#8 C:\xampp\htdocs\msbd_tubes\system\Commands\Server\rewrite.php(45): require_once('C:\\xampp\\htdocs...')
#9 {main}
CRITICAL - 2021-06-09 09:18:53 --> Undefined property: stdClass::$id_surat
#0 C:\xampp\htdocs\msbd_tubes\app\Views\surat\riwayatberita.php(23): CodeIgniter\Debug\Exceptions->errorHandler(8, 'Undefined prope...', 'C:\\xampp\\htdocs...', 23, Array)
#1 C:\xampp\htdocs\msbd_tubes\system\View\View.php(220): include('C:\\xampp\\htdocs...')
#2 C:\xampp\htdocs\msbd_tubes\system\View\View.php(222): CodeIgniter\View\View->CodeIgniter\View\{closure}()
#3 C:\xampp\htdocs\msbd_tubes\system\Common.php(1217): CodeIgniter\View\View->render('surat/riwayatbe...', Array, true)
#4 C:\xampp\htdocs\msbd_tubes\app\Controllers\User.php(210): view('surat/riwayatbe...', Array)
#5 C:\xampp\htdocs\msbd_tubes\system\CodeIgniter.php(936): App\Controllers\User->riwayatberita()
#6 C:\xampp\htdocs\msbd_tubes\system\CodeIgniter.php(432): CodeIgniter\CodeIgniter->runController(Object(App\Controllers\User))
#7 C:\xampp\htdocs\msbd_tubes\system\CodeIgniter.php(333): CodeIgniter\CodeIgniter->handleRequest(NULL, Object(Config\Cache), false)
#8 C:\xampp\htdocs\msbd_tubes\public\index.php(44): CodeIgniter\CodeIgniter->run()
#9 C:\xampp\htdocs\msbd_tubes\system\Commands\Server\rewrite.php(45): require_once('C:\\xampp\\htdocs...')
#10 {main}
CRITICAL - 2021-06-09 23:58:50 --> Trying to access array offset on value of type null
#0 C:\xampp\htdocs\msbd_tubes\app\Views\template\editberita.php(7): CodeIgniter\Debug\Exceptions->errorHandler(8, 'Trying to acces...', 'C:\\xampp\\htdocs...', 7, Array)
#1 C:\xampp\htdocs\msbd_tubes\system\View\View.php(220): include('C:\\xampp\\htdocs...')
#2 C:\xampp\htdocs\msbd_tubes\system\View\View.php(222): CodeIgniter\View\View->CodeIgniter\View\{closure}()
#3 C:\xampp\htdocs\msbd_tubes\system\Common.php(1217): CodeIgniter\View\View->render('template/editbe...', Array, true)
#4 C:\xampp\htdocs\msbd_tubes\app\Controllers\Berita.php(44): view('template/editbe...', Array)
#5 C:\xampp\htdocs\msbd_tubes\system\CodeIgniter.php(936): App\Controllers\Berita->edit('style.css')
#6 C:\xampp\htdocs\msbd_tubes\system\CodeIgniter.php(432): CodeIgniter\CodeIgniter->runController(Object(App\Controllers\Berita))
#7 C:\xampp\htdocs\msbd_tubes\system\CodeIgniter.php(333): CodeIgniter\CodeIgniter->handleRequest(NULL, Object(Config\Cache), false)
#8 C:\xampp\htdocs\msbd_tubes\public\index.php(44): CodeIgniter\CodeIgniter->run()
#9 C:\xampp\htdocs\msbd_tubes\system\Commands\Server\rewrite.php(45): require_once('C:\\xampp\\htdocs...')
#10 {main}
CRITICAL - 2021-06-09 23:58:51 --> Trying to access array offset on value of type null
#0 C:\xampp\htdocs\msbd_tubes\app\Views\template\editberita.php(7): CodeIgniter\Debug\Exceptions->errorHandler(8, 'Trying to acces...', 'C:\\xampp\\htdocs...', 7, Array)
#1 C:\xampp\htdocs\msbd_tubes\system\View\View.php(220): include('C:\\xampp\\htdocs...')
#2 C:\xampp\htdocs\msbd_tubes\system\View\View.php(222): CodeIgniter\View\View->CodeIgniter\View\{closure}()
#3 C:\xampp\htdocs\msbd_tubes\system\Common.php(1217): CodeIgniter\View\View->render('template/editbe...', Array, true)
#4 C:\xampp\htdocs\msbd_tubes\app\Controllers\Berita.php(44): view('template/editbe...', Array)
#5 C:\xampp\htdocs\msbd_tubes\system\CodeIgniter.php(936): App\Controllers\Berita->edit('apple-touch-ico...')
#6 C:\xampp\htdocs\msbd_tubes\system\CodeIgniter.php(432): CodeIgniter\CodeIgniter->runController(Object(App\Controllers\Berita))
#7 C:\xampp\htdocs\msbd_tubes\system\CodeIgniter.php(333): CodeIgniter\CodeIgniter->handleRequest(NULL, Object(Config\Cache), false)
#8 C:\xampp\htdocs\msbd_tubes\public\index.php(44): CodeIgniter\CodeIgniter->run()
#9 C:\xampp\htdocs\msbd_tubes\system\Commands\Server\rewrite.php(45): require_once('C:\\xampp\\htdocs...')
#10 {main}
CRITICAL - 2021-06-09 23:59:33 --> Invalid file: ..\App\Views\Template\head.php
#0 C:\xampp\htdocs\msbd_tubes\system\View\View.php(203): CodeIgniter\Exceptions\FrameworkException::forInvalidFile('..\\App\\Views\\Te...')
#1 C:\xampp\htdocs\msbd_tubes\system\Common.php(1217): CodeIgniter\View\View->render('..\\App\\Views\\Te...', Array, true)
#2 C:\xampp\htdocs\msbd_tubes\app\Views\template\editberita.php(1): view('..\\App\\Views\\Te...')
#3 C:\xampp\htdocs\msbd_tubes\system\View\View.php(220): include('C:\\xampp\\htdocs...')
#4 C:\xampp\htdocs\msbd_tubes\system\View\View.php(222): CodeIgniter\View\View->CodeIgniter\View\{closure}()
#5 C:\xampp\htdocs\msbd_tubes\system\Common.php(1217): CodeIgniter\View\View->render('template/editbe...', Array, true)
#6 C:\xampp\htdocs\msbd_tubes\app\Controllers\Berita.php(44): view('template/editbe...', Array)
#7 C:\xampp\htdocs\msbd_tubes\system\CodeIgniter.php(936): App\Controllers\Berita->edit('2')
#8 C:\xampp\htdocs\msbd_tubes\system\CodeIgniter.php(432): CodeIgniter\CodeIgniter->runController(Object(App\Controllers\Berita))
#9 C:\xampp\htdocs\msbd_tubes\system\CodeIgniter.php(333): CodeIgniter\CodeIgniter->handleRequest(NULL, Object(Config\Cache), false)
#10 C:\xampp\htdocs\msbd_tubes\public\index.php(44): CodeIgniter\CodeIgniter->run()
#11 C:\xampp\htdocs\msbd_tubes\system\Commands\Server\rewrite.php(45): require_once('C:\\xampp\\htdocs...')
#12 {main}
CRITICAL - 2021-06-09 23:59:46 --> Trying to access array offset on value of type null
#0 C:\xampp\htdocs\msbd_tubes\app\Views\template\editberita.php(7): CodeIgniter\Debug\Exceptions->errorHandler(8, 'Trying to acces...', 'C:\\xampp\\htdocs...', 7, Array)
#1 C:\xampp\htdocs\msbd_tubes\system\View\View.php(220): include('C:\\xampp\\htdocs...')
#2 C:\xampp\htdocs\msbd_tubes\system\View\View.php(222): CodeIgniter\View\View->CodeIgniter\View\{closure}()
#3 C:\xampp\htdocs\msbd_tubes\system\Common.php(1217): CodeIgniter\View\View->render('template/editbe...', Array, true)
#4 C:\xampp\htdocs\msbd_tubes\app\Controllers\Berita.php(44): view('template/editbe...', Array)
#5 C:\xampp\htdocs\msbd_tubes\system\CodeIgniter.php(936): App\Controllers\Berita->edit('style.css')
#6 C:\xampp\htdocs\msbd_tubes\system\CodeIgniter.php(432): CodeIgniter\CodeIgniter->runController(Object(App\Controllers\Berita))
#7 C:\xampp\htdocs\msbd_tubes\system\CodeIgniter.php(333): CodeIgniter\CodeIgniter->handleRequest(NULL, Object(Config\Cache), false)
#8 C:\xampp\htdocs\msbd_tubes\public\index.php(44): CodeIgniter\CodeIgniter->run()
#9 C:\xampp\htdocs\msbd_tubes\system\Commands\Server\rewrite.php(45): require_once('C:\\xampp\\htdocs...')
#10 {main}
