CRITICAL - 2021-05-30 21:17:52 --> Invalid file: template/.php
#0 C:\xampp\htdocs\msbd\system\View\View.php(203): CodeIgniter\Exceptions\FrameworkException::forInvalidFile('template/.php')
#1 C:\xampp\htdocs\msbd\system\Common.php(1217): CodeIgniter\View\View->render('template/', Array, true)
#2 C:\xampp\htdocs\msbd\app\Controllers\Home.php(9): view('template/')
#3 C:\xampp\htdocs\msbd\system\CodeIgniter.php(936): App\Controllers\Home->index()
#4 C:\xampp\htdocs\msbd\system\CodeIgniter.php(432): CodeIgniter\CodeIgniter->runController(Object(App\Controllers\Home))
#5 C:\xampp\htdocs\msbd\system\CodeIgniter.php(333): CodeIgniter\CodeIgniter->handleRequest(NULL, Object(Config\Cache), false)
#6 C:\xampp\htdocs\msbd\public\index.php(44): CodeIgniter\CodeIgniter->run()
#7 C:\xampp\htdocs\msbd\system\Commands\Server\rewrite.php(45): require_once('C:\\xampp\\htdocs...')
#8 {main}
CRITICAL - 2021-05-30 21:20:06 --> Invalid file: template/.php
#0 C:\xampp\htdocs\msbd\system\View\View.php(203): CodeIgniter\Exceptions\FrameworkException::forInvalidFile('template/.php')
#1 C:\xampp\htdocs\msbd\system\Common.php(1217): CodeIgniter\View\View->render('template/', Array, true)
#2 C:\xampp\htdocs\msbd\app\Controllers\Home.php(9): view('template/')
#3 C:\xampp\htdocs\msbd\system\CodeIgniter.php(936): App\Controllers\Home->index()
#4 C:\xampp\htdocs\msbd\system\CodeIgniter.php(432): CodeIgniter\CodeIgniter->runController(Object(App\Controllers\Home))
#5 C:\xampp\htdocs\msbd\system\CodeIgniter.php(333): CodeIgniter\CodeIgniter->handleRequest(NULL, Object(Config\Cache), false)
#6 C:\xampp\htdocs\msbd\public\index.php(44): CodeIgniter\CodeIgniter->run()
#7 C:\xampp\htdocs\msbd\system\Commands\Server\rewrite.php(45): require_once('C:\\xampp\\htdocs...')
#8 {main}
CRITICAL - 2021-05-30 21:20:15 --> Invalid file: template/.php
#0 C:\xampp\htdocs\msbd\system\View\View.php(203): CodeIgniter\Exceptions\FrameworkException::forInvalidFile('template/.php')
#1 C:\xampp\htdocs\msbd\system\Common.php(1217): CodeIgniter\View\View->render('template/', Array, true)
#2 C:\xampp\htdocs\msbd\app\Controllers\Home.php(9): view('template/')
#3 C:\xampp\htdocs\msbd\system\CodeIgniter.php(936): App\Controllers\Home->index()
#4 C:\xampp\htdocs\msbd\system\CodeIgniter.php(432): CodeIgniter\CodeIgniter->runController(Object(App\Controllers\Home))
#5 C:\xampp\htdocs\msbd\system\CodeIgniter.php(333): CodeIgniter\CodeIgniter->handleRequest(NULL, Object(Config\Cache), false)
#6 C:\xampp\htdocs\msbd\public\index.php(44): CodeIgniter\CodeIgniter->run()
#7 C:\xampp\htdocs\msbd\system\Commands\Server\rewrite.php(45): require_once('C:\\xampp\\htdocs...')
#8 {main}
CRITICAL - 2021-05-30 21:20:35 --> Invalid file: template/.php
#0 C:\xampp\htdocs\msbd\system\View\View.php(203): CodeIgniter\Exceptions\FrameworkException::forInvalidFile('template/.php')
#1 C:\xampp\htdocs\msbd\system\Common.php(1217): CodeIgniter\View\View->render('template/', Array, true)
#2 C:\xampp\htdocs\msbd\app\Controllers\Home.php(9): view('template/')
#3 C:\xampp\htdocs\msbd\system\CodeIgniter.php(936): App\Controllers\Home->index()
#4 C:\xampp\htdocs\msbd\system\CodeIgniter.php(432): CodeIgniter\CodeIgniter->runController(Object(App\Controllers\Home))
#5 C:\xampp\htdocs\msbd\system\CodeIgniter.php(333): CodeIgniter\CodeIgniter->handleRequest(NULL, Object(Config\Cache), false)
#6 C:\xampp\htdocs\msbd\public\index.php(44): CodeIgniter\CodeIgniter->run()
#7 C:\xampp\htdocs\msbd\system\Commands\Server\rewrite.php(45): require_once('C:\\xampp\\htdocs...')
#8 {main}
CRITICAL - 2021-05-30 21:20:36 --> Invalid file: template/.php
#0 C:\xampp\htdocs\msbd\system\View\View.php(203): CodeIgniter\Exceptions\FrameworkException::forInvalidFile('template/.php')
#1 C:\xampp\htdocs\msbd\system\Common.php(1217): CodeIgniter\View\View->render('template/', Array, true)
#2 C:\xampp\htdocs\msbd\app\Controllers\Home.php(9): view('template/')
#3 C:\xampp\htdocs\msbd\system\CodeIgniter.php(936): App\Controllers\Home->index()
#4 C:\xampp\htdocs\msbd\system\CodeIgniter.php(432): CodeIgniter\CodeIgniter->runController(Object(App\Controllers\Home))
#5 C:\xampp\htdocs\msbd\system\CodeIgniter.php(333): CodeIgniter\CodeIgniter->handleRequest(NULL, Object(Config\Cache), false)
#6 C:\xampp\htdocs\msbd\public\index.php(44): CodeIgniter\CodeIgniter->run()
#7 C:\xampp\htdocs\msbd\system\Commands\Server\rewrite.php(45): require_once('C:\\xampp\\htdocs...')
#8 {main}
CRITICAL - 2021-05-30 21:20:37 --> Invalid file: template/.php
#0 C:\xampp\htdocs\msbd\system\View\View.php(203): CodeIgniter\Exceptions\FrameworkException::forInvalidFile('template/.php')
#1 C:\xampp\htdocs\msbd\system\Common.php(1217): CodeIgniter\View\View->render('template/', Array, true)
#2 C:\xampp\htdocs\msbd\app\Controllers\Home.php(9): view('template/')
#3 C:\xampp\htdocs\msbd\system\CodeIgniter.php(936): App\Controllers\Home->index()
#4 C:\xampp\htdocs\msbd\system\CodeIgniter.php(432): CodeIgniter\CodeIgniter->runController(Object(App\Controllers\Home))
#5 C:\xampp\htdocs\msbd\system\CodeIgniter.php(333): CodeIgniter\CodeIgniter->handleRequest(NULL, Object(Config\Cache), false)
#6 C:\xampp\htdocs\msbd\public\index.php(44): CodeIgniter\CodeIgniter->run()
#7 C:\xampp\htdocs\msbd\system\Commands\Server\rewrite.php(45): require_once('C:\\xampp\\htdocs...')
#8 {main}
CRITICAL - 2021-05-30 21:20:47 --> Invalid file: template/.php
#0 C:\xampp\htdocs\msbd\system\View\View.php(203): CodeIgniter\Exceptions\FrameworkException::forInvalidFile('template/.php')
#1 C:\xampp\htdocs\msbd\system\Common.php(1217): CodeIgniter\View\View->render('template/', Array, true)
#2 C:\xampp\htdocs\msbd\app\Controllers\Home.php(9): view('template/')
#3 C:\xampp\htdocs\msbd\system\CodeIgniter.php(936): App\Controllers\Home->index()
#4 C:\xampp\htdocs\msbd\system\CodeIgniter.php(432): CodeIgniter\CodeIgniter->runController(Object(App\Controllers\Home))
#5 C:\xampp\htdocs\msbd\system\CodeIgniter.php(333): CodeIgniter\CodeIgniter->handleRequest(NULL, Object(Config\Cache), false)
#6 C:\xampp\htdocs\msbd\public\index.php(44): CodeIgniter\CodeIgniter->run()
#7 C:\xampp\htdocs\msbd\system\Commands\Server\rewrite.php(45): require_once('C:\\xampp\\htdocs...')
#8 {main}
CRITICAL - 2021-05-30 21:20:48 --> Invalid file: template/.php
#0 C:\xampp\htdocs\msbd\system\View\View.php(203): CodeIgniter\Exceptions\FrameworkException::forInvalidFile('template/.php')
#1 C:\xampp\htdocs\msbd\system\Common.php(1217): CodeIgniter\View\View->render('template/', Array, true)
#2 C:\xampp\htdocs\msbd\app\Controllers\Home.php(9): view('template/')
#3 C:\xampp\htdocs\msbd\system\CodeIgniter.php(936): App\Controllers\Home->index()
#4 C:\xampp\htdocs\msbd\system\CodeIgniter.php(432): CodeIgniter\CodeIgniter->runController(Object(App\Controllers\Home))
#5 C:\xampp\htdocs\msbd\system\CodeIgniter.php(333): CodeIgniter\CodeIgniter->handleRequest(NULL, Object(Config\Cache), false)
#6 C:\xampp\htdocs\msbd\public\index.php(44): CodeIgniter\CodeIgniter->run()
#7 C:\xampp\htdocs\msbd\system\Commands\Server\rewrite.php(45): require_once('C:\\xampp\\htdocs...')
#8 {main}
CRITICAL - 2021-05-30 21:20:48 --> Invalid file: template/.php
#0 C:\xampp\htdocs\msbd\system\View\View.php(203): CodeIgniter\Exceptions\FrameworkException::forInvalidFile('template/.php')
#1 C:\xampp\htdocs\msbd\system\Common.php(1217): CodeIgniter\View\View->render('template/', Array, true)
#2 C:\xampp\htdocs\msbd\app\Controllers\Home.php(9): view('template/')
#3 C:\xampp\htdocs\msbd\system\CodeIgniter.php(936): App\Controllers\Home->index()
#4 C:\xampp\htdocs\msbd\system\CodeIgniter.php(432): CodeIgniter\CodeIgniter->runController(Object(App\Controllers\Home))
#5 C:\xampp\htdocs\msbd\system\CodeIgniter.php(333): CodeIgniter\CodeIgniter->handleRequest(NULL, Object(Config\Cache), false)
#6 C:\xampp\htdocs\msbd\public\index.php(44): CodeIgniter\CodeIgniter->run()
#7 C:\xampp\htdocs\msbd\system\Commands\Server\rewrite.php(45): require_once('C:\\xampp\\htdocs...')
#8 {main}
CRITICAL - 2021-05-30 21:20:49 --> Invalid file: template/.php
#0 C:\xampp\htdocs\msbd\system\View\View.php(203): CodeIgniter\Exceptions\FrameworkException::forInvalidFile('template/.php')
#1 C:\xampp\htdocs\msbd\system\Common.php(1217): CodeIgniter\View\View->render('template/', Array, true)
#2 C:\xampp\htdocs\msbd\app\Controllers\Home.php(9): view('template/')
#3 C:\xampp\htdocs\msbd\system\CodeIgniter.php(936): App\Controllers\Home->index()
#4 C:\xampp\htdocs\msbd\system\CodeIgniter.php(432): CodeIgniter\CodeIgniter->runController(Object(App\Controllers\Home))
#5 C:\xampp\htdocs\msbd\system\CodeIgniter.php(333): CodeIgniter\CodeIgniter->handleRequest(NULL, Object(Config\Cache), false)
#6 C:\xampp\htdocs\msbd\public\index.php(44): CodeIgniter\CodeIgniter->run()
#7 C:\xampp\htdocs\msbd\system\Commands\Server\rewrite.php(45): require_once('C:\\xampp\\htdocs...')
#8 {main}
CRITICAL - 2021-05-30 21:21:09 --> Invalid file: template.php
#0 C:\xampp\htdocs\msbd\system\View\View.php(203): CodeIgniter\Exceptions\FrameworkException::forInvalidFile('template.php')
#1 C:\xampp\htdocs\msbd\system\Common.php(1217): CodeIgniter\View\View->render('template', Array, true)
#2 C:\xampp\htdocs\msbd\app\Controllers\Home.php(9): view('template')
#3 C:\xampp\htdocs\msbd\system\CodeIgniter.php(936): App\Controllers\Home->index()
#4 C:\xampp\htdocs\msbd\system\CodeIgniter.php(432): CodeIgniter\CodeIgniter->runController(Object(App\Controllers\Home))
#5 C:\xampp\htdocs\msbd\system\CodeIgniter.php(333): CodeIgniter\CodeIgniter->handleRequest(NULL, Object(Config\Cache), false)
#6 C:\xampp\htdocs\msbd\public\index.php(44): CodeIgniter\CodeIgniter->run()
#7 C:\xampp\htdocs\msbd\system\Commands\Server\rewrite.php(45): require_once('C:\\xampp\\htdocs...')
#8 {main}
CRITICAL - 2021-05-30 21:21:10 --> Invalid file: template.php
#0 C:\xampp\htdocs\msbd\system\View\View.php(203): CodeIgniter\Exceptions\FrameworkException::forInvalidFile('template.php')
#1 C:\xampp\htdocs\msbd\system\Common.php(1217): CodeIgniter\View\View->render('template', Array, true)
#2 C:\xampp\htdocs\msbd\app\Controllers\Home.php(9): view('template')
#3 C:\xampp\htdocs\msbd\system\CodeIgniter.php(936): App\Controllers\Home->index()
#4 C:\xampp\htdocs\msbd\system\CodeIgniter.php(432): CodeIgniter\CodeIgniter->runController(Object(App\Controllers\Home))
#5 C:\xampp\htdocs\msbd\system\CodeIgniter.php(333): CodeIgniter\CodeIgniter->handleRequest(NULL, Object(Config\Cache), false)
#6 C:\xampp\htdocs\msbd\public\index.php(44): CodeIgniter\CodeIgniter->run()
#7 C:\xampp\htdocs\msbd\system\Commands\Server\rewrite.php(45): require_once('C:\\xampp\\htdocs...')
#8 {main}
CRITICAL - 2021-05-30 21:21:53 --> Invalid file: template/.php
#0 C:\xampp\htdocs\msbd\system\View\View.php(203): CodeIgniter\Exceptions\FrameworkException::forInvalidFile('template/.php')
#1 C:\xampp\htdocs\msbd\system\Common.php(1217): CodeIgniter\View\View->render('template/', Array, true)
#2 C:\xampp\htdocs\msbd\app\Controllers\Home.php(9): view('template/')
#3 C:\xampp\htdocs\msbd\system\CodeIgniter.php(936): App\Controllers\Home->index()
#4 C:\xampp\htdocs\msbd\system\CodeIgniter.php(432): CodeIgniter\CodeIgniter->runController(Object(App\Controllers\Home))
#5 C:\xampp\htdocs\msbd\system\CodeIgniter.php(333): CodeIgniter\CodeIgniter->handleRequest(NULL, Object(Config\Cache), false)
#6 C:\xampp\htdocs\msbd\public\index.php(44): CodeIgniter\CodeIgniter->run()
#7 C:\xampp\htdocs\msbd\system\Commands\Server\rewrite.php(45): require_once('C:\\xampp\\htdocs...')
#8 {main}
CRITICAL - 2021-05-30 21:21:54 --> Invalid file: template/.php
#0 C:\xampp\htdocs\msbd\system\View\View.php(203): CodeIgniter\Exceptions\FrameworkException::forInvalidFile('template/.php')
#1 C:\xampp\htdocs\msbd\system\Common.php(1217): CodeIgniter\View\View->render('template/', Array, true)
#2 C:\xampp\htdocs\msbd\app\Controllers\Home.php(9): view('template/')
#3 C:\xampp\htdocs\msbd\system\CodeIgniter.php(936): App\Controllers\Home->index()
#4 C:\xampp\htdocs\msbd\system\CodeIgniter.php(432): CodeIgniter\CodeIgniter->runController(Object(App\Controllers\Home))
#5 C:\xampp\htdocs\msbd\system\CodeIgniter.php(333): CodeIgniter\CodeIgniter->handleRequest(NULL, Object(Config\Cache), false)
#6 C:\xampp\htdocs\msbd\public\index.php(44): CodeIgniter\CodeIgniter->run()
#7 C:\xampp\htdocs\msbd\system\Commands\Server\rewrite.php(45): require_once('C:\\xampp\\htdocs...')
#8 {main}
CRITICAL - 2021-05-30 21:21:55 --> Invalid file: template/.php
#0 C:\xampp\htdocs\msbd\system\View\View.php(203): CodeIgniter\Exceptions\FrameworkException::forInvalidFile('template/.php')
#1 C:\xampp\htdocs\msbd\system\Common.php(1217): CodeIgniter\View\View->render('template/', Array, true)
#2 C:\xampp\htdocs\msbd\app\Controllers\Home.php(9): view('template/')
#3 C:\xampp\htdocs\msbd\system\CodeIgniter.php(936): App\Controllers\Home->index()
#4 C:\xampp\htdocs\msbd\system\CodeIgniter.php(432): CodeIgniter\CodeIgniter->runController(Object(App\Controllers\Home))
#5 C:\xampp\htdocs\msbd\system\CodeIgniter.php(333): CodeIgniter\CodeIgniter->handleRequest(NULL, Object(Config\Cache), false)
#6 C:\xampp\htdocs\msbd\public\index.php(44): CodeIgniter\CodeIgniter->run()
#7 C:\xampp\htdocs\msbd\system\Commands\Server\rewrite.php(45): require_once('C:\\xampp\\htdocs...')
#8 {main}
CRITICAL - 2021-05-30 21:21:55 --> Invalid file: template/.php
#0 C:\xampp\htdocs\msbd\system\View\View.php(203): CodeIgniter\Exceptions\FrameworkException::forInvalidFile('template/.php')
#1 C:\xampp\htdocs\msbd\system\Common.php(1217): CodeIgniter\View\View->render('template/', Array, true)
#2 C:\xampp\htdocs\msbd\app\Controllers\Home.php(9): view('template/')
#3 C:\xampp\htdocs\msbd\system\CodeIgniter.php(936): App\Controllers\Home->index()
#4 C:\xampp\htdocs\msbd\system\CodeIgniter.php(432): CodeIgniter\CodeIgniter->runController(Object(App\Controllers\Home))
#5 C:\xampp\htdocs\msbd\system\CodeIgniter.php(333): CodeIgniter\CodeIgniter->handleRequest(NULL, Object(Config\Cache), false)
#6 C:\xampp\htdocs\msbd\public\index.php(44): CodeIgniter\CodeIgniter->run()
#7 C:\xampp\htdocs\msbd\system\Commands\Server\rewrite.php(45): require_once('C:\\xampp\\htdocs...')
#8 {main}
CRITICAL - 2021-05-30 21:21:56 --> Invalid file: template/.php
#0 C:\xampp\htdocs\msbd\system\View\View.php(203): CodeIgniter\Exceptions\FrameworkException::forInvalidFile('template/.php')
#1 C:\xampp\htdocs\msbd\system\Common.php(1217): CodeIgniter\View\View->render('template/', Array, true)
#2 C:\xampp\htdocs\msbd\app\Controllers\Home.php(9): view('template/')
#3 C:\xampp\htdocs\msbd\system\CodeIgniter.php(936): App\Controllers\Home->index()
#4 C:\xampp\htdocs\msbd\system\CodeIgniter.php(432): CodeIgniter\CodeIgniter->runController(Object(App\Controllers\Home))
#5 C:\xampp\htdocs\msbd\system\CodeIgniter.php(333): CodeIgniter\CodeIgniter->handleRequest(NULL, Object(Config\Cache), false)
#6 C:\xampp\htdocs\msbd\public\index.php(44): CodeIgniter\CodeIgniter->run()
#7 C:\xampp\htdocs\msbd\system\Commands\Server\rewrite.php(45): require_once('C:\\xampp\\htdocs...')
#8 {main}
CRITICAL - 2021-05-30 21:21:56 --> Invalid file: template/.php
#0 C:\xampp\htdocs\msbd\system\View\View.php(203): CodeIgniter\Exceptions\FrameworkException::forInvalidFile('template/.php')
#1 C:\xampp\htdocs\msbd\system\Common.php(1217): CodeIgniter\View\View->render('template/', Array, true)
#2 C:\xampp\htdocs\msbd\app\Controllers\Home.php(9): view('template/')
#3 C:\xampp\htdocs\msbd\system\CodeIgniter.php(936): App\Controllers\Home->index()
#4 C:\xampp\htdocs\msbd\system\CodeIgniter.php(432): CodeIgniter\CodeIgniter->runController(Object(App\Controllers\Home))
#5 C:\xampp\htdocs\msbd\system\CodeIgniter.php(333): CodeIgniter\CodeIgniter->handleRequest(NULL, Object(Config\Cache), false)
#6 C:\xampp\htdocs\msbd\public\index.php(44): CodeIgniter\CodeIgniter->run()
#7 C:\xampp\htdocs\msbd\system\Commands\Server\rewrite.php(45): require_once('C:\\xampp\\htdocs...')
#8 {main}
CRITICAL - 2021-05-30 21:22:10 --> Invalid file: template/.php
#0 C:\xampp\htdocs\msbd\system\View\View.php(203): CodeIgniter\Exceptions\FrameworkException::forInvalidFile('template/.php')
#1 C:\xampp\htdocs\msbd\system\Common.php(1217): CodeIgniter\View\View->render('template/', Array, true)
#2 C:\xampp\htdocs\msbd\app\Controllers\Home.php(9): view('template/')
#3 C:\xampp\htdocs\msbd\system\CodeIgniter.php(936): App\Controllers\Home->index()
#4 C:\xampp\htdocs\msbd\system\CodeIgniter.php(432): CodeIgniter\CodeIgniter->runController(Object(App\Controllers\Home))
#5 C:\xampp\htdocs\msbd\system\CodeIgniter.php(333): CodeIgniter\CodeIgniter->handleRequest(NULL, Object(Config\Cache), false)
#6 C:\xampp\htdocs\msbd\public\index.php(44): CodeIgniter\CodeIgniter->run()
#7 C:\xampp\htdocs\msbd\system\Commands\Server\rewrite.php(45): require_once('C:\\xampp\\htdocs...')
#8 {main}
CRITICAL - 2021-05-30 21:22:11 --> Invalid file: template/.php
#0 C:\xampp\htdocs\msbd\system\View\View.php(203): CodeIgniter\Exceptions\FrameworkException::forInvalidFile('template/.php')
#1 C:\xampp\htdocs\msbd\system\Common.php(1217): CodeIgniter\View\View->render('template/', Array, true)
#2 C:\xampp\htdocs\msbd\app\Controllers\Home.php(9): view('template/')
#3 C:\xampp\htdocs\msbd\system\CodeIgniter.php(936): App\Controllers\Home->index()
#4 C:\xampp\htdocs\msbd\system\CodeIgniter.php(432): CodeIgniter\CodeIgniter->runController(Object(App\Controllers\Home))
#5 C:\xampp\htdocs\msbd\system\CodeIgniter.php(333): CodeIgniter\CodeIgniter->handleRequest(NULL, Object(Config\Cache), false)
#6 C:\xampp\htdocs\msbd\public\index.php(44): CodeIgniter\CodeIgniter->run()
#7 C:\xampp\htdocs\msbd\system\Commands\Server\rewrite.php(45): require_once('C:\\xampp\\htdocs...')
#8 {main}
CRITICAL - 2021-05-30 21:22:11 --> Invalid file: template/.php
#0 C:\xampp\htdocs\msbd\system\View\View.php(203): CodeIgniter\Exceptions\FrameworkException::forInvalidFile('template/.php')
#1 C:\xampp\htdocs\msbd\system\Common.php(1217): CodeIgniter\View\View->render('template/', Array, true)
#2 C:\xampp\htdocs\msbd\app\Controllers\Home.php(9): view('template/')
#3 C:\xampp\htdocs\msbd\system\CodeIgniter.php(936): App\Controllers\Home->index()
#4 C:\xampp\htdocs\msbd\system\CodeIgniter.php(432): CodeIgniter\CodeIgniter->runController(Object(App\Controllers\Home))
#5 C:\xampp\htdocs\msbd\system\CodeIgniter.php(333): CodeIgniter\CodeIgniter->handleRequest(NULL, Object(Config\Cache), false)
#6 C:\xampp\htdocs\msbd\public\index.php(44): CodeIgniter\CodeIgniter->run()
#7 C:\xampp\htdocs\msbd\system\Commands\Server\rewrite.php(45): require_once('C:\\xampp\\htdocs...')
#8 {main}
CRITICAL - 2021-05-30 21:22:18 --> Invalid file: template/.php
#0 C:\xampp\htdocs\msbd\system\View\View.php(203): CodeIgniter\Exceptions\FrameworkException::forInvalidFile('template/.php')
#1 C:\xampp\htdocs\msbd\system\Common.php(1217): CodeIgniter\View\View->render('template/', Array, true)
#2 C:\xampp\htdocs\msbd\app\Controllers\Home.php(9): view('template/')
#3 C:\xampp\htdocs\msbd\system\CodeIgniter.php(936): App\Controllers\Home->index()
#4 C:\xampp\htdocs\msbd\system\CodeIgniter.php(432): CodeIgniter\CodeIgniter->runController(Object(App\Controllers\Home))
#5 C:\xampp\htdocs\msbd\system\CodeIgniter.php(333): CodeIgniter\CodeIgniter->handleRequest(NULL, Object(Config\Cache), false)
#6 C:\xampp\htdocs\msbd\public\index.php(44): CodeIgniter\CodeIgniter->run()
#7 C:\xampp\htdocs\msbd\system\Commands\Server\rewrite.php(45): require_once('C:\\xampp\\htdocs...')
#8 {main}
CRITICAL - 2021-05-30 21:22:19 --> Invalid file: template/.php
#0 C:\xampp\htdocs\msbd\system\View\View.php(203): CodeIgniter\Exceptions\FrameworkException::forInvalidFile('template/.php')
#1 C:\xampp\htdocs\msbd\system\Common.php(1217): CodeIgniter\View\View->render('template/', Array, true)
#2 C:\xampp\htdocs\msbd\app\Controllers\Home.php(9): view('template/')
#3 C:\xampp\htdocs\msbd\system\CodeIgniter.php(936): App\Controllers\Home->index()
#4 C:\xampp\htdocs\msbd\system\CodeIgniter.php(432): CodeIgniter\CodeIgniter->runController(Object(App\Controllers\Home))
#5 C:\xampp\htdocs\msbd\system\CodeIgniter.php(333): CodeIgniter\CodeIgniter->handleRequest(NULL, Object(Config\Cache), false)
#6 C:\xampp\htdocs\msbd\public\index.php(44): CodeIgniter\CodeIgniter->run()
#7 C:\xampp\htdocs\msbd\system\Commands\Server\rewrite.php(45): require_once('C:\\xampp\\htdocs...')
#8 {main}
CRITICAL - 2021-05-30 21:22:19 --> Invalid file: template/.php
#0 C:\xampp\htdocs\msbd\system\View\View.php(203): CodeIgniter\Exceptions\FrameworkException::forInvalidFile('template/.php')
#1 C:\xampp\htdocs\msbd\system\Common.php(1217): CodeIgniter\View\View->render('template/', Array, true)
#2 C:\xampp\htdocs\msbd\app\Controllers\Home.php(9): view('template/')
#3 C:\xampp\htdocs\msbd\system\CodeIgniter.php(936): App\Controllers\Home->index()
#4 C:\xampp\htdocs\msbd\system\CodeIgniter.php(432): CodeIgniter\CodeIgniter->runController(Object(App\Controllers\Home))
#5 C:\xampp\htdocs\msbd\system\CodeIgniter.php(333): CodeIgniter\CodeIgniter->handleRequest(NULL, Object(Config\Cache), false)
#6 C:\xampp\htdocs\msbd\public\index.php(44): CodeIgniter\CodeIgniter->run()
#7 C:\xampp\htdocs\msbd\system\Commands\Server\rewrite.php(45): require_once('C:\\xampp\\htdocs...')
#8 {main}
CRITICAL - 2021-05-30 21:22:19 --> Invalid file: template/.php
#0 C:\xampp\htdocs\msbd\system\View\View.php(203): CodeIgniter\Exceptions\FrameworkException::forInvalidFile('template/.php')
#1 C:\xampp\htdocs\msbd\system\Common.php(1217): CodeIgniter\View\View->render('template/', Array, true)
#2 C:\xampp\htdocs\msbd\app\Controllers\Home.php(9): view('template/')
#3 C:\xampp\htdocs\msbd\system\CodeIgniter.php(936): App\Controllers\Home->index()
#4 C:\xampp\htdocs\msbd\system\CodeIgniter.php(432): CodeIgniter\CodeIgniter->runController(Object(App\Controllers\Home))
#5 C:\xampp\htdocs\msbd\system\CodeIgniter.php(333): CodeIgniter\CodeIgniter->handleRequest(NULL, Object(Config\Cache), false)
#6 C:\xampp\htdocs\msbd\public\index.php(44): CodeIgniter\CodeIgniter->run()
#7 C:\xampp\htdocs\msbd\system\Commands\Server\rewrite.php(45): require_once('C:\\xampp\\htdocs...')
#8 {main}
CRITICAL - 2021-05-30 21:22:19 --> Invalid file: template/.php
#0 C:\xampp\htdocs\msbd\system\View\View.php(203): CodeIgniter\Exceptions\FrameworkException::forInvalidFile('template/.php')
#1 C:\xampp\htdocs\msbd\system\Common.php(1217): CodeIgniter\View\View->render('template/', Array, true)
#2 C:\xampp\htdocs\msbd\app\Controllers\Home.php(9): view('template/')
#3 C:\xampp\htdocs\msbd\system\CodeIgniter.php(936): App\Controllers\Home->index()
#4 C:\xampp\htdocs\msbd\system\CodeIgniter.php(432): CodeIgniter\CodeIgniter->runController(Object(App\Controllers\Home))
#5 C:\xampp\htdocs\msbd\system\CodeIgniter.php(333): CodeIgniter\CodeIgniter->handleRequest(NULL, Object(Config\Cache), false)
#6 C:\xampp\htdocs\msbd\public\index.php(44): CodeIgniter\CodeIgniter->run()
#7 C:\xampp\htdocs\msbd\system\Commands\Server\rewrite.php(45): require_once('C:\\xampp\\htdocs...')
#8 {main}
CRITICAL - 2021-05-30 21:22:20 --> Invalid file: template/.php
#0 C:\xampp\htdocs\msbd\system\View\View.php(203): CodeIgniter\Exceptions\FrameworkException::forInvalidFile('template/.php')
#1 C:\xampp\htdocs\msbd\system\Common.php(1217): CodeIgniter\View\View->render('template/', Array, true)
#2 C:\xampp\htdocs\msbd\app\Controllers\Home.php(9): view('template/')
#3 C:\xampp\htdocs\msbd\system\CodeIgniter.php(936): App\Controllers\Home->index()
#4 C:\xampp\htdocs\msbd\system\CodeIgniter.php(432): CodeIgniter\CodeIgniter->runController(Object(App\Controllers\Home))
#5 C:\xampp\htdocs\msbd\system\CodeIgniter.php(333): CodeIgniter\CodeIgniter->handleRequest(NULL, Object(Config\Cache), false)
#6 C:\xampp\htdocs\msbd\public\index.php(44): CodeIgniter\CodeIgniter->run()
#7 C:\xampp\htdocs\msbd\system\Commands\Server\rewrite.php(45): require_once('C:\\xampp\\htdocs...')
#8 {main}
CRITICAL - 2021-05-30 21:22:20 --> Invalid file: template/.php
#0 C:\xampp\htdocs\msbd\system\View\View.php(203): CodeIgniter\Exceptions\FrameworkException::forInvalidFile('template/.php')
#1 C:\xampp\htdocs\msbd\system\Common.php(1217): CodeIgniter\View\View->render('template/', Array, true)
#2 C:\xampp\htdocs\msbd\app\Controllers\Home.php(9): view('template/')
#3 C:\xampp\htdocs\msbd\system\CodeIgniter.php(936): App\Controllers\Home->index()
#4 C:\xampp\htdocs\msbd\system\CodeIgniter.php(432): CodeIgniter\CodeIgniter->runController(Object(App\Controllers\Home))
#5 C:\xampp\htdocs\msbd\system\CodeIgniter.php(333): CodeIgniter\CodeIgniter->handleRequest(NULL, Object(Config\Cache), false)
#6 C:\xampp\htdocs\msbd\public\index.php(44): CodeIgniter\CodeIgniter->run()
#7 C:\xampp\htdocs\msbd\system\Commands\Server\rewrite.php(45): require_once('C:\\xampp\\htdocs...')
#8 {main}
CRITICAL - 2021-05-30 21:22:31 --> Invalid file: template/.php
#0 C:\xampp\htdocs\msbd\system\View\View.php(203): CodeIgniter\Exceptions\FrameworkException::forInvalidFile('template/.php')
#1 C:\xampp\htdocs\msbd\system\Common.php(1217): CodeIgniter\View\View->render('template/', Array, true)
#2 C:\xampp\htdocs\msbd\app\Controllers\Home.php(9): view('template/')
#3 C:\xampp\htdocs\msbd\system\CodeIgniter.php(936): App\Controllers\Home->index()
#4 C:\xampp\htdocs\msbd\system\CodeIgniter.php(432): CodeIgniter\CodeIgniter->runController(Object(App\Controllers\Home))
#5 C:\xampp\htdocs\msbd\system\CodeIgniter.php(333): CodeIgniter\CodeIgniter->handleRequest(NULL, Object(Config\Cache), false)
#6 C:\xampp\htdocs\msbd\public\index.php(44): CodeIgniter\CodeIgniter->run()
#7 C:\xampp\htdocs\msbd\system\Commands\Server\rewrite.php(45): require_once('C:\\xampp\\htdocs...')
#8 {main}
CRITICAL - 2021-05-30 22:15:09 --> Invalid file: template/register.php
#0 C:\xampp\htdocs\msbd\system\View\View.php(203): CodeIgniter\Exceptions\FrameworkException::forInvalidFile('template/regist...')
#1 C:\xampp\htdocs\msbd\system\Common.php(1217): CodeIgniter\View\View->render('template/regist...', Array, true)
#2 C:\xampp\htdocs\msbd\app\Controllers\Account.php(9): view('template/regist...')
#3 C:\xampp\htdocs\msbd\system\CodeIgniter.php(936): App\Controllers\Account->register()
#4 C:\xampp\htdocs\msbd\system\CodeIgniter.php(432): CodeIgniter\CodeIgniter->runController(Object(App\Controllers\Account))
#5 C:\xampp\htdocs\msbd\system\CodeIgniter.php(333): CodeIgniter\CodeIgniter->handleRequest(NULL, Object(Config\Cache), false)
#6 C:\xampp\htdocs\msbd\public\index.php(44): CodeIgniter\CodeIgniter->run()
#7 C:\xampp\htdocs\msbd\system\Commands\Server\rewrite.php(45): require_once('C:\\xampp\\htdocs...')
#8 {main}
CRITICAL - 2021-05-30 22:15:57 --> Invalid file: template/register.php
#0 C:\xampp\htdocs\msbd\system\View\View.php(203): CodeIgniter\Exceptions\FrameworkException::forInvalidFile('template/regist...')
#1 C:\xampp\htdocs\msbd\system\Common.php(1217): CodeIgniter\View\View->render('template/regist...', Array, true)
#2 C:\xampp\htdocs\msbd\app\Controllers\Account.php(9): view('template/regist...')
#3 C:\xampp\htdocs\msbd\system\CodeIgniter.php(936): App\Controllers\Account->register()
#4 C:\xampp\htdocs\msbd\system\CodeIgniter.php(432): CodeIgniter\CodeIgniter->runController(Object(App\Controllers\Account))
#5 C:\xampp\htdocs\msbd\system\CodeIgniter.php(333): CodeIgniter\CodeIgniter->handleRequest(NULL, Object(Config\Cache), false)
#6 C:\xampp\htdocs\msbd\public\index.php(44): CodeIgniter\CodeIgniter->run()
#7 C:\xampp\htdocs\msbd\system\Commands\Server\rewrite.php(45): require_once('C:\\xampp\\htdocs...')
#8 {main}
CRITICAL - 2021-05-30 22:16:19 --> Invalid file: template/register.php
#0 C:\xampp\htdocs\msbd\system\View\View.php(203): CodeIgniter\Exceptions\FrameworkException::forInvalidFile('template/regist...')
#1 C:\xampp\htdocs\msbd\system\Common.php(1217): CodeIgniter\View\View->render('template/regist...', Array, true)
#2 C:\xampp\htdocs\msbd\app\Controllers\Account.php(9): view('template/regist...')
#3 C:\xampp\htdocs\msbd\system\CodeIgniter.php(936): App\Controllers\Account->register()
#4 C:\xampp\htdocs\msbd\system\CodeIgniter.php(432): CodeIgniter\CodeIgniter->runController(Object(App\Controllers\Account))
#5 C:\xampp\htdocs\msbd\system\CodeIgniter.php(333): CodeIgniter\CodeIgniter->handleRequest(NULL, Object(Config\Cache), false)
#6 C:\xampp\htdocs\msbd\public\index.php(44): CodeIgniter\CodeIgniter->run()
#7 C:\xampp\htdocs\msbd\system\Commands\Server\rewrite.php(45): require_once('C:\\xampp\\htdocs...')
#8 {main}
